../../tsp -generate_random 500 -tsp_opt 0 -seed 19 


available parameters (vers. 21-Apr-2024) --------------------------------------------------
-file <input_file> NULL
-time_limit <timelimit> 100000000000000000000.000000
-generate_random <nnodes> 500
-seed <random_seed> 19

ALGORITHMS:
-greedy <starting_mode> -1 <grasp_mode> -1
-extra_mileage <starting_mode> -1
-two_opt
-VNS <kick_neighborhood> -1
-SA <iterations> -1
-tabu_search <tenure_mode> -1 <aspiration> -1
-genetic_algorithm <repair_mode> -1 <cutting_type> -1
-tsp_opt <model_type> 0
-hard_fixing <probability> -1.000000
-local_branching <branching_constraint> -1

enter -help or --help for help
----------------------------------------------------------------------------------------------


_________________________________________________________
Greedy Heuristic:

 [Greedy Heuristic] The best starting position is node 114 

_________________________________________________________
Benders loop:


ITERATION: 1	LB: 160237.166667	UB: 176386.000000	||| 10.078082% gap

ITERATION: 2	LB: 165901.941614	UB: 172119.000000	||| 3.747430% gap

ITERATION: 3	LB: 166899.446079	UB: 170152.000000	||| 1.948810% gap

ITERATION: 4	LB: 167224.343459	UB: 168754.000000	||| 0.914733% gap

ITERATION: 5	LB: 167444.268939	UB: 168754.000000	||| 0.782189% gap

ITERATION: 6	LB: 167651.954959	UB: 168734.000000	||| 0.645412% gap

ITERATION: 7	LB: 167664.013852	UB: 168734.000000	||| 0.638173% gap

ITERATION: 8	LB: 167714.137313	UB: 168734.000000	||| 0.608096% gap

ITERATION: 9	LB: 167721.307477	UB: 168734.000000	||| 0.603795% gap

ITERATION: 10	LB: 167760.204918	UB: 168734.000000	||| 0.580468% gap

ITERATION: 11	LB: 167766.167516	UB: 168734.000000	||| 0.576894% gap

ITERATION: 12	LB: 167766.167516	UB: 168734.000000	||| 0.576894% gap

ITERATION: 13	LB: 167766.167516	UB: 168734.000000	||| 0.576894% gap

ITERATION: 14	LB: 167845.347884	UB: 168734.000000	||| 0.529447% gap

ITERATION: 15	LB: 167851.176190	UB: 168396.000000	||| 0.324587% gap

ITERATION: 16	LB: 167851.176190	UB: 168396.000000	||| 0.324587% gap

ITERATION: 17	LB: 168306.000000	UB: 168306.000000	||| Solution is Optimal

 	best_val is 168306.000000

----------------------------------------------------------------------------------------------
Took 366.463023 seconds 

	It is a tour!
