../../tsp -generate_random 500 -tsp_opt 0 -seed 7 


available parameters (vers. 21-Apr-2024) --------------------------------------------------
-file <input_file> NULL
-time_limit <timelimit> 100000000000000000000.000000
-generate_random <nnodes> 500
-seed <random_seed> 7

ALGORITHMS:
-greedy <starting_mode> -1 <grasp_mode> -1
-extra_mileage <starting_mode> -1
-two_opt
-VNS <kick_neighborhood> -1
-SA <iterations> -1
-tabu_search <tenure_mode> -1 <aspiration> -1
-genetic_algorithm <repair_mode> -1 <cutting_type> -1
-tsp_opt <model_type> 0
-hard_fixing <probability> -1.000000
-local_branching <branching_constraint> -1

enter -help or --help for help
----------------------------------------------------------------------------------------------


_________________________________________________________
Greedy Heuristic:

 [Greedy Heuristic] The best starting position is node 137 

_________________________________________________________
Benders loop:


ITERATION: 1	LB: 161928.500000	UB: 175556.000000	||| 8.415751% gap

ITERATION: 2	LB: 167440.000000	UB: 172147.000000	||| 2.811156% gap

ITERATION: 3	LB: 168779.000000	UB: 172147.000000	||| 1.995509% gap

ITERATION: 4	LB: 169146.000000	UB: 169978.000000	||| 0.491883% gap

ITERATION: 5	LB: 169334.000000	UB: 169978.000000	||| 0.380313% gap

ITERATION: 6	LB: 169382.530769	UB: 169978.000000	||| 0.351553% gap

ITERATION: 7	LB: 169421.000000	UB: 169750.000000	||| 0.194191% gap

ITERATION: 8	LB: 169466.633333	UB: 169750.000000	||| 0.167211% gap

ITERATION: 9	LB: 169503.050379	UB: 169750.000000	||| 0.145690% gap

ITERATION: 10	LB: 169503.050379	UB: 169750.000000	||| 0.145690% gap

ITERATION: 11	LB: 169506.166667	UB: 169750.000000	||| 0.143849% gap

ITERATION: 12	LB: 169506.166667	UB: 169750.000000	||| 0.143849% gap

ITERATION: 13	LB: 169506.166667	UB: 169750.000000	||| 0.143849% gap

ITERATION: 14	LB: 169557.000000	UB: 169557.000000	||| Solution is Optimal

 	best_val is 169557.000000

----------------------------------------------------------------------------------------------
Took 206.993683 seconds 

	It is a tour!
