../../tsp -generate_random 500 -tsp_opt 0 -seed 11 


available parameters (vers. 21-Apr-2024) --------------------------------------------------
-file <input_file> NULL
-time_limit <timelimit> 100000000000000000000.000000
-generate_random <nnodes> 500
-seed <random_seed> 11

ALGORITHMS:
-greedy <starting_mode> -1 <grasp_mode> -1
-extra_mileage <starting_mode> -1
-two_opt
-VNS <kick_neighborhood> -1
-SA <iterations> -1
-tabu_search <tenure_mode> -1 <aspiration> -1
-genetic_algorithm <repair_mode> -1 <cutting_type> -1
-tsp_opt <model_type> 0
-hard_fixing <probability> -1.000000
-local_branching <branching_constraint> -1

enter -help or --help for help
----------------------------------------------------------------------------------------------


_________________________________________________________
Greedy Heuristic:

 [Greedy Heuristic] The best starting position is node 363 

_________________________________________________________
Benders loop:


ITERATION: 1	LB: 160220.500000	UB: 173785.000000	||| 8.466145% gap

ITERATION: 2	LB: 163863.500000	UB: 168422.000000	||| 2.781889% gap

ITERATION: 3	LB: 165110.000000	UB: 168422.000000	||| 2.005935% gap

ITERATION: 4	LB: 165310.200000	UB: 165608.000000	||| 0.180146% gap

ITERATION: 5	LB: 165380.655901	UB: 165608.000000	||| 0.137467% gap

ITERATION: 6	LB: 165380.655901	UB: 165608.000000	||| 0.137467% gap

ITERATION: 7	LB: 165407.136730	UB: 165608.000000	||| 0.121436% gap

ITERATION: 8	LB: 165455.500000	UB: 165608.000000	||| 0.092170% gap

ITERATION: 9	LB: 165457.900000	UB: 165608.000000	||| 0.090718% gap

ITERATION: 10	LB: 165457.900000	UB: 165608.000000	||| 0.090718% gap

ITERATION: 11	LB: 165457.900000	UB: 165608.000000	||| 0.090718% gap

ITERATION: 12	LB: 165457.900000	UB: 165608.000000	||| 0.090718% gap

ITERATION: 13	LB: 165457.900000	UB: 165608.000000	||| 0.090718% gap

ITERATION: 14	LB: 165457.900000	UB: 165608.000000	||| 0.090718% gap

ITERATION: 15	LB: 165481.333333	UB: 165608.000000	||| 0.076544% gap

ITERATION: 16	LB: 165481.333333	UB: 165608.000000	||| 0.076544% gap

ITERATION: 17	LB: 165481.333333	UB: 165608.000000	||| 0.076544% gap

ITERATION: 18	LB: 165481.333333	UB: 165608.000000	||| 0.076544% gap

ITERATION: 19	LB: 165522.000000	UB: 165522.000000	||| Solution is Optimal

 	best_val is 165522.000000

----------------------------------------------------------------------------------------------
Took 300.295969 seconds 

	It is a tour!
