../../tsp -generate_random 500 -tsp_opt 0 -seed 17 


available parameters (vers. 21-Apr-2024) --------------------------------------------------
-file <input_file> NULL
-time_limit <timelimit> 100000000000000000000.000000
-generate_random <nnodes> 500
-seed <random_seed> 17

ALGORITHMS:
-greedy <starting_mode> -1 <grasp_mode> -1
-extra_mileage <starting_mode> -1
-two_opt
-VNS <kick_neighborhood> -1
-SA <iterations> -1
-tabu_search <tenure_mode> -1 <aspiration> -1
-genetic_algorithm <repair_mode> -1 <cutting_type> -1
-tsp_opt <model_type> 0
-hard_fixing <probability> -1.000000
-local_branching <branching_constraint> -1

enter -help or --help for help
----------------------------------------------------------------------------------------------


_________________________________________________________
Greedy Heuristic:

 [Greedy Heuristic] The best starting position is node 314 

_________________________________________________________
Benders loop:


ITERATION: 1	LB: 159504.500000	UB: 170019.000000	||| 6.591977% gap

ITERATION: 2	LB: 163371.694444	UB: 169363.000000	||| 3.667285% gap

ITERATION: 3	LB: 164360.263158	UB: 166731.000000	||| 1.442403% gap

ITERATION: 4	LB: 164810.618717	UB: 165678.000000	||| 0.526290% gap

ITERATION: 5	LB: 164866.735934	UB: 165678.000000	||| 0.492073% gap

ITERATION: 6	LB: 164866.735934	UB: 165678.000000	||| 0.492073% gap

ITERATION: 7	LB: 164919.886199	UB: 165678.000000	||| 0.459686% gap

ITERATION: 8	LB: 164985.287500	UB: 165678.000000	||| 0.419863% gap

ITERATION: 9	LB: 164985.863458	UB: 165678.000000	||| 0.419513% gap

ITERATION: 10	LB: 164985.863458	UB: 165480.000000	||| 0.299502% gap

ITERATION: 11	LB: 164985.863458	UB: 165480.000000	||| 0.299502% gap

ITERATION: 12	LB: 165074.277195	UB: 165480.000000	||| 0.245782% gap

ITERATION: 13	LB: 165074.277195	UB: 165480.000000	||| 0.245782% gap

ITERATION: 14	LB: 165074.277195	UB: 165381.000000	||| 0.185809% gap

ITERATION: 15	LB: 165074.277195	UB: 165381.000000	||| 0.185809% gap

ITERATION: 16	LB: 165337.000000	UB: 165337.000000	||| Solution is Optimal

 	best_val is 165337.000000

----------------------------------------------------------------------------------------------
Took 310.243980 seconds 

	It is a tour!
