../../tsp -generate_random 500 -tsp_opt 0 -seed 0 


available parameters (vers. 21-Apr-2024) --------------------------------------------------
-file <input_file> NULL
-time_limit <timelimit> 100000000000000000000.000000
-generate_random <nnodes> 500
-seed <random_seed> 0

ALGORITHMS:
-greedy <starting_mode> -1 <grasp_mode> -1
-extra_mileage <starting_mode> -1
-two_opt
-VNS <kick_neighborhood> -1
-SA <iterations> -1
-tabu_search <tenure_mode> -1 <aspiration> -1
-genetic_algorithm <repair_mode> -1 <cutting_type> -1
-tsp_opt <model_type> 0
-hard_fixing <probability> -1.000000
-local_branching <branching_constraint> -1

enter -help or --help for help
----------------------------------------------------------------------------------------------


_________________________________________________________
Greedy Heuristic:

 [Greedy Heuristic] The best starting position is node 424 

_________________________________________________________
Benders loop:


ITERATION: 1	LB: 163265.000000	UB: 174819.000000	||| 7.076838% gap

ITERATION: 2	LB: 166549.500000	UB: 171098.000000	||| 2.731020% gap

ITERATION: 3	LB: 167611.166667	UB: 169285.000000	||| 0.998641% gap

ITERATION: 4	LB: 167873.000000	UB: 169285.000000	||| 0.841112% gap

ITERATION: 5	LB: 168157.909091	UB: 169285.000000	||| 0.670257% gap

ITERATION: 6	LB: 168348.571429	UB: 169285.000000	||| 0.556244% gap

ITERATION: 7	LB: 168424.936275	UB: 169218.000000	||| 0.470871% gap

ITERATION: 8	LB: 168424.936275	UB: 169218.000000	||| 0.470871% gap

ITERATION: 9	LB: 168424.936275	UB: 169167.000000	||| 0.440590% gap

ITERATION: 10	LB: 168424.936275	UB: 168690.000000	||| 0.157378% gap

ITERATION: 11	LB: 168424.936275	UB: 168690.000000	||| 0.157378% gap

ITERATION: 12	LB: 168572.000000	UB: 168572.000000	||| Solution is Optimal

 	best_val is 168572.000000

----------------------------------------------------------------------------------------------
Took 216.631235 seconds 

	It is a tour!
