../../tsp -generate_random 500 -tsp_opt 0 -seed 1 


available parameters (vers. 21-Apr-2024) --------------------------------------------------
-file <input_file> NULL
-time_limit <timelimit> 100000000000000000000.000000
-generate_random <nnodes> 500
-seed <random_seed> 1

ALGORITHMS:
-greedy <starting_mode> -1 <grasp_mode> -1
-extra_mileage <starting_mode> -1
-two_opt
-VNS <kick_neighborhood> -1
-SA <iterations> -1
-tabu_search <tenure_mode> -1 <aspiration> -1
-genetic_algorithm <repair_mode> -1 <cutting_type> -1
-tsp_opt <model_type> 0
-hard_fixing <probability> -1.000000
-local_branching <branching_constraint> -1

enter -help or --help for help
----------------------------------------------------------------------------------------------


_________________________________________________________
Greedy Heuristic:

 [Greedy Heuristic] The best starting position is node 22 

_________________________________________________________
Benders loop:


ITERATION: 1	LB: 161885.500000	UB: 175721.000000	||| 8.546473% gap

ITERATION: 2	LB: 166641.000000	UB: 171749.000000	||| 3.065272% gap

ITERATION: 3	LB: 167421.554274	UB: 171226.000000	||| 2.272375% gap

ITERATION: 4	LB: 167725.750000	UB: 170338.000000	||| 1.557453% gap

ITERATION: 5	LB: 167963.357143	UB: 169252.000000	||| 0.767217% gap

ITERATION: 6	LB: 168006.500000	UB: 169252.000000	||| 0.741340% gap

ITERATION: 7	LB: 168040.028571	UB: 168599.000000	||| 0.332642% gap

ITERATION: 8	LB: 168114.334827	UB: 168599.000000	||| 0.288295% gap

ITERATION: 9	LB: 168114.334827	UB: 168599.000000	||| 0.288295% gap

ITERATION: 10	LB: 168114.334827	UB: 168599.000000	||| 0.288295% gap

ITERATION: 11	LB: 168114.334827	UB: 168540.000000	||| 0.253200% gap

ITERATION: 12	LB: 168114.334827	UB: 168540.000000	||| 0.253200% gap

ITERATION: 13	LB: 168114.334827	UB: 168540.000000	||| 0.253200% gap

ITERATION: 14	LB: 168127.790741	UB: 168540.000000	||| 0.245176% gap

ITERATION: 15	LB: 168127.790741	UB: 168540.000000	||| 0.245176% gap

ITERATION: 16	LB: 168127.790741	UB: 168540.000000	||| 0.245176% gap

ITERATION: 17	LB: 168452.000000	UB: 168452.000000	||| Solution is Optimal

 	best_val is 168452.000000

----------------------------------------------------------------------------------------------
Took 302.044835 seconds 

	It is a tour!
