../../tsp -generate_random 500 -tsp_opt 0 -seed 12 


available parameters (vers. 21-Apr-2024) --------------------------------------------------
-file <input_file> NULL
-time_limit <timelimit> 100000000000000000000.000000
-generate_random <nnodes> 500
-seed <random_seed> 12

ALGORITHMS:
-greedy <starting_mode> -1 <grasp_mode> -1
-extra_mileage <starting_mode> -1
-two_opt
-VNS <kick_neighborhood> -1
-SA <iterations> -1
-tabu_search <tenure_mode> -1 <aspiration> -1
-genetic_algorithm <repair_mode> -1 <cutting_type> -1
-tsp_opt <model_type> 0
-hard_fixing <probability> -1.000000
-local_branching <branching_constraint> -1

enter -help or --help for help
----------------------------------------------------------------------------------------------


_________________________________________________________
Greedy Heuristic:

 [Greedy Heuristic] The best starting position is node 359 

_________________________________________________________
Benders loop:


ITERATION: 1	LB: 155162.500000	UB: 169462.000000	||| 9.215822% gap

ITERATION: 2	LB: 160815.600000	UB: 165758.000000	||| 3.073334% gap

ITERATION: 3	LB: 161696.333333	UB: 164689.000000	||| 1.850794% gap

ITERATION: 4	LB: 162554.316993	UB: 164689.000000	||| 1.313212% gap

ITERATION: 5	LB: 162748.535579	UB: 163693.000000	||| 0.580321% gap

ITERATION: 6	LB: 162780.370833	UB: 163693.000000	||| 0.560651% gap

ITERATION: 7	LB: 162920.500000	UB: 163375.000000	||| 0.278970% gap

ITERATION: 8	LB: 162945.803385	UB: 163375.000000	||| 0.263398% gap

ITERATION: 9	LB: 162945.803385	UB: 163350.000000	||| 0.248056% gap

ITERATION: 10	LB: 163098.000000	UB: 163098.000000	||| Solution is Optimal

 	best_val is 163098.000000

----------------------------------------------------------------------------------------------
Took 149.802011 seconds 

	It is a tour!
