../../tsp -generate_random 500 -tsp_opt 0 -seed 18 


available parameters (vers. 21-Apr-2024) --------------------------------------------------
-file <input_file> NULL
-time_limit <timelimit> 100000000000000000000.000000
-generate_random <nnodes> 500
-seed <random_seed> 18

ALGORITHMS:
-greedy <starting_mode> -1 <grasp_mode> -1
-extra_mileage <starting_mode> -1
-two_opt
-VNS <kick_neighborhood> -1
-SA <iterations> -1
-tabu_search <tenure_mode> -1 <aspiration> -1
-genetic_algorithm <repair_mode> -1 <cutting_type> -1
-tsp_opt <model_type> 0
-hard_fixing <probability> -1.000000
-local_branching <branching_constraint> -1

enter -help or --help for help
----------------------------------------------------------------------------------------------


_________________________________________________________
Greedy Heuristic:

 [Greedy Heuristic] The best starting position is node 100 

_________________________________________________________
Benders loop:


ITERATION: 1	LB: 156106.000000	UB: 172948.000000	||| 10.788823% gap

ITERATION: 2	LB: 160907.000000	UB: 167139.000000	||| 3.873045% gap

ITERATION: 3	LB: 162568.500000	UB: 166261.000000	||| 2.271350% gap

ITERATION: 4	LB: 162954.396212	UB: 163511.000000	||| 0.341570% gap

ITERATION: 5	LB: 163030.583333	UB: 163511.000000	||| 0.294679% gap

ITERATION: 6	LB: 163156.000000	UB: 163156.000000	||| Solution is Optimal

 	best_val is 163156.000000

----------------------------------------------------------------------------------------------
Took 108.233624 seconds 

	It is a tour!
