../../tsp -generate_random 500 -tsp_opt 0 -seed 5 


available parameters (vers. 21-Apr-2024) --------------------------------------------------
-file <input_file> NULL
-time_limit <timelimit> 100000000000000000000.000000
-generate_random <nnodes> 500
-seed <random_seed> 5

ALGORITHMS:
-greedy <starting_mode> -1 <grasp_mode> -1
-extra_mileage <starting_mode> -1
-two_opt
-VNS <kick_neighborhood> -1
-SA <iterations> -1
-tabu_search <tenure_mode> -1 <aspiration> -1
-genetic_algorithm <repair_mode> -1 <cutting_type> -1
-tsp_opt <model_type> 0
-hard_fixing <probability> -1.000000
-local_branching <branching_constraint> -1

enter -help or --help for help
----------------------------------------------------------------------------------------------


_________________________________________________________
Greedy Heuristic:

 [Greedy Heuristic] The best starting position is node 3 

_________________________________________________________
Benders loop:


ITERATION: 1	LB: 157098.750000	UB: 169339.000000	||| 7.791437% gap

ITERATION: 2	LB: 161211.000000	UB: 166394.000000	||| 3.215041% gap

ITERATION: 3	LB: 162066.000000	UB: 164397.000000	||| 1.438303% gap

ITERATION: 4	LB: 162334.000000	UB: 164397.000000	||| 1.270837% gap

ITERATION: 5	LB: 162608.250000	UB: 163881.000000	||| 0.782709% gap

ITERATION: 6	LB: 162674.410365	UB: 163881.000000	||| 0.741721% gap

ITERATION: 7	LB: 162701.730206	UB: 163171.000000	||| 0.288423% gap

ITERATION: 8	LB: 162739.189503	UB: 163171.000000	||| 0.265339% gap

ITERATION: 9	LB: 162746.555111	UB: 163171.000000	||| 0.260801% gap

ITERATION: 10	LB: 162756.701893	UB: 163171.000000	||| 0.254551% gap

ITERATION: 11	LB: 162771.993968	UB: 163171.000000	||| 0.245132% gap

ITERATION: 12	LB: 162771.993968	UB: 163171.000000	||| 0.245132% gap

ITERATION: 13	LB: 162771.993968	UB: 163171.000000	||| 0.245132% gap

ITERATION: 14	LB: 162771.993968	UB: 163171.000000	||| 0.245132% gap

ITERATION: 15	LB: 162771.993968	UB: 163171.000000	||| 0.245132% gap

ITERATION: 16	LB: 162815.437500	UB: 163171.000000	||| 0.218384% gap

ITERATION: 17	LB: 163088.000000	UB: 163088.000000	||| Solution is Optimal

 	best_val is 163088.000000

----------------------------------------------------------------------------------------------
Took 354.632448 seconds 

	It is a tour!
