../../tsp -generate_random 500 -tsp_opt 0 -seed 8 


available parameters (vers. 21-Apr-2024) --------------------------------------------------
-file <input_file> NULL
-time_limit <timelimit> 100000000000000000000.000000
-generate_random <nnodes> 500
-seed <random_seed> 8

ALGORITHMS:
-greedy <starting_mode> -1 <grasp_mode> -1
-extra_mileage <starting_mode> -1
-two_opt
-VNS <kick_neighborhood> -1
-SA <iterations> -1
-tabu_search <tenure_mode> -1 <aspiration> -1
-genetic_algorithm <repair_mode> -1 <cutting_type> -1
-tsp_opt <model_type> 0
-hard_fixing <probability> -1.000000
-local_branching <branching_constraint> -1

enter -help or --help for help
----------------------------------------------------------------------------------------------


_________________________________________________________
Greedy Heuristic:

 [Greedy Heuristic] The best starting position is node 208 

_________________________________________________________
Benders loop:


ITERATION: 1	LB: 154128.250000	UB: 171520.000000	||| 11.283947% gap

ITERATION: 2	LB: 159795.500000	UB: 165491.000000	||| 3.564243% gap

ITERATION: 3	LB: 160635.909091	UB: 164725.000000	||| 2.545565% gap

ITERATION: 4	LB: 161357.500000	UB: 163846.000000	||| 1.542228% gap

ITERATION: 5	LB: 161674.000000	UB: 163846.000000	||| 1.343444% gap

ITERATION: 6	LB: 161742.000000	UB: 163013.000000	||| 0.785819% gap

ITERATION: 7	LB: 161791.125000	UB: 162207.000000	||| 0.257044% gap

ITERATION: 8	LB: 161819.500000	UB: 162207.000000	||| 0.239464% gap

ITERATION: 9	LB: 161819.500000	UB: 162207.000000	||| 0.239464% gap

ITERATION: 10	LB: 161819.500000	UB: 161910.000000	||| 0.055927% gap

ITERATION: 11	LB: 161819.500000	UB: 161910.000000	||| 0.055927% gap

ITERATION: 12	LB: 161910.000000	UB: 161910.000000	||| Solution is Optimal

 	best_val is 161910.000000

----------------------------------------------------------------------------------------------
Took 175.839425 seconds 

	It is a tour!
