../../tsp -generate_random 2000 -time_limit 600 -greedy 1 0 -VNS 10 -seed 0 


available parameters (vers. 21-Apr-2024) --------------------------------------------------
-file <input_file> NULL
-time_limit <timelimit> 600.000000
-generate_random <nnodes> 2000
-seed <random_seed> 0

ALGORITHMS:
-greedy <starting_mode> 1 <grasp_mode> 0
-extra_mileage <starting_mode> -1
-two_opt
-VNS <kick_neighborhood> 10
-SA <iterations> -1
-tabu_search <tenure_mode> -1 <aspiration> -1
-genetic_algorithm <repair_mode> -1 <cutting_type> -1
-tsp_opt <model_type> -1
-hard_fixing <probability> -1.000000
-local_branching <branching_constraint> -1

enter -help or --help for help
----------------------------------------------------------------------------------------------


_________________________________________________________
Greedy Heuristic:

 [Greedy Heuristic] Random starting position is node 426 

_________________________________________________________
Variable Neighborhood Search:


[10-OPT kick] Total cost after kick is 399639.000000

[2-OPT Refining] Total cost after refining is 340166.000000

 	[VNS] Update in best_val 340166.000000

[10-OPT kick] Total cost after kick is 379694.000000

[2-OPT Refining] Total cost after refining is 340166.000000

[10-OPT kick] Total cost after kick is 385311.000000

[2-OPT Refining] Total cost after refining is 340166.000000

[10-OPT kick] Total cost after kick is 382845.000000

[2-OPT Refining] Total cost after refining is 340166.000000

[10-OPT kick] Total cost after kick is 385996.000000

[2-OPT Refining] Total cost after refining is 340166.000000

[10-OPT kick] Total cost after kick is 391097.000000

[2-OPT Refining] Total cost after refining is 340166.000000

[10-OPT kick] Total cost after kick is 386931.000000

[2-OPT Refining] Total cost after refining is 340166.000000

[10-OPT kick] Total cost after kick is 391581.000000

[2-OPT Refining] Total cost after refining is 340166.000000

[10-OPT kick] Total cost after kick is 385250.000000

[2-OPT Refining] Total cost after refining is 340166.000000

[10-OPT kick] Total cost after kick is 376905.000000

[2-OPT Refining] Total cost after refining is 340166.000000

[10-OPT kick] Total cost after kick is 377330.000000

[2-OPT Refining] Total cost after refining is 340166.000000

[10-OPT kick] Total cost after kick is 407985.000000

[2-OPT Refining] Total cost after refining is 340166.000000

[10-OPT kick] Total cost after kick is 376687.000000

[2-OPT Refining] Total cost after refining is 340166.000000

[10-OPT kick] Total cost after kick is 364408.000000

[2-OPT Refining] Total cost after refining is 340166.000000

[10-OPT kick] Total cost after kick is 366655.000000

[2-OPT Refining] Total cost after refining is 340166.000000

[10-OPT kick] Total cost after kick is 365301.000000

[2-OPT Refining] Total cost after refining is 340166.000000

[10-OPT kick] Total cost after kick is 363472.000000

[2-OPT Refining] Total cost after refining is 340166.000000

[10-OPT kick] Total cost after kick is 384671.000000

[2-OPT Refining] Total cost after refining is 340166.000000

[10-OPT kick] Total cost after kick is 394839.000000

[2-OPT Refining] Total cost after refining is 340166.000000

[10-OPT kick] Total cost after kick is 406185.000000

[2-OPT Refining] Total cost after refining is 340166.000000

[10-OPT kick] Total cost after kick is 391495.000000

[2-OPT Refining] Total cost after refining is 340166.000000

[10-OPT kick] Total cost after kick is 379116.000000

[2-OPT Refining] Total cost after refining is 340166.000000

[10-OPT kick] Total cost after kick is 389462.000000

[2-OPT Refining] Total cost after refining is 340166.000000

[10-OPT kick] Total cost after kick is 390019.000000

[2-OPT Refining] Total cost after refining is 340166.000000

[10-OPT kick] Total cost after kick is 393563.000000

[2-OPT Refining] Total cost after refining is 340166.000000

[10-OPT kick] Total cost after kick is 387017.000000

[2-OPT Refining] Total cost after refining is 340166.000000

[10-OPT kick] Total cost after kick is 374913.000000

[2-OPT Refining] Total cost after refining is 340166.000000

[10-OPT kick] Total cost after kick is 384831.000000

[2-OPT Refining] Total cost after refining is 340166.000000

[10-OPT kick] Total cost after kick is 386681.000000

[2-OPT Refining] Total cost after refining is 340166.000000

[10-OPT kick] Total cost after kick is 369258.000000

[2-OPT Refining] Total cost after refining is 340166.000000

[10-OPT kick] Total cost after kick is 376534.000000

[2-OPT Refining] Total cost after refining is 340166.000000

[10-OPT kick] Total cost after kick is 380820.000000

[2-OPT Refining] Total cost after refining is 340166.000000

[10-OPT kick] Total cost after kick is 387245.000000

[2-OPT Refining] Total cost after refining is 340166.000000

[10-OPT kick] Total cost after kick is 382789.000000

[2-OPT Refining] Total cost after refining is 340166.000000

[10-OPT kick] Total cost after kick is 392348.000000

[2-OPT Refining] Total cost after refining is 340166.000000

[10-OPT kick] Total cost after kick is 381940.000000

[2-OPT Refining] Total cost after refining is 340166.000000

[10-OPT kick] Total cost after kick is 394730.000000

[2-OPT Refining] Total cost after refining is 340166.000000

[10-OPT kick] Total cost after kick is 382989.000000

[2-OPT Refining] Total cost after refining is 340166.000000

[10-OPT kick] Total cost after kick is 383719.000000

[2-OPT Refining] Total cost after refining is 340166.000000

[10-OPT kick] Total cost after kick is 365904.000000

[2-OPT Refining] Total cost after refining is 340166.000000

[10-OPT kick] Total cost after kick is 359535.000000

[2-OPT Refining] Total cost after refining is 340166.000000

[10-OPT kick] Total cost after kick is 392341.000000

[2-OPT Refining] Total cost after refining is 340166.000000

[10-OPT kick] Total cost after kick is 386753.000000

[2-OPT Refining] Total cost after refining is 340166.000000

[10-OPT kick] Total cost after kick is 384611.000000

[2-OPT Refining] Total cost after refining is 340166.000000

[10-OPT kick] Total cost after kick is 370877.000000

[2-OPT Refining] Total cost after refining is 340166.000000

[10-OPT kick] Total cost after kick is 397162.000000

[2-OPT Refining] Total cost after refining is 340166.000000

[10-OPT kick] Total cost after kick is 394701.000000

[2-OPT Refining] Total cost after refining is 340166.000000

[10-OPT kick] Total cost after kick is 390611.000000

[2-OPT Refining] Total cost after refining is 340166.000000

[10-OPT kick] Total cost after kick is 378152.000000

[2-OPT Refining] Total cost after refining is 340166.000000

[10-OPT kick] Total cost after kick is 388511.000000

[2-OPT Refining] Total cost after refining is 339984.000000

 	[VNS] Update in best_val 339984.000000

[10-OPT kick] Total cost after kick is 379891.000000

[2-OPT Refining] Total cost after refining is 339984.000000

[10-OPT kick] Total cost after kick is 379284.000000

[2-OPT Refining] Total cost after refining is 339714.000000

 	[VNS] Update in best_val 339714.000000

[10-OPT kick] Total cost after kick is 373333.000000

[2-OPT Refining] Total cost after refining is 339714.000000

[10-OPT kick] Total cost after kick is 373834.000000

[2-OPT Refining] Total cost after refining is 339714.000000

[10-OPT kick] Total cost after kick is 373319.000000

[2-OPT Refining] Total cost after refining is 339714.000000

[10-OPT kick] Total cost after kick is 384033.000000

[2-OPT Refining] Total cost after refining is 339714.000000

[10-OPT kick] Total cost after kick is 381250.000000

[2-OPT Refining] Total cost after refining is 339714.000000

[10-OPT kick] Total cost after kick is 391026.000000

[2-OPT Refining] Total cost after refining is 339714.000000

[10-OPT kick] Total cost after kick is 397293.000000

[2-OPT Refining] Total cost after refining is 339714.000000

[10-OPT kick] Total cost after kick is 384071.000000

[2-OPT Refining] Total cost after refining is 339714.000000

[10-OPT kick] Total cost after kick is 395495.000000

[2-OPT Refining] Total cost after refining is 339714.000000

[10-OPT kick] Total cost after kick is 372446.000000

[2-OPT Refining] Total cost after refining is 339714.000000

[10-OPT kick] Total cost after kick is 392023.000000

[2-OPT Refining] Total cost after refining is 339714.000000

[10-OPT kick] Total cost after kick is 394061.000000

[2-OPT Refining] Total cost after refining is 339714.000000

[10-OPT kick] Total cost after kick is 384009.000000

[2-OPT Refining] Total cost after refining is 339714.000000

[10-OPT kick] Total cost after kick is 384681.000000

[2-OPT Refining] Total cost after refining is 339714.000000

[10-OPT kick] Total cost after kick is 384511.000000

[2-OPT Refining] Total cost after refining is 339714.000000

[10-OPT kick] Total cost after kick is 383471.000000

[2-OPT Refining] Total cost after refining is 339714.000000

[10-OPT kick] Total cost after kick is 381080.000000

[2-OPT Refining] Total cost after refining is 339714.000000

[10-OPT kick] Total cost after kick is 387382.000000

[2-OPT Refining] Total cost after refining is 339714.000000

[10-OPT kick] Total cost after kick is 378038.000000

[2-OPT Refining] Total cost after refining is 339714.000000

[10-OPT kick] Total cost after kick is 383440.000000

[2-OPT Refining] Total cost after refining is 339714.000000

[10-OPT kick] Total cost after kick is 381217.000000

[2-OPT Refining] Total cost after refining is 339714.000000

[10-OPT kick] Total cost after kick is 372036.000000

[2-OPT Refining] Total cost after refining is 339714.000000

[10-OPT kick] Total cost after kick is 393026.000000

[2-OPT Refining] Total cost after refining is 339714.000000

[10-OPT kick] Total cost after kick is 386823.000000

[2-OPT Refining] Total cost after refining is 339714.000000

[10-OPT kick] Total cost after kick is 399526.000000

[2-OPT Refining] Total cost after refining is 339714.000000

[10-OPT kick] Total cost after kick is 372745.000000

[2-OPT Refining] Total cost after refining is 339714.000000

[10-OPT kick] Total cost after kick is 379143.000000

[2-OPT Refining] Total cost after refining is 339714.000000

[10-OPT kick] Total cost after kick is 372628.000000

[2-OPT Refining] Total cost after refining is 339714.000000

[10-OPT kick] Total cost after kick is 388394.000000

[2-OPT Refining] Total cost after refining is 339714.000000

[10-OPT kick] Total cost after kick is 387111.000000

[2-OPT Refining] Total cost after refining is 339714.000000

[10-OPT kick] Total cost after kick is 377785.000000

[2-OPT Refining] Total cost after refining is 339714.000000

[10-OPT kick] Total cost after kick is 387599.000000

[2-OPT Refining] Total cost after refining is 339714.000000

[10-OPT kick] Total cost after kick is 385389.000000

[2-OPT Refining] Total cost after refining is 339714.000000

[10-OPT kick] Total cost after kick is 386499.000000

[2-OPT Refining] Total cost after refining is 339714.000000

[10-OPT kick] Total cost after kick is 373566.000000

[2-OPT Refining] Total cost after refining is 339714.000000

[10-OPT kick] Total cost after kick is 371561.000000

[2-OPT Refining] Total cost after refining is 339714.000000

[10-OPT kick] Total cost after kick is 384124.000000

[2-OPT Refining] Total cost after refining is 339714.000000

[10-OPT kick] Total cost after kick is 398930.000000

[2-OPT Refining] Total cost after refining is 339714.000000

[10-OPT kick] Total cost after kick is 365228.000000

[2-OPT Refining] Total cost after refining is 339714.000000

[10-OPT kick] Total cost after kick is 385176.000000

[2-OPT Refining] Total cost after refining is 339714.000000

[10-OPT kick] Total cost after kick is 382019.000000

[2-OPT Refining] Total cost after refining is 339714.000000

[10-OPT kick] Total cost after kick is 379324.000000

[2-OPT Refining] Total cost after refining is 339714.000000

[10-OPT kick] Total cost after kick is 398297.000000

[2-OPT Refining] Total cost after refining is 339714.000000

[10-OPT kick] Total cost after kick is 387641.000000

[2-OPT Refining] Total cost after refining is 339714.000000

[10-OPT kick] Total cost after kick is 392401.000000

[2-OPT Refining] Total cost after refining is 339714.000000

[10-OPT kick] Total cost after kick is 389931.000000

[2-OPT Refining] Total cost after refining is 339714.000000

[10-OPT kick] Total cost after kick is 383209.000000

[2-OPT Refining] Total cost after refining is 339714.000000

[10-OPT kick] Total cost after kick is 390391.000000

[2-OPT Refining] Total cost after refining is 339714.000000

[10-OPT kick] Total cost after kick is 395138.000000

[2-OPT Refining] Total cost after refining is 339714.000000

[10-OPT kick] Total cost after kick is 382534.000000

[2-OPT Refining] Total cost after refining is 339714.000000

[10-OPT kick] Total cost after kick is 375497.000000

[2-OPT Refining] Total cost after refining is 339714.000000

[10-OPT kick] Total cost after kick is 374686.000000

[2-OPT Refining] Total cost after refining is 339714.000000

[10-OPT kick] Total cost after kick is 396669.000000

[2-OPT Refining] Total cost after refining is 339714.000000

[10-OPT kick] Total cost after kick is 407951.000000

[2-OPT Refining] Total cost after refining is 339714.000000

[10-OPT kick] Total cost after kick is 402413.000000

[2-OPT Refining] Total cost after refining is 339714.000000

[10-OPT kick] Total cost after kick is 383666.000000

[2-OPT Refining] Total cost after refining is 339714.000000

[10-OPT kick] Total cost after kick is 391237.000000

[2-OPT Refining] Total cost after refining is 339714.000000

[10-OPT kick] Total cost after kick is 394900.000000

[2-OPT Refining] Total cost after refining is 339714.000000

[10-OPT kick] Total cost after kick is 382593.000000

[2-OPT Refining] Total cost after refining is 339714.000000

[10-OPT kick] Total cost after kick is 376471.000000

[2-OPT Refining] Total cost after refining is 339714.000000

[10-OPT kick] Total cost after kick is 388149.000000

[2-OPT Refining] Total cost after refining is 339714.000000

[10-OPT kick] Total cost after kick is 392734.000000

[2-OPT Refining] Total cost after refining is 339189.000000

 	[VNS] Update in best_val 339189.000000

[10-OPT kick] Total cost after kick is 392039.000000

[2-OPT Refining] Total cost after refining is 339189.000000

[10-OPT kick] Total cost after kick is 399671.000000

[2-OPT Refining] Total cost after refining is 339189.000000

[10-OPT kick] Total cost after kick is 390829.000000

[2-OPT Refining] Total cost after refining is 339189.000000

[10-OPT kick] Total cost after kick is 405838.000000

[2-OPT Refining] Total cost after refining is 339189.000000

[10-OPT kick] Total cost after kick is 385255.000000

[2-OPT Refining] Total cost after refining is 339189.000000

[10-OPT kick] Total cost after kick is 385368.000000

[2-OPT Refining] Total cost after refining is 339189.000000

[10-OPT kick] Total cost after kick is 383068.000000

[2-OPT Refining] Total cost after refining is 339189.000000

[10-OPT kick] Total cost after kick is 384149.000000

[2-OPT Refining] Total cost after refining is 339189.000000

[10-OPT kick] Total cost after kick is 377391.000000

[2-OPT Refining] Total cost after refining is 339189.000000

[10-OPT kick] Total cost after kick is 375737.000000

[2-OPT Refining] Total cost after refining is 339189.000000

[10-OPT kick] Total cost after kick is 393081.000000

[2-OPT Refining] Total cost after refining is 339189.000000

[10-OPT kick] Total cost after kick is 360707.000000

[2-OPT Refining] Total cost after refining is 339189.000000

[10-OPT kick] Total cost after kick is 390213.000000

[2-OPT Refining] Total cost after refining is 339189.000000

[10-OPT kick] Total cost after kick is 382905.000000

[2-OPT Refining] Total cost after refining is 339189.000000

[10-OPT kick] Total cost after kick is 376336.000000

[2-OPT Refining] Total cost after refining is 339189.000000

[10-OPT kick] Total cost after kick is 379878.000000

[2-OPT Refining] Total cost after refining is 339189.000000

[10-OPT kick] Total cost after kick is 393987.000000

[2-OPT Refining] Total cost after refining is 339189.000000

[10-OPT kick] Total cost after kick is 374711.000000

[2-OPT Refining] Total cost after refining is 339189.000000

[10-OPT kick] Total cost after kick is 375530.000000

[2-OPT Refining] Total cost after refining is 339189.000000

[10-OPT kick] Total cost after kick is 399907.000000

[2-OPT Refining] Total cost after refining is 339189.000000

[10-OPT kick] Total cost after kick is 400046.000000

[2-OPT Refining] Total cost after refining is 339189.000000

[10-OPT kick] Total cost after kick is 376796.000000

[2-OPT Refining] Total cost after refining is 339189.000000

[10-OPT kick] Total cost after kick is 382669.000000

[2-OPT Refining] Total cost after refining is 339189.000000

[10-OPT kick] Total cost after kick is 379028.000000

[2-OPT Refining] Total cost after refining is 339189.000000

[10-OPT kick] Total cost after kick is 396249.000000

[2-OPT Refining] Total cost after refining is 339189.000000

[10-OPT kick] Total cost after kick is 386504.000000

[2-OPT Refining] Total cost after refining is 339189.000000

[10-OPT kick] Total cost after kick is 399552.000000

[2-OPT Refining] Total cost after refining is 339189.000000

[10-OPT kick] Total cost after kick is 394698.000000

[2-OPT Refining] Total cost after refining is 339189.000000

[10-OPT kick] Total cost after kick is 420576.000000

[2-OPT Refining] Total cost after refining is 339189.000000

[10-OPT kick] Total cost after kick is 408374.000000

[2-OPT Refining] Total cost after refining is 338858.000000

 	[VNS] Update in best_val 338858.000000

[10-OPT kick] Total cost after kick is 379269.000000

[2-OPT Refining] Total cost after refining is 338858.000000

[10-OPT kick] Total cost after kick is 390234.000000

[2-OPT Refining] Total cost after refining is 338858.000000

[10-OPT kick] Total cost after kick is 397795.000000

[2-OPT Refining] Total cost after refining is 338858.000000

[10-OPT kick] Total cost after kick is 384277.000000

[2-OPT Refining] Total cost after refining is 338858.000000

[10-OPT kick] Total cost after kick is 383064.000000

[2-OPT Refining] Total cost after refining is 338858.000000

[10-OPT kick] Total cost after kick is 389846.000000

[2-OPT Refining] Total cost after refining is 338858.000000

[10-OPT kick] Total cost after kick is 388130.000000

[2-OPT Refining] Total cost after refining is 338858.000000

[10-OPT kick] Total cost after kick is 382340.000000

[2-OPT Refining] Total cost after refining is 338858.000000

[10-OPT kick] Total cost after kick is 383916.000000

[2-OPT Refining] Total cost after refining is 338858.000000

[10-OPT kick] Total cost after kick is 391363.000000

[2-OPT Refining] Total cost after refining is 338858.000000

[10-OPT kick] Total cost after kick is 387403.000000

[2-OPT Refining] Total cost after refining is 338858.000000

[10-OPT kick] Total cost after kick is 386723.000000

[2-OPT Refining] Total cost after refining is 338858.000000

[10-OPT kick] Total cost after kick is 401344.000000

[2-OPT Refining] Total cost after refining is 338858.000000

[10-OPT kick] Total cost after kick is 391079.000000

[2-OPT Refining] Total cost after refining is 338858.000000

[10-OPT kick] Total cost after kick is 391354.000000

[2-OPT Refining] Total cost after refining is 338858.000000

[10-OPT kick] Total cost after kick is 391017.000000

[2-OPT Refining] Total cost after refining is 338858.000000

[10-OPT kick] Total cost after kick is 386731.000000

[2-OPT Refining] Total cost after refining is 338858.000000

[10-OPT kick] Total cost after kick is 396055.000000

[2-OPT Refining] Total cost after refining is 338858.000000

[10-OPT kick] Total cost after kick is 384939.000000

[2-OPT Refining] Total cost after refining is 338858.000000

[10-OPT kick] Total cost after kick is 385161.000000

[2-OPT Refining] Total cost after refining is 338858.000000

[10-OPT kick] Total cost after kick is 397297.000000

[2-OPT Refining] Total cost after refining is 338858.000000

[10-OPT kick] Total cost after kick is 403254.000000

[2-OPT Refining] Total cost after refining is 338858.000000

[10-OPT kick] Total cost after kick is 384041.000000

[2-OPT Refining] Total cost after refining is 338858.000000

[10-OPT kick] Total cost after kick is 392508.000000

[2-OPT Refining] Total cost after refining is 338858.000000

[10-OPT kick] Total cost after kick is 383346.000000

[2-OPT Refining] Total cost after refining is 338858.000000

[10-OPT kick] Total cost after kick is 394530.000000

[2-OPT Refining] Total cost after refining is 338858.000000

[10-OPT kick] Total cost after kick is 370238.000000

[2-OPT Refining] Total cost after refining is 338858.000000

[10-OPT kick] Total cost after kick is 383156.000000

[2-OPT Refining] Total cost after refining is 338858.000000

[10-OPT kick] Total cost after kick is 374728.000000

[2-OPT Refining] Total cost after refining is 338858.000000

[10-OPT kick] Total cost after kick is 396496.000000

[2-OPT Refining] Total cost after refining is 338858.000000

[10-OPT kick] Total cost after kick is 384212.000000

[2-OPT Refining] Total cost after refining is 338858.000000

[10-OPT kick] Total cost after kick is 388389.000000

[2-OPT Refining] Total cost after refining is 338858.000000

[10-OPT kick] Total cost after kick is 399594.000000

[2-OPT Refining] Total cost after refining is 338858.000000

[10-OPT kick] Total cost after kick is 394395.000000

[2-OPT Refining] Total cost after refining is 338858.000000

[10-OPT kick] Total cost after kick is 381940.000000

[2-OPT Refining] Total cost after refining is 338858.000000

[10-OPT kick] Total cost after kick is 381405.000000

[2-OPT Refining] Total cost after refining is 338858.000000

[10-OPT kick] Total cost after kick is 371552.000000

[2-OPT Refining] Total cost after refining is 338858.000000

[10-OPT kick] Total cost after kick is 393426.000000

[2-OPT Refining] Total cost after refining is 338858.000000

[10-OPT kick] Total cost after kick is 383724.000000

[2-OPT Refining] Total cost after refining is 338858.000000

[10-OPT kick] Total cost after kick is 370448.000000

[2-OPT Refining] Total cost after refining is 338858.000000

[10-OPT kick] Total cost after kick is 373500.000000

[2-OPT Refining] Total cost after refining is 338862.000000

[10-OPT kick] Total cost after kick is 398999.000000

[2-OPT Refining] Total cost after refining is 338858.000000

[10-OPT kick] Total cost after kick is 374907.000000

[2-OPT Refining] Total cost after refining is 338858.000000

[10-OPT kick] Total cost after kick is 392762.000000

[2-OPT Refining] Total cost after refining is 338858.000000

[10-OPT kick] Total cost after kick is 380735.000000

[2-OPT Refining] Total cost after refining is 338858.000000

[10-OPT kick] Total cost after kick is 379144.000000

[2-OPT Refining] Total cost after refining is 338858.000000

[10-OPT kick] Total cost after kick is 401702.000000

[2-OPT Refining] Total cost after refining is 338858.000000

[10-OPT kick] Total cost after kick is 387765.000000

[2-OPT Refining] Total cost after refining is 338858.000000

[10-OPT kick] Total cost after kick is 395831.000000

[2-OPT Refining] Total cost after refining is 338858.000000

[10-OPT kick] Total cost after kick is 380889.000000

[2-OPT Refining] Total cost after refining is 338858.000000

[10-OPT kick] Total cost after kick is 375076.000000

[2-OPT Refining] Total cost after refining is 338858.000000

[10-OPT kick] Total cost after kick is 416195.000000

[2-OPT Refining] Total cost after refining is 338858.000000

[10-OPT kick] Total cost after kick is 393244.000000

[2-OPT Refining] Total cost after refining is 338858.000000

[10-OPT kick] Total cost after kick is 388661.000000

[2-OPT Refining] Total cost after refining is 338858.000000

[10-OPT kick] Total cost after kick is 397957.000000

[2-OPT Refining] Total cost after refining is 338858.000000

[10-OPT kick] Total cost after kick is 373396.000000

[2-OPT Refining] Total cost after refining is 338858.000000

[10-OPT kick] Total cost after kick is 394802.000000

[2-OPT Refining] Total cost after refining is 338858.000000

[10-OPT kick] Total cost after kick is 398513.000000

[2-OPT Refining] Total cost after refining is 338858.000000

[10-OPT kick] Total cost after kick is 393752.000000

[2-OPT Refining] Total cost after refining is 338858.000000

[10-OPT kick] Total cost after kick is 387543.000000

[2-OPT Refining] Total cost after refining is 338858.000000

[10-OPT kick] Total cost after kick is 382137.000000

[2-OPT Refining] Total cost after refining is 338858.000000

[10-OPT kick] Total cost after kick is 380267.000000

[2-OPT Refining] Total cost after refining is 338858.000000

[10-OPT kick] Total cost after kick is 401154.000000

[2-OPT Refining] Total cost after refining is 338858.000000

[10-OPT kick] Total cost after kick is 388428.000000

[2-OPT Refining] Total cost after refining is 338858.000000

[10-OPT kick] Total cost after kick is 398183.000000

[2-OPT Refining] Total cost after refining is 338858.000000

[10-OPT kick] Total cost after kick is 391020.000000

[2-OPT Refining] Total cost after refining is 338858.000000

[10-OPT kick] Total cost after kick is 392184.000000

[2-OPT Refining] Total cost after refining is 338858.000000

[10-OPT kick] Total cost after kick is 380074.000000

[2-OPT Refining] Total cost after refining is 338858.000000

[10-OPT kick] Total cost after kick is 387580.000000

[2-OPT Refining] Total cost after refining is 338858.000000

[10-OPT kick] Total cost after kick is 376958.000000

[2-OPT Refining] Total cost after refining is 338858.000000

[10-OPT kick] Total cost after kick is 402224.000000

[2-OPT Refining] Total cost after refining is 338858.000000

[10-OPT kick] Total cost after kick is 379765.000000

[2-OPT Refining] Total cost after refining is 338858.000000

[10-OPT kick] Total cost after kick is 385356.000000

[2-OPT Refining] Total cost after refining is 338858.000000

[10-OPT kick] Total cost after kick is 384280.000000

[2-OPT Refining] Total cost after refining is 338858.000000

[10-OPT kick] Total cost after kick is 409764.000000

[2-OPT Refining] Total cost after refining is 338858.000000

[10-OPT kick] Total cost after kick is 406215.000000

[2-OPT Refining] Total cost after refining is 338858.000000

[10-OPT kick] Total cost after kick is 374445.000000

[2-OPT Refining] Total cost after refining is 338858.000000

[10-OPT kick] Total cost after kick is 396546.000000

[2-OPT Refining] Total cost after refining is 338858.000000

[10-OPT kick] Total cost after kick is 378592.000000

[2-OPT Refining] Total cost after refining is 338858.000000

[10-OPT kick] Total cost after kick is 387730.000000

[2-OPT Refining] Total cost after refining is 338858.000000

[10-OPT kick] Total cost after kick is 391182.000000

[2-OPT Refining] Total cost after refining is 338858.000000

[10-OPT kick] Total cost after kick is 389669.000000

[2-OPT Refining] Total cost after refining is 338858.000000

[10-OPT kick] Total cost after kick is 408043.000000

[2-OPT Refining] Total cost after refining is 338858.000000

[10-OPT kick] Total cost after kick is 409902.000000

[2-OPT Refining] Total cost after refining is 338858.000000

[10-OPT kick] Total cost after kick is 376699.000000

[2-OPT Refining] Total cost after refining is 338858.000000

[10-OPT kick] Total cost after kick is 392221.000000

[2-OPT Refining] Total cost after refining is 338858.000000

[10-OPT kick] Total cost after kick is 386093.000000

[2-OPT Refining] Total cost after refining is 338858.000000

[10-OPT kick] Total cost after kick is 383492.000000

[2-OPT Refining] Total cost after refining is 338858.000000

[10-OPT kick] Total cost after kick is 409888.000000

[2-OPT Refining] Total cost after refining is 338858.000000

[10-OPT kick] Total cost after kick is 404216.000000

[2-OPT Refining] Total cost after refining is 338858.000000

[10-OPT kick] Total cost after kick is 374855.000000

[2-OPT Refining] Total cost after refining is 338858.000000

[10-OPT kick] Total cost after kick is 402219.000000

[2-OPT Refining] Total cost after refining is 338858.000000

[10-OPT kick] Total cost after kick is 399475.000000

[2-OPT Refining] Total cost after refining is 338858.000000

[10-OPT kick] Total cost after kick is 401280.000000

[2-OPT Refining] Total cost after refining is 338858.000000

[10-OPT kick] Total cost after kick is 386362.000000

[2-OPT Refining] Total cost after refining is 338858.000000

[10-OPT kick] Total cost after kick is 378441.000000

[2-OPT Refining] Total cost after refining is 338858.000000

[10-OPT kick] Total cost after kick is 386944.000000

[2-OPT Refining] Total cost after refining is 338858.000000

[10-OPT kick] Total cost after kick is 393327.000000

[2-OPT Refining] Total cost after refining is 338858.000000

[10-OPT kick] Total cost after kick is 400090.000000

[2-OPT Refining] Total cost after refining is 338858.000000

[10-OPT kick] Total cost after kick is 394325.000000

[2-OPT Refining] Total cost after refining is 338858.000000

[10-OPT kick] Total cost after kick is 392432.000000

[2-OPT Refining] Total cost after refining is 338858.000000

[10-OPT kick] Total cost after kick is 370535.000000

[2-OPT Refining] Total cost after refining is 338858.000000

[10-OPT kick] Total cost after kick is 404858.000000

[2-OPT Refining] Total cost after refining is 340167.000000

[10-OPT kick] Total cost after kick is 387824.000000

[2-OPT Refining] Total cost after refining is 338858.000000

[10-OPT kick] Total cost after kick is 388986.000000

[2-OPT Refining] Total cost after refining is 338858.000000

[10-OPT kick] Total cost after kick is 399596.000000

[2-OPT Refining] Total cost after refining is 338858.000000

[10-OPT kick] Total cost after kick is 388517.000000

[2-OPT Refining] Total cost after refining is 338858.000000

[10-OPT kick] Total cost after kick is 374335.000000

[2-OPT Refining] Total cost after refining is 338858.000000

[10-OPT kick] Total cost after kick is 370228.000000

[2-OPT Refining] Total cost after refining is 338858.000000

[10-OPT kick] Total cost after kick is 377038.000000

[2-OPT Refining] Total cost after refining is 338858.000000

[10-OPT kick] Total cost after kick is 386200.000000

[2-OPT Refining] Total cost after refining is 338858.000000

[10-OPT kick] Total cost after kick is 395030.000000

[2-OPT Refining] Total cost after refining is 338858.000000

[10-OPT kick] Total cost after kick is 396696.000000

[2-OPT Refining] Total cost after refining is 338858.000000

[10-OPT kick] Total cost after kick is 377161.000000

[2-OPT Refining] Total cost after refining is 338858.000000

[10-OPT kick] Total cost after kick is 388547.000000

[2-OPT Refining] Total cost after refining is 338858.000000

[10-OPT kick] Total cost after kick is 390521.000000

[2-OPT Refining] Total cost after refining is 338858.000000

[10-OPT kick] Total cost after kick is 399099.000000

[2-OPT Refining] Total cost after refining is 338858.000000

[10-OPT kick] Total cost after kick is 382021.000000

[2-OPT Refining] Total cost after refining is 338858.000000

[10-OPT kick] Total cost after kick is 389774.000000

[2-OPT Refining] Total cost after refining is 338858.000000

[10-OPT kick] Total cost after kick is 383877.000000

[2-OPT Refining] Total cost after refining is 338858.000000

[10-OPT kick] Total cost after kick is 383406.000000

[2-OPT Refining] Total cost after refining is 338858.000000

[10-OPT kick] Total cost after kick is 374369.000000

[2-OPT Refining] Total cost after refining is 338858.000000

[10-OPT kick] Total cost after kick is 390722.000000

[2-OPT Refining] Total cost after refining is 338858.000000

[10-OPT kick] Total cost after kick is 399532.000000

[2-OPT Refining] Total cost after refining is 338858.000000

[10-OPT kick] Total cost after kick is 371414.000000

[2-OPT Refining] Total cost after refining is 338858.000000

[10-OPT kick] Total cost after kick is 371374.000000

[2-OPT Refining] Total cost after refining is 338858.000000

[10-OPT kick] Total cost after kick is 394250.000000

[2-OPT Refining] Total cost after refining is 338858.000000

[10-OPT kick] Total cost after kick is 387329.000000

[2-OPT Refining] Total cost after refining is 338858.000000

[10-OPT kick] Total cost after kick is 384406.000000

[2-OPT Refining] Total cost after refining is 338858.000000

[10-OPT kick] Total cost after kick is 386739.000000

[2-OPT Refining] Total cost after refining is 338858.000000

[10-OPT kick] Total cost after kick is 392249.000000

[2-OPT Refining] Total cost after refining is 338858.000000

[10-OPT kick] Total cost after kick is 387488.000000

[2-OPT Refining] Total cost after refining is 338858.000000

[10-OPT kick] Total cost after kick is 386018.000000

[2-OPT Refining] Total cost after refining is 338858.000000

[10-OPT kick] Total cost after kick is 394540.000000

[2-OPT Refining] Total cost after refining is 338858.000000

[10-OPT kick] Total cost after kick is 398348.000000

[2-OPT Refining] Total cost after refining is 338858.000000

[10-OPT kick] Total cost after kick is 372994.000000

[2-OPT Refining] Total cost after refining is 338858.000000

[10-OPT kick] Total cost after kick is 386711.000000

[2-OPT Refining] Total cost after refining is 338858.000000

[10-OPT kick] Total cost after kick is 389407.000000

[2-OPT Refining] Total cost after refining is 338858.000000

[10-OPT kick] Total cost after kick is 393361.000000

[2-OPT Refining] Total cost after refining is 338858.000000

[10-OPT kick] Total cost after kick is 396162.000000

[2-OPT Refining] Total cost after refining is 338858.000000

[10-OPT kick] Total cost after kick is 399428.000000

[2-OPT Refining] Total cost after refining is 338858.000000

[10-OPT kick] Total cost after kick is 374317.000000

[2-OPT Refining] Total cost after refining is 338858.000000

[10-OPT kick] Total cost after kick is 374563.000000

[2-OPT Refining] Total cost after refining is 338858.000000

[10-OPT kick] Total cost after kick is 391326.000000

[2-OPT Refining] Total cost after refining is 338858.000000

[10-OPT kick] Total cost after kick is 390881.000000

[2-OPT Refining] Total cost after refining is 338858.000000

[10-OPT kick] Total cost after kick is 404484.000000

[2-OPT Refining] Total cost after refining is 338858.000000

[10-OPT kick] Total cost after kick is 385663.000000

[2-OPT Refining] Total cost after refining is 338858.000000

[10-OPT kick] Total cost after kick is 374904.000000

[2-OPT Refining] Total cost after refining is 338858.000000

[10-OPT kick] Total cost after kick is 403459.000000

[2-OPT Refining] Total cost after refining is 338858.000000

[10-OPT kick] Total cost after kick is 388263.000000

[2-OPT Refining] Total cost after refining is 338858.000000

[10-OPT kick] Total cost after kick is 379678.000000

[2-OPT Refining] Total cost after refining is 338858.000000

[10-OPT kick] Total cost after kick is 384184.000000

[2-OPT Refining] Total cost after refining is 338858.000000

[10-OPT kick] Total cost after kick is 385736.000000

[2-OPT Refining] Total cost after refining is 338858.000000

[10-OPT kick] Total cost after kick is 382917.000000

[2-OPT Refining] Total cost after refining is 338858.000000

[10-OPT kick] Total cost after kick is 387184.000000

[2-OPT Refining] Total cost after refining is 338858.000000

[10-OPT kick] Total cost after kick is 387389.000000

[2-OPT Refining] Total cost after refining is 338858.000000

[10-OPT kick] Total cost after kick is 386825.000000

[2-OPT Refining] Total cost after refining is 338858.000000

[10-OPT kick] Total cost after kick is 384686.000000

[2-OPT Refining] Total cost after refining is 338858.000000

[10-OPT kick] Total cost after kick is 379811.000000

[2-OPT Refining] Total cost after refining is 338858.000000

[10-OPT kick] Total cost after kick is 395231.000000

[2-OPT Refining] Total cost after refining is 338858.000000

[10-OPT kick] Total cost after kick is 382324.000000

[2-OPT Refining] Total cost after refining is 338858.000000

[10-OPT kick] Total cost after kick is 392017.000000

[2-OPT Refining] Total cost after refining is 338858.000000

[10-OPT kick] Total cost after kick is 380306.000000

[2-OPT Refining] Total cost after refining is 338858.000000

[10-OPT kick] Total cost after kick is 406737.000000

[2-OPT Refining] Total cost after refining is 338858.000000

[10-OPT kick] Total cost after kick is 384436.000000

[2-OPT Refining] Total cost after refining is 338858.000000

[10-OPT kick] Total cost after kick is 380488.000000

[2-OPT Refining] Total cost after refining is 338858.000000

[10-OPT kick] Total cost after kick is 378997.000000

[2-OPT Refining] Total cost after refining is 338858.000000

[10-OPT kick] Total cost after kick is 386071.000000

[2-OPT Refining] Total cost after refining is 338858.000000

[10-OPT kick] Total cost after kick is 388239.000000

[2-OPT Refining] Total cost after refining is 338858.000000

[10-OPT kick] Total cost after kick is 394889.000000

[2-OPT Refining] Total cost after refining is 338858.000000

[10-OPT kick] Total cost after kick is 381845.000000

[2-OPT Refining] Total cost after refining is 338858.000000

[10-OPT kick] Total cost after kick is 379485.000000

[2-OPT Refining] Total cost after refining is 338858.000000

[10-OPT kick] Total cost after kick is 383290.000000

[2-OPT Refining] Total cost after refining is 338858.000000

[10-OPT kick] Total cost after kick is 379107.000000

[2-OPT Refining] Total cost after refining is 338858.000000

[10-OPT kick] Total cost after kick is 368393.000000

[2-OPT Refining] Total cost after refining is 338858.000000

[10-OPT kick] Total cost after kick is 381405.000000

[2-OPT Refining] Total cost after refining is 338858.000000

[10-OPT kick] Total cost after kick is 392591.000000

[2-OPT Refining] Total cost after refining is 338858.000000

[10-OPT kick] Total cost after kick is 386973.000000

[2-OPT Refining] Total cost after refining is 338858.000000

[10-OPT kick] Total cost after kick is 376900.000000

[2-OPT Refining] Total cost after refining is 338858.000000

[10-OPT kick] Total cost after kick is 391405.000000

[2-OPT Refining] Total cost after refining is 338858.000000

[10-OPT kick] Total cost after kick is 389777.000000

[2-OPT Refining] Total cost after refining is 338858.000000

[10-OPT kick] Total cost after kick is 396871.000000

[2-OPT Refining] Total cost after refining is 338858.000000

[10-OPT kick] Total cost after kick is 392984.000000

[2-OPT Refining] Total cost after refining is 338858.000000

[10-OPT kick] Total cost after kick is 395305.000000

[2-OPT Refining] Total cost after refining is 338858.000000

[10-OPT kick] Total cost after kick is 391572.000000

[2-OPT Refining] Total cost after refining is 338858.000000

[10-OPT kick] Total cost after kick is 394754.000000

[2-OPT Refining] Total cost after refining is 339626.000000

[10-OPT kick] Total cost after kick is 392158.000000

[2-OPT Refining] Total cost after refining is 338858.000000

[10-OPT kick] Total cost after kick is 381612.000000

[2-OPT Refining] Total cost after refining is 338858.000000

[10-OPT kick] Total cost after kick is 375562.000000

[2-OPT Refining] Total cost after refining is 338858.000000

[10-OPT kick] Total cost after kick is 394980.000000

[2-OPT Refining] Total cost after refining is 338858.000000

[10-OPT kick] Total cost after kick is 380318.000000

[2-OPT Refining] Total cost after refining is 338858.000000

[10-OPT kick] Total cost after kick is 383506.000000

[2-OPT Refining] Total cost after refining is 338858.000000

[10-OPT kick] Total cost after kick is 412919.000000

[2-OPT Refining] Total cost after refining is 338858.000000

[10-OPT kick] Total cost after kick is 396356.000000

[2-OPT Refining] Total cost after refining is 338858.000000

[10-OPT kick] Total cost after kick is 384636.000000

[2-OPT Refining] Total cost after refining is 338858.000000

[10-OPT kick] Total cost after kick is 376584.000000

[2-OPT Refining] Total cost after refining is 338858.000000

[10-OPT kick] Total cost after kick is 383361.000000

[2-OPT Refining] Total cost after refining is 338858.000000

[10-OPT kick] Total cost after kick is 407212.000000

[2-OPT Refining] Total cost after refining is 338858.000000

[10-OPT kick] Total cost after kick is 374708.000000

[2-OPT Refining] Total cost after refining is 338858.000000

[10-OPT kick] Total cost after kick is 402748.000000

[2-OPT Refining] Total cost after refining is 338858.000000

[10-OPT kick] Total cost after kick is 383441.000000

[2-OPT Refining] Total cost after refining is 338858.000000

[10-OPT kick] Total cost after kick is 386390.000000

[2-OPT Refining] Total cost after refining is 338858.000000

[10-OPT kick] Total cost after kick is 392606.000000

[2-OPT Refining] Total cost after refining is 338858.000000

[10-OPT kick] Total cost after kick is 390185.000000

[2-OPT Refining] Total cost after refining is 338858.000000

[10-OPT kick] Total cost after kick is 379667.000000

[2-OPT Refining] Total cost after refining is 338858.000000

[10-OPT kick] Total cost after kick is 397134.000000

[2-OPT Refining] Total cost after refining is 338858.000000

[10-OPT kick] Total cost after kick is 400493.000000

[2-OPT Refining] Total cost after refining is 338858.000000

[10-OPT kick] Total cost after kick is 383747.000000

[2-OPT Refining] Total cost after refining is 338858.000000

[10-OPT kick] Total cost after kick is 391536.000000

[2-OPT Refining] Total cost after refining is 338858.000000

[10-OPT kick] Total cost after kick is 380844.000000

[2-OPT Refining] Total cost after refining is 338858.000000

[10-OPT kick] Total cost after kick is 397165.000000

[2-OPT Refining] Total cost after refining is 338858.000000

[10-OPT kick] Total cost after kick is 388963.000000

[2-OPT Refining] Total cost after refining is 338858.000000

[10-OPT kick] Total cost after kick is 377969.000000

[2-OPT Refining] Total cost after refining is 338858.000000

[10-OPT kick] Total cost after kick is 384527.000000

[2-OPT Refining] Total cost after refining is 338858.000000

[10-OPT kick] Total cost after kick is 383670.000000

[2-OPT Refining] Total cost after refining is 338858.000000

[10-OPT kick] Total cost after kick is 399006.000000

[2-OPT Refining] Total cost after refining is 338858.000000

[10-OPT kick] Total cost after kick is 388335.000000

[2-OPT Refining] Total cost after refining is 338858.000000

[10-OPT kick] Total cost after kick is 396848.000000

[2-OPT Refining] Total cost after refining is 338858.000000

[10-OPT kick] Total cost after kick is 389858.000000

[2-OPT Refining] Total cost after refining is 338858.000000

[10-OPT kick] Total cost after kick is 382700.000000

[2-OPT Refining] Total cost after refining is 338858.000000

[10-OPT kick] Total cost after kick is 390735.000000

[2-OPT Refining] Total cost after refining is 338858.000000

[10-OPT kick] Total cost after kick is 391590.000000

[2-OPT Refining] Total cost after refining is 338858.000000

[10-OPT kick] Total cost after kick is 381989.000000

[2-OPT Refining] Total cost after refining is 338858.000000

[10-OPT kick] Total cost after kick is 376988.000000

[2-OPT Refining] Total cost after refining is 338858.000000

[10-OPT kick] Total cost after kick is 377552.000000

[2-OPT Refining] Total cost after refining is 338858.000000

[10-OPT kick] Total cost after kick is 388897.000000

[2-OPT Refining] Total cost after refining is 338858.000000

[10-OPT kick] Total cost after kick is 391909.000000

[2-OPT Refining] Total cost after refining is 338858.000000

[10-OPT kick] Total cost after kick is 376250.000000

[2-OPT Refining] Total cost after refining is 338858.000000

[10-OPT kick] Total cost after kick is 386005.000000

[2-OPT Refining] Total cost after refining is 338858.000000

[10-OPT kick] Total cost after kick is 372352.000000

[2-OPT Refining] Total cost after refining is 338858.000000

[10-OPT kick] Total cost after kick is 372246.000000

[2-OPT Refining] Total cost after refining is 338858.000000

[10-OPT kick] Total cost after kick is 403835.000000

[2-OPT Refining] Total cost after refining is 338858.000000

[10-OPT kick] Total cost after kick is 395348.000000

[2-OPT Refining] Total cost after refining is 339498.000000

[10-OPT kick] Total cost after kick is 391823.000000

[2-OPT Refining] Total cost after refining is 338858.000000

[10-OPT kick] Total cost after kick is 382088.000000

[2-OPT Refining] Total cost after refining is 338858.000000

[10-OPT kick] Total cost after kick is 387592.000000

[2-OPT Refining] Total cost after refining is 338858.000000

[10-OPT kick] Total cost after kick is 383915.000000

[2-OPT Refining] Total cost after refining is 338858.000000

[10-OPT kick] Total cost after kick is 389549.000000

[2-OPT Refining] Total cost after refining is 338858.000000

[10-OPT kick] Total cost after kick is 371143.000000

[2-OPT Refining] Total cost after refining is 338858.000000

[10-OPT kick] Total cost after kick is 383184.000000

[2-OPT Refining] Total cost after refining is 338858.000000

[10-OPT kick] Total cost after kick is 391057.000000

[2-OPT Refining] Total cost after refining is 338858.000000

[10-OPT kick] Total cost after kick is 381430.000000

[2-OPT Refining] Total cost after refining is 338858.000000

[10-OPT kick] Total cost after kick is 398050.000000

[2-OPT Refining] Total cost after refining is 338858.000000

[10-OPT kick] Total cost after kick is 377589.000000

[2-OPT Refining] Total cost after refining is 338858.000000

[10-OPT kick] Total cost after kick is 401024.000000

[2-OPT Refining] Total cost after refining is 338858.000000

[10-OPT kick] Total cost after kick is 387722.000000

[2-OPT Refining] Total cost after refining is 338858.000000

[10-OPT kick] Total cost after kick is 375059.000000

[2-OPT Refining] Total cost after refining is 338858.000000

[10-OPT kick] Total cost after kick is 385845.000000

[2-OPT Refining] Total cost after refining is 338858.000000

[10-OPT kick] Total cost after kick is 400779.000000

[2-OPT Refining] Total cost after refining is 338858.000000

[10-OPT kick] Total cost after kick is 401397.000000

[2-OPT Refining] Total cost after refining is 338858.000000

[10-OPT kick] Total cost after kick is 399636.000000

[2-OPT Refining] Total cost after refining is 338858.000000

[10-OPT kick] Total cost after kick is 391432.000000

[2-OPT Refining] Total cost after refining is 338858.000000

[10-OPT kick] Total cost after kick is 400609.000000

[2-OPT Refining] Total cost after refining is 338858.000000

[10-OPT kick] Total cost after kick is 382753.000000

[2-OPT Refining] Total cost after refining is 338858.000000

[10-OPT kick] Total cost after kick is 381927.000000

[2-OPT Refining] Total cost after refining is 338858.000000

[10-OPT kick] Total cost after kick is 386816.000000

[2-OPT Refining] Total cost after refining is 338858.000000

[10-OPT kick] Total cost after kick is 367404.000000

[2-OPT Refining] Total cost after refining is 338858.000000

[10-OPT kick] Total cost after kick is 391908.000000

[2-OPT Refining] Total cost after refining is 338858.000000

[10-OPT kick] Total cost after kick is 399787.000000

[2-OPT Refining] Total cost after refining is 338858.000000

[10-OPT kick] Total cost after kick is 397436.000000

[2-OPT Refining] Total cost after refining is 338858.000000

[10-OPT kick] Total cost after kick is 388000.000000

[2-OPT Refining] Total cost after refining is 338858.000000

[10-OPT kick] Total cost after kick is 394831.000000

[2-OPT Refining] Total cost after refining is 338858.000000

[10-OPT kick] Total cost after kick is 392250.000000

[2-OPT Refining] Total cost after refining is 338858.000000

[10-OPT kick] Total cost after kick is 383562.000000

[2-OPT Refining] Total cost after refining is 338989.000000

[10-OPT kick] Total cost after kick is 399239.000000

[2-OPT Refining] Total cost after refining is 338858.000000

[10-OPT kick] Total cost after kick is 390991.000000

[2-OPT Refining] Total cost after refining is 338858.000000

[10-OPT kick] Total cost after kick is 382911.000000

[2-OPT Refining] Total cost after refining is 338858.000000

[10-OPT kick] Total cost after kick is 361124.000000

[2-OPT Refining] Total cost after refining is 339036.000000

[10-OPT kick] Total cost after kick is 376241.000000

[2-OPT Refining] Total cost after refining is 339249.000000

[10-OPT kick] Total cost after kick is 394345.000000

[2-OPT Refining] Total cost after refining is 338858.000000

[10-OPT kick] Total cost after kick is 391362.000000

[2-OPT Refining] Total cost after refining is 338858.000000

[10-OPT kick] Total cost after kick is 378645.000000

[2-OPT Refining] Total cost after refining is 338858.000000

[10-OPT kick] Total cost after kick is 378744.000000

[2-OPT Refining] Total cost after refining is 338858.000000

[10-OPT kick] Total cost after kick is 390009.000000

[2-OPT Refining] Total cost after refining is 338858.000000

[10-OPT kick] Total cost after kick is 371972.000000

[2-OPT Refining] Total cost after refining is 338858.000000

[10-OPT kick] Total cost after kick is 389020.000000

[2-OPT Refining] Total cost after refining is 338858.000000

[10-OPT kick] Total cost after kick is 383185.000000

[2-OPT Refining] Total cost after refining is 338858.000000

[10-OPT kick] Total cost after kick is 376133.000000

[2-OPT Refining] Total cost after refining is 338858.000000

[10-OPT kick] Total cost after kick is 392482.000000

[2-OPT Refining] Total cost after refining is 338858.000000

[10-OPT kick] Total cost after kick is 383448.000000

[2-OPT Refining] Total cost after refining is 338858.000000

[10-OPT kick] Total cost after kick is 379606.000000

[2-OPT Refining] Total cost after refining is 338858.000000

[10-OPT kick] Total cost after kick is 384707.000000

[2-OPT Refining] Total cost after refining is 338858.000000

[10-OPT kick] Total cost after kick is 388738.000000

[2-OPT Refining] Total cost after refining is 338858.000000

[10-OPT kick] Total cost after kick is 372650.000000

[2-OPT Refining] Total cost after refining is 338858.000000

[10-OPT kick] Total cost after kick is 371742.000000

[2-OPT Refining] Total cost after refining is 338858.000000

[10-OPT kick] Total cost after kick is 385283.000000

[2-OPT Refining] Total cost after refining is 338858.000000

[10-OPT kick] Total cost after kick is 372763.000000

[2-OPT Refining] Total cost after refining is 338858.000000

[10-OPT kick] Total cost after kick is 386108.000000

[2-OPT Refining] Total cost after refining is 338858.000000

[10-OPT kick] Total cost after kick is 386711.000000

[2-OPT Refining] Total cost after refining is 338858.000000

[10-OPT kick] Total cost after kick is 386526.000000

[2-OPT Refining] Total cost after refining is 338858.000000

[10-OPT kick] Total cost after kick is 388857.000000

[2-OPT Refining] Total cost after refining is 338858.000000

[10-OPT kick] Total cost after kick is 375398.000000

[2-OPT Refining] Total cost after refining is 338858.000000

[10-OPT kick] Total cost after kick is 387964.000000

[2-OPT Refining] Total cost after refining is 338858.000000

[10-OPT kick] Total cost after kick is 389322.000000

[2-OPT Refining] Total cost after refining is 338858.000000

[10-OPT kick] Total cost after kick is 371143.000000

[2-OPT Refining] Total cost after refining is 338858.000000

[10-OPT kick] Total cost after kick is 370473.000000

[2-OPT Refining] Total cost after refining is 338858.000000

[10-OPT kick] Total cost after kick is 384749.000000

[2-OPT Refining] Total cost after refining is 338858.000000

[10-OPT kick] Total cost after kick is 403835.000000

[2-OPT Refining] Total cost after refining is 338858.000000

[10-OPT kick] Total cost after kick is 398367.000000

[2-OPT Refining] Total cost after refining is 338858.000000

[10-OPT kick] Total cost after kick is 391305.000000

[2-OPT Refining] Total cost after refining is 338858.000000

[10-OPT kick] Total cost after kick is 383559.000000

[2-OPT Refining] Total cost after refining is 338858.000000

[10-OPT kick] Total cost after kick is 394847.000000

[2-OPT Refining] Total cost after refining is 338858.000000

[10-OPT kick] Total cost after kick is 384321.000000

[2-OPT Refining] Total cost after refining is 338858.000000

[10-OPT kick] Total cost after kick is 381169.000000

[2-OPT Refining] Total cost after refining is 338858.000000

[10-OPT kick] Total cost after kick is 387201.000000

[2-OPT Refining] Total cost after refining is 338858.000000

[10-OPT kick] Total cost after kick is 386887.000000

[2-OPT Refining] Total cost after refining is 338858.000000

[10-OPT kick] Total cost after kick is 383156.000000

[2-OPT Refining] Total cost after refining is 338858.000000

[10-OPT kick] Total cost after kick is 381117.000000

[2-OPT Refining] Total cost after refining is 338858.000000

[10-OPT kick] Total cost after kick is 393664.000000

[2-OPT Refining] Total cost after refining is 338858.000000

[10-OPT kick] Total cost after kick is 393678.000000

[2-OPT Refining] Total cost after refining is 338858.000000

[10-OPT kick] Total cost after kick is 379629.000000

[2-OPT Refining] Total cost after refining is 338858.000000

[10-OPT kick] Total cost after kick is 393170.000000

[2-OPT Refining] Total cost after refining is 338858.000000

[10-OPT kick] Total cost after kick is 401229.000000

[2-OPT Refining] Total cost after refining is 338858.000000

[10-OPT kick] Total cost after kick is 386341.000000

[2-OPT Refining] Total cost after refining is 338858.000000

[10-OPT kick] Total cost after kick is 375387.000000

[2-OPT Refining] Total cost after refining is 338858.000000

[10-OPT kick] Total cost after kick is 371077.000000

[2-OPT Refining] Total cost after refining is 338858.000000

[10-OPT kick] Total cost after kick is 379074.000000

[2-OPT Refining] Total cost after refining is 338858.000000

[10-OPT kick] Total cost after kick is 388355.000000

[2-OPT Refining] Total cost after refining is 338858.000000

[10-OPT kick] Total cost after kick is 387040.000000

[2-OPT Refining] Total cost after refining is 338858.000000

[10-OPT kick] Total cost after kick is 395324.000000

[2-OPT Refining] Total cost after refining is 338858.000000

[10-OPT kick] Total cost after kick is 382392.000000

[2-OPT Refining] Total cost after refining is 338858.000000

[10-OPT kick] Total cost after kick is 386671.000000

[2-OPT Refining] Total cost after refining is 338858.000000

[10-OPT kick] Total cost after kick is 394678.000000

[2-OPT Refining] Total cost after refining is 338858.000000

[10-OPT kick] Total cost after kick is 380394.000000

[2-OPT Refining] Total cost after refining is 338858.000000

[10-OPT kick] Total cost after kick is 381560.000000

[2-OPT Refining] Total cost after refining is 338858.000000

[10-OPT kick] Total cost after kick is 392519.000000

[2-OPT Refining] Total cost after refining is 338858.000000

[10-OPT kick] Total cost after kick is 389856.000000

[2-OPT Refining] Total cost after refining is 338858.000000

[10-OPT kick] Total cost after kick is 388664.000000

[2-OPT Refining] Total cost after refining is 338858.000000

[10-OPT kick] Total cost after kick is 383187.000000

[2-OPT Refining] Total cost after refining is 338858.000000

[10-OPT kick] Total cost after kick is 390902.000000

[2-OPT Refining] Total cost after refining is 338858.000000

[10-OPT kick] Total cost after kick is 389965.000000

[2-OPT Refining] Total cost after refining is 338858.000000

[10-OPT kick] Total cost after kick is 393325.000000

[2-OPT Refining] Total cost after refining is 338858.000000

[10-OPT kick] Total cost after kick is 376486.000000

[2-OPT Refining] Total cost after refining is 338858.000000

[10-OPT kick] Total cost after kick is 371078.000000

[2-OPT Refining] Total cost after refining is 338858.000000

[10-OPT kick] Total cost after kick is 392841.000000

[2-OPT Refining] Total cost after refining is 339986.000000

[10-OPT kick] Total cost after kick is 397112.000000

[2-OPT Refining] Total cost after refining is 338858.000000

[10-OPT kick] Total cost after kick is 400477.000000

[2-OPT Refining] Total cost after refining is 338858.000000

[10-OPT kick] Total cost after kick is 383655.000000

[2-OPT Refining] Total cost after refining is 338858.000000

[10-OPT kick] Total cost after kick is 391825.000000

[2-OPT Refining] Total cost after refining is 338858.000000

[10-OPT kick] Total cost after kick is 396710.000000

[2-OPT Refining] Total cost after refining is 338858.000000

[10-OPT kick] Total cost after kick is 379442.000000

[2-OPT Refining] Total cost after refining is 338858.000000

[10-OPT kick] Total cost after kick is 380841.000000

[2-OPT Refining] Total cost after refining is 338858.000000

[10-OPT kick] Total cost after kick is 390722.000000

[2-OPT Refining] Total cost after refining is 338858.000000

[10-OPT kick] Total cost after kick is 384105.000000

[2-OPT Refining] Total cost after refining is 338858.000000

[10-OPT kick] Total cost after kick is 390784.000000

[2-OPT Refining] Total cost after refining is 338858.000000

[10-OPT kick] Total cost after kick is 389941.000000

[2-OPT Refining] Total cost after refining is 338858.000000

[10-OPT kick] Total cost after kick is 399753.000000

[2-OPT Refining] Total cost after refining is 338858.000000

[10-OPT kick] Total cost after kick is 415143.000000

[2-OPT Refining] Total cost after refining is 338858.000000

[10-OPT kick] Total cost after kick is 391710.000000

[2-OPT Refining] Total cost after refining is 338858.000000

[10-OPT kick] Total cost after kick is 386013.000000

[2-OPT Refining] Total cost after refining is 338858.000000

[10-OPT kick] Total cost after kick is 372056.000000

[2-OPT Refining] Total cost after refining is 338858.000000

[10-OPT kick] Total cost after kick is 380693.000000

[2-OPT Refining] Total cost after refining is 338858.000000

[10-OPT kick] Total cost after kick is 390290.000000

[2-OPT Refining] Total cost after refining is 338858.000000

[10-OPT kick] Total cost after kick is 401824.000000

[2-OPT Refining] Total cost after refining is 338858.000000

[10-OPT kick] Total cost after kick is 389767.000000

[2-OPT Refining] Total cost after refining is 338858.000000

[10-OPT kick] Total cost after kick is 385887.000000

[2-OPT Refining] Total cost after refining is 338858.000000

[10-OPT kick] Total cost after kick is 393313.000000

[2-OPT Refining] Total cost after refining is 338858.000000

[10-OPT kick] Total cost after kick is 387704.000000

[2-OPT Refining] Total cost after refining is 338858.000000

[10-OPT kick] Total cost after kick is 374674.000000

[2-OPT Refining] Total cost after refining is 338858.000000

[10-OPT kick] Total cost after kick is 389316.000000

[2-OPT Refining] Total cost after refining is 338858.000000

[10-OPT kick] Total cost after kick is 380565.000000

[2-OPT Refining] Total cost after refining is 338858.000000

[10-OPT kick] Total cost after kick is 379944.000000

[2-OPT Refining] Total cost after refining is 338858.000000

[10-OPT kick] Total cost after kick is 392339.000000

[2-OPT Refining] Total cost after refining is 338858.000000

[10-OPT kick] Total cost after kick is 389615.000000

[2-OPT Refining] Total cost after refining is 338858.000000

[10-OPT kick] Total cost after kick is 383465.000000

[2-OPT Refining] Total cost after refining is 338858.000000

[10-OPT kick] Total cost after kick is 377442.000000

[2-OPT Refining] Total cost after refining is 338858.000000

[10-OPT kick] Total cost after kick is 389391.000000

[2-OPT Refining] Total cost after refining is 338858.000000

[10-OPT kick] Total cost after kick is 402201.000000

[2-OPT Refining] Total cost after refining is 338858.000000

[10-OPT kick] Total cost after kick is 389055.000000

[2-OPT Refining] Total cost after refining is 338858.000000

[10-OPT kick] Total cost after kick is 415424.000000

[2-OPT Refining] Total cost after refining is 338858.000000

[10-OPT kick] Total cost after kick is 398070.000000

[2-OPT Refining] Total cost after refining is 338858.000000

[10-OPT kick] Total cost after kick is 376073.000000

[2-OPT Refining] Total cost after refining is 338858.000000

[10-OPT kick] Total cost after kick is 381371.000000

[2-OPT Refining] Total cost after refining is 338858.000000

[10-OPT kick] Total cost after kick is 397393.000000

[2-OPT Refining] Total cost after refining is 338858.000000

[10-OPT kick] Total cost after kick is 395999.000000

[2-OPT Refining] Total cost after refining is 338858.000000

[10-OPT kick] Total cost after kick is 389258.000000

[2-OPT Refining] Total cost after refining is 338858.000000

[10-OPT kick] Total cost after kick is 392462.000000

[2-OPT Refining] Total cost after refining is 338858.000000

[10-OPT kick] Total cost after kick is 371220.000000

[2-OPT Refining] Total cost after refining is 338858.000000

[10-OPT kick] Total cost after kick is 397931.000000

[2-OPT Refining] Total cost after refining is 338858.000000

[10-OPT kick] Total cost after kick is 384486.000000

[2-OPT Refining] Total cost after refining is 338858.000000

[10-OPT kick] Total cost after kick is 374851.000000

[2-OPT Refining] Total cost after refining is 338858.000000

[10-OPT kick] Total cost after kick is 392412.000000

[2-OPT Refining] Total cost after refining is 338858.000000

[10-OPT kick] Total cost after kick is 404890.000000

[2-OPT Refining] Total cost after refining is 338858.000000

[10-OPT kick] Total cost after kick is 397712.000000

[2-OPT Refining] Total cost after refining is 338858.000000

[10-OPT kick] Total cost after kick is 395330.000000

[2-OPT Refining] Total cost after refining is 338858.000000

[10-OPT kick] Total cost after kick is 385790.000000

[2-OPT Refining] Total cost after refining is 338858.000000

[10-OPT kick] Total cost after kick is 394184.000000

[2-OPT Refining] Total cost after refining is 338858.000000

[10-OPT kick] Total cost after kick is 394520.000000

[2-OPT Refining] Total cost after refining is 338858.000000

[10-OPT kick] Total cost after kick is 394005.000000

[2-OPT Refining] Total cost after refining is 338858.000000

[10-OPT kick] Total cost after kick is 389822.000000

[2-OPT Refining] Total cost after refining is 338858.000000

[10-OPT kick] Total cost after kick is 385327.000000

[2-OPT Refining] Total cost after refining is 338858.000000

[10-OPT kick] Total cost after kick is 373082.000000

[2-OPT Refining] Total cost after refining is 338858.000000

[10-OPT kick] Total cost after kick is 409917.000000

[2-OPT Refining] Total cost after refining is 338858.000000

[10-OPT kick] Total cost after kick is 394331.000000

[2-OPT Refining] Total cost after refining is 338858.000000

[10-OPT kick] Total cost after kick is 388607.000000

[2-OPT Refining] Total cost after refining is 338858.000000

[10-OPT kick] Total cost after kick is 374592.000000

[2-OPT Refining] Total cost after refining is 338858.000000

[10-OPT kick] Total cost after kick is 364632.000000

[2-OPT Refining] Total cost after refining is 338858.000000

[10-OPT kick] Total cost after kick is 363318.000000

[2-OPT Refining] Total cost after refining is 338858.000000

[10-OPT kick] Total cost after kick is 394402.000000

[2-OPT Refining] Total cost after refining is 338858.000000

[10-OPT kick] Total cost after kick is 402674.000000

[2-OPT Refining] Total cost after refining is 338858.000000

[10-OPT kick] Total cost after kick is 392867.000000

[2-OPT Refining] Total cost after refining is 338858.000000

[10-OPT kick] Total cost after kick is 381119.000000

[2-OPT Refining] Total cost after refining is 338858.000000

[10-OPT kick] Total cost after kick is 393072.000000

[2-OPT Refining] Total cost after refining is 338858.000000

[10-OPT kick] Total cost after kick is 383005.000000

[2-OPT Refining] Total cost after refining is 338858.000000

[10-OPT kick] Total cost after kick is 382903.000000

[2-OPT Refining] Total cost after refining is 338858.000000

[10-OPT kick] Total cost after kick is 384587.000000

[2-OPT Refining] Total cost after refining is 338858.000000

[10-OPT kick] Total cost after kick is 379764.000000

[2-OPT Refining] Total cost after refining is 338858.000000

[10-OPT kick] Total cost after kick is 374783.000000

[2-OPT Refining] Total cost after refining is 338858.000000

[10-OPT kick] Total cost after kick is 384981.000000

[2-OPT Refining] Total cost after refining is 338858.000000

[10-OPT kick] Total cost after kick is 384416.000000

[2-OPT Refining] Total cost after refining is 339126.000000

[10-OPT kick] Total cost after kick is 399917.000000

[2-OPT Refining] Total cost after refining is 338858.000000

[10-OPT kick] Total cost after kick is 388785.000000

[2-OPT Refining] Total cost after refining is 338858.000000

[10-OPT kick] Total cost after kick is 394030.000000

[2-OPT Refining] Total cost after refining is 338858.000000

[10-OPT kick] Total cost after kick is 382851.000000

[2-OPT Refining] Total cost after refining is 338858.000000

[10-OPT kick] Total cost after kick is 391221.000000

[2-OPT Refining] Total cost after refining is 338858.000000

[10-OPT kick] Total cost after kick is 387804.000000

[2-OPT Refining] Total cost after refining is 338858.000000

[10-OPT kick] Total cost after kick is 385727.000000

[2-OPT Refining] Total cost after refining is 338858.000000

[10-OPT kick] Total cost after kick is 386850.000000

[2-OPT Refining] Total cost after refining is 338858.000000

[10-OPT kick] Total cost after kick is 398059.000000

[2-OPT Refining] Total cost after refining is 338858.000000

[10-OPT kick] Total cost after kick is 382375.000000

[2-OPT Refining] Total cost after refining is 338858.000000

[10-OPT kick] Total cost after kick is 379269.000000

[2-OPT Refining] Total cost after refining is 338858.000000

[10-OPT kick] Total cost after kick is 397097.000000

[2-OPT Refining] Total cost after refining is 338858.000000

[10-OPT kick] Total cost after kick is 399269.000000

[2-OPT Refining] Total cost after refining is 338858.000000

[10-OPT kick] Total cost after kick is 386949.000000

[2-OPT Refining] Total cost after refining is 338858.000000

[10-OPT kick] Total cost after kick is 381337.000000

[2-OPT Refining] Total cost after refining is 338858.000000

[10-OPT kick] Total cost after kick is 394538.000000

[2-OPT Refining] Total cost after refining is 338858.000000

[10-OPT kick] Total cost after kick is 387457.000000

[2-OPT Refining] Total cost after refining is 338858.000000

[10-OPT kick] Total cost after kick is 400593.000000

[2-OPT Refining] Total cost after refining is 338858.000000

[10-OPT kick] Total cost after kick is 374285.000000

[2-OPT Refining] Total cost after refining is 338858.000000

[10-OPT kick] Total cost after kick is 381913.000000

[2-OPT Refining] Total cost after refining is 338858.000000

[10-OPT kick] Total cost after kick is 378933.000000

[2-OPT Refining] Total cost after refining is 338858.000000

[10-OPT kick] Total cost after kick is 389517.000000

[2-OPT Refining] Total cost after refining is 338858.000000

[10-OPT kick] Total cost after kick is 390482.000000

[2-OPT Refining] Total cost after refining is 338858.000000

[10-OPT kick] Total cost after kick is 382945.000000

[2-OPT Refining] Total cost after refining is 338858.000000

[10-OPT kick] Total cost after kick is 395925.000000

[2-OPT Refining] Total cost after refining is 338858.000000

[10-OPT kick] Total cost after kick is 398832.000000

[2-OPT Refining] Total cost after refining is 338858.000000

[10-OPT kick] Total cost after kick is 389535.000000

[2-OPT Refining] Total cost after refining is 338858.000000

[10-OPT kick] Total cost after kick is 378920.000000

[2-OPT Refining] Total cost after refining is 338858.000000

[10-OPT kick] Total cost after kick is 381274.000000

[2-OPT Refining] Total cost after refining is 338858.000000

[10-OPT kick] Total cost after kick is 396422.000000

[2-OPT Refining] Total cost after refining is 338858.000000

[10-OPT kick] Total cost after kick is 388611.000000

[2-OPT Refining] Total cost after refining is 338858.000000

[10-OPT kick] Total cost after kick is 385529.000000

[2-OPT Refining] Total cost after refining is 338858.000000

[10-OPT kick] Total cost after kick is 360434.000000

[2-OPT Refining] Total cost after refining is 338858.000000

[10-OPT kick] Total cost after kick is 377192.000000

[2-OPT Refining] Total cost after refining is 338858.000000

[10-OPT kick] Total cost after kick is 391201.000000

[2-OPT Refining] Total cost after refining is 338858.000000

[10-OPT kick] Total cost after kick is 386002.000000

[2-OPT Refining] Total cost after refining is 338858.000000

[10-OPT kick] Total cost after kick is 402359.000000

[2-OPT Refining] Total cost after refining is 338858.000000

[10-OPT kick] Total cost after kick is 410996.000000

[2-OPT Refining] Total cost after refining is 338858.000000

[10-OPT kick] Total cost after kick is 394183.000000

[2-OPT Refining] Total cost after refining is 338858.000000

[10-OPT kick] Total cost after kick is 379559.000000

[2-OPT Refining] Total cost after refining is 338858.000000

[10-OPT kick] Total cost after kick is 392905.000000

[2-OPT Refining] Total cost after refining is 338858.000000

[10-OPT kick] Total cost after kick is 399572.000000

[2-OPT Refining] Total cost after refining is 338858.000000

[10-OPT kick] Total cost after kick is 401310.000000

[2-OPT Refining] Total cost after refining is 338858.000000

[10-OPT kick] Total cost after kick is 382325.000000

[2-OPT Refining] Total cost after refining is 338858.000000

[10-OPT kick] Total cost after kick is 382032.000000

[2-OPT Refining] Total cost after refining is 338858.000000

[10-OPT kick] Total cost after kick is 395839.000000

[2-OPT Refining] Total cost after refining is 338858.000000

[10-OPT kick] Total cost after kick is 381400.000000

[2-OPT Refining] Total cost after refining is 338858.000000

[10-OPT kick] Total cost after kick is 390096.000000

[2-OPT Refining] Total cost after refining is 338858.000000

[10-OPT kick] Total cost after kick is 388561.000000

[2-OPT Refining] Total cost after refining is 338858.000000

[10-OPT kick] Total cost after kick is 397227.000000

[2-OPT Refining] Total cost after refining is 338858.000000

[10-OPT kick] Total cost after kick is 392572.000000

[2-OPT Refining] Total cost after refining is 338858.000000

[10-OPT kick] Total cost after kick is 400430.000000

[2-OPT Refining] Total cost after refining is 338858.000000

[10-OPT kick] Total cost after kick is 380049.000000

[2-OPT Refining] Total cost after refining is 338858.000000

[10-OPT kick] Total cost after kick is 378125.000000

[2-OPT Refining] Total cost after refining is 338858.000000

[10-OPT kick] Total cost after kick is 382673.000000

[2-OPT Refining] Total cost after refining is 338858.000000

[10-OPT kick] Total cost after kick is 383000.000000

[2-OPT Refining] Total cost after refining is 338858.000000

[10-OPT kick] Total cost after kick is 380782.000000

[2-OPT Refining] Total cost after refining is 338858.000000

[10-OPT kick] Total cost after kick is 393176.000000

[2-OPT Refining] Total cost after refining is 338858.000000

[10-OPT kick] Total cost after kick is 401494.000000

[2-OPT Refining] Total cost after refining is 338858.000000

[10-OPT kick] Total cost after kick is 397696.000000

[2-OPT Refining] Total cost after refining is 338858.000000

[10-OPT kick] Total cost after kick is 389967.000000

[2-OPT Refining] Total cost after refining is 338858.000000

[10-OPT kick] Total cost after kick is 381634.000000

[2-OPT Refining] Total cost after refining is 338858.000000

[10-OPT kick] Total cost after kick is 382345.000000

[2-OPT Refining] Total cost after refining is 338858.000000

[10-OPT kick] Total cost after kick is 383796.000000

[2-OPT Refining] Total cost after refining is 338858.000000

[10-OPT kick] Total cost after kick is 394620.000000

[2-OPT Refining] Total cost after refining is 338536.000000

 	[VNS] Update in best_val 338536.000000

[10-OPT kick] Total cost after kick is 377034.000000

[2-OPT Refining] Total cost after refining is 338536.000000

[10-OPT kick] Total cost after kick is 381822.000000

[2-OPT Refining] Total cost after refining is 338536.000000

[10-OPT kick] Total cost after kick is 381214.000000

[2-OPT Refining] Total cost after refining is 338536.000000

[10-OPT kick] Total cost after kick is 386943.000000

[2-OPT Refining] Total cost after refining is 338536.000000

[10-OPT kick] Total cost after kick is 388892.000000

[2-OPT Refining] Total cost after refining is 338536.000000

[10-OPT kick] Total cost after kick is 384387.000000

[2-OPT Refining] Total cost after refining is 338536.000000

[10-OPT kick] Total cost after kick is 376699.000000

[2-OPT Refining] Total cost after refining is 338536.000000

[10-OPT kick] Total cost after kick is 374201.000000

[2-OPT Refining] Total cost after refining is 338536.000000

[10-OPT kick] Total cost after kick is 374845.000000

[2-OPT Refining] Total cost after refining is 338536.000000

[10-OPT kick] Total cost after kick is 389185.000000

[2-OPT Refining] Total cost after refining is 338536.000000

[10-OPT kick] Total cost after kick is 376631.000000

[2-OPT Refining] Total cost after refining is 338536.000000

[10-OPT kick] Total cost after kick is 370233.000000

[2-OPT Refining] Total cost after refining is 338536.000000

[10-OPT kick] Total cost after kick is 370721.000000

[2-OPT Refining] Total cost after refining is 338536.000000

[10-OPT kick] Total cost after kick is 399880.000000

[2-OPT Refining] Total cost after refining is 338536.000000

[10-OPT kick] Total cost after kick is 394449.000000

[2-OPT Refining] Total cost after refining is 338536.000000

[10-OPT kick] Total cost after kick is 384276.000000

[2-OPT Refining] Total cost after refining is 338536.000000

[10-OPT kick] Total cost after kick is 379319.000000

[2-OPT Refining] Total cost after refining is 338536.000000

[10-OPT kick] Total cost after kick is 376488.000000

[2-OPT Refining] Total cost after refining is 338536.000000

[10-OPT kick] Total cost after kick is 379537.000000

[2-OPT Refining] Total cost after refining is 338536.000000

[10-OPT kick] Total cost after kick is 381144.000000

[2-OPT Refining] Total cost after refining is 338536.000000

[10-OPT kick] Total cost after kick is 385223.000000

[2-OPT Refining] Total cost after refining is 338536.000000

[10-OPT kick] Total cost after kick is 399841.000000

[2-OPT Refining] Total cost after refining is 338536.000000

[10-OPT kick] Total cost after kick is 392953.000000

[2-OPT Refining] Total cost after refining is 338536.000000

[10-OPT kick] Total cost after kick is 379023.000000

[2-OPT Refining] Total cost after refining is 338536.000000

[10-OPT kick] Total cost after kick is 383406.000000

[2-OPT Refining] Total cost after refining is 338536.000000

[10-OPT kick] Total cost after kick is 391101.000000

[2-OPT Refining] Total cost after refining is 338536.000000

[10-OPT kick] Total cost after kick is 405049.000000

[2-OPT Refining] Total cost after refining is 338536.000000

[10-OPT kick] Total cost after kick is 379801.000000

[2-OPT Refining] Total cost after refining is 338536.000000

[10-OPT kick] Total cost after kick is 386319.000000

[2-OPT Refining] Total cost after refining is 338536.000000

[10-OPT kick] Total cost after kick is 400786.000000

[2-OPT Refining] Total cost after refining is 338536.000000

[10-OPT kick] Total cost after kick is 395236.000000

[2-OPT Refining] Total cost after refining is 338536.000000

[10-OPT kick] Total cost after kick is 394097.000000

[2-OPT Refining] Total cost after refining is 338536.000000

[10-OPT kick] Total cost after kick is 384944.000000

[2-OPT Refining] Total cost after refining is 338536.000000

[10-OPT kick] Total cost after kick is 380791.000000

[2-OPT Refining] Total cost after refining is 338536.000000

[10-OPT kick] Total cost after kick is 390180.000000

[2-OPT Refining] Total cost after refining is 338536.000000

[10-OPT kick] Total cost after kick is 397983.000000

[2-OPT Refining] Total cost after refining is 338536.000000

[10-OPT kick] Total cost after kick is 402447.000000

[2-OPT Refining] Total cost after refining is 338536.000000

[10-OPT kick] Total cost after kick is 395342.000000

[2-OPT Refining] Total cost after refining is 338536.000000

[10-OPT kick] Total cost after kick is 376291.000000

[2-OPT Refining] Total cost after refining is 338536.000000

[10-OPT kick] Total cost after kick is 387596.000000

[2-OPT Refining] Total cost after refining is 338536.000000

[10-OPT kick] Total cost after kick is 395312.000000

[2-OPT Refining] Total cost after refining is 338536.000000

[10-OPT kick] Total cost after kick is 383102.000000

[2-OPT Refining] Total cost after refining is 338536.000000

[10-OPT kick] Total cost after kick is 396852.000000

[2-OPT Refining] Total cost after refining is 338536.000000

[10-OPT kick] Total cost after kick is 380368.000000

[2-OPT Refining] Total cost after refining is 338536.000000

[10-OPT kick] Total cost after kick is 395357.000000

[2-OPT Refining] Total cost after refining is 338536.000000

[10-OPT kick] Total cost after kick is 388572.000000

[2-OPT Refining] Total cost after refining is 338536.000000

[10-OPT kick] Total cost after kick is 392313.000000

[2-OPT Refining] Total cost after refining is 338536.000000

[10-OPT kick] Total cost after kick is 396048.000000

[2-OPT Refining] Total cost after refining is 338536.000000

[10-OPT kick] Total cost after kick is 389357.000000

[2-OPT Refining] Total cost after refining is 338536.000000

[10-OPT kick] Total cost after kick is 386758.000000

[2-OPT Refining] Total cost after refining is 338536.000000

[10-OPT kick] Total cost after kick is 379054.000000

[2-OPT Refining] Total cost after refining is 338536.000000

[10-OPT kick] Total cost after kick is 379714.000000

[2-OPT Refining] Total cost after refining is 338536.000000

[10-OPT kick] Total cost after kick is 376607.000000

[2-OPT Refining] Total cost after refining is 338536.000000

[10-OPT kick] Total cost after kick is 378216.000000

[2-OPT Refining] Total cost after refining is 338536.000000

[10-OPT kick] Total cost after kick is 365862.000000

[2-OPT Refining] Total cost after refining is 338536.000000

[10-OPT kick] Total cost after kick is 383538.000000

[2-OPT Refining] Total cost after refining is 338536.000000

[10-OPT kick] Total cost after kick is 381896.000000

[2-OPT Refining] Total cost after refining is 338536.000000

[10-OPT kick] Total cost after kick is 381218.000000

[2-OPT Refining] Total cost after refining is 338536.000000

[10-OPT kick] Total cost after kick is 379221.000000

[2-OPT Refining] Total cost after refining is 338536.000000

[10-OPT kick] Total cost after kick is 392152.000000

[2-OPT Refining] Total cost after refining is 338536.000000

[10-OPT kick] Total cost after kick is 377248.000000

[2-OPT Refining] Total cost after refining is 338536.000000

[10-OPT kick] Total cost after kick is 404343.000000

[2-OPT Refining] Total cost after refining is 338536.000000

[10-OPT kick] Total cost after kick is 381986.000000

[2-OPT Refining] Total cost after refining is 338536.000000

[10-OPT kick] Total cost after kick is 379823.000000

[2-OPT Refining] Total cost after refining is 338536.000000

[10-OPT kick] Total cost after kick is 374422.000000

[2-OPT Refining] Total cost after refining is 338536.000000

[10-OPT kick] Total cost after kick is 395296.000000

[2-OPT Refining] Total cost after refining is 338536.000000

[10-OPT kick] Total cost after kick is 374887.000000

[2-OPT Refining] Total cost after refining is 338536.000000

[10-OPT kick] Total cost after kick is 391873.000000

[2-OPT Refining] Total cost after refining is 338536.000000

[10-OPT kick] Total cost after kick is 373699.000000

[2-OPT Refining] Total cost after refining is 338536.000000

[10-OPT kick] Total cost after kick is 396619.000000

[2-OPT Refining] Total cost after refining is 338536.000000

[10-OPT kick] Total cost after kick is 375823.000000

[2-OPT Refining] Total cost after refining is 338536.000000

[10-OPT kick] Total cost after kick is 375625.000000

[2-OPT Refining] Total cost after refining is 338536.000000

[10-OPT kick] Total cost after kick is 388188.000000

[2-OPT Refining] Total cost after refining is 338536.000000

[10-OPT kick] Total cost after kick is 378449.000000

[2-OPT Refining] Total cost after refining is 338536.000000

[10-OPT kick] Total cost after kick is 382848.000000

[2-OPT Refining] Total cost after refining is 338536.000000

[10-OPT kick] Total cost after kick is 376778.000000

[2-OPT Refining] Total cost after refining is 338536.000000

[10-OPT kick] Total cost after kick is 392122.000000

[2-OPT Refining] Total cost after refining is 338536.000000

[10-OPT kick] Total cost after kick is 388630.000000

[2-OPT Refining] Total cost after refining is 338536.000000

[10-OPT kick] Total cost after kick is 377743.000000

[2-OPT Refining] Total cost after refining is 338536.000000

[10-OPT kick] Total cost after kick is 393452.000000

[2-OPT Refining] Total cost after refining is 338536.000000

[10-OPT kick] Total cost after kick is 377498.000000

[2-OPT Refining] Total cost after refining is 338839.000000

[10-OPT kick] Total cost after kick is 373853.000000

[2-OPT Refining] Total cost after refining is 338536.000000

[10-OPT kick] Total cost after kick is 390281.000000

[2-OPT Refining] Total cost after refining is 338536.000000

[10-OPT kick] Total cost after kick is 373743.000000

[2-OPT Refining] Total cost after refining is 338536.000000

[10-OPT kick] Total cost after kick is 385804.000000

[2-OPT Refining] Total cost after refining is 338536.000000

[10-OPT kick] Total cost after kick is 388790.000000

[2-OPT Refining] Total cost after refining is 338536.000000

[10-OPT kick] Total cost after kick is 379840.000000

[2-OPT Refining] Total cost after refining is 338536.000000

[10-OPT kick] Total cost after kick is 382445.000000

[2-OPT Refining] Total cost after refining is 338536.000000

[10-OPT kick] Total cost after kick is 389449.000000

[2-OPT Refining] Total cost after refining is 338536.000000

[10-OPT kick] Total cost after kick is 375801.000000

[2-OPT Refining] Total cost after refining is 338536.000000

[10-OPT kick] Total cost after kick is 385827.000000

[2-OPT Refining] Total cost after refining is 338536.000000

[10-OPT kick] Total cost after kick is 385844.000000

[2-OPT Refining] Total cost after refining is 338536.000000

[10-OPT kick] Total cost after kick is 386977.000000

[2-OPT Refining] Total cost after refining is 338536.000000

[10-OPT kick] Total cost after kick is 381583.000000

[2-OPT Refining] Total cost after refining is 338536.000000

[10-OPT kick] Total cost after kick is 387199.000000

[2-OPT Refining] Total cost after refining is 338536.000000

[10-OPT kick] Total cost after kick is 392794.000000

[2-OPT Refining] Total cost after refining is 338536.000000

[10-OPT kick] Total cost after kick is 388463.000000

[2-OPT Refining] Total cost after refining is 338536.000000

[10-OPT kick] Total cost after kick is 373355.000000

[2-OPT Refining] Total cost after refining is 338536.000000

[10-OPT kick] Total cost after kick is 376317.000000

[2-OPT Refining] Total cost after refining is 338536.000000

[10-OPT kick] Total cost after kick is 381566.000000

[2-OPT Refining] Total cost after refining is 338536.000000

[10-OPT kick] Total cost after kick is 375811.000000

[2-OPT Refining] Total cost after refining is 338536.000000

[10-OPT kick] Total cost after kick is 392651.000000

[2-OPT Refining] Total cost after refining is 338536.000000

[10-OPT kick] Total cost after kick is 380415.000000

[2-OPT Refining] Total cost after refining is 338536.000000

[10-OPT kick] Total cost after kick is 373352.000000

[2-OPT Refining] Total cost after refining is 338536.000000

[10-OPT kick] Total cost after kick is 393209.000000

[2-OPT Refining] Total cost after refining is 338536.000000

[10-OPT kick] Total cost after kick is 370441.000000

[2-OPT Refining] Total cost after refining is 339514.000000

[10-OPT kick] Total cost after kick is 387547.000000

[2-OPT Refining] Total cost after refining is 338536.000000

[10-OPT kick] Total cost after kick is 400012.000000

[2-OPT Refining] Total cost after refining is 338536.000000

[10-OPT kick] Total cost after kick is 383657.000000

[2-OPT Refining] Total cost after refining is 338536.000000

[10-OPT kick] Total cost after kick is 399748.000000

[2-OPT Refining] Total cost after refining is 338536.000000

[10-OPT kick] Total cost after kick is 376340.000000

[2-OPT Refining] Total cost after refining is 338536.000000

[10-OPT kick] Total cost after kick is 380901.000000

[2-OPT Refining] Total cost after refining is 338536.000000

[10-OPT kick] Total cost after kick is 379809.000000

[2-OPT Refining] Total cost after refining is 338536.000000

[10-OPT kick] Total cost after kick is 385094.000000

[2-OPT Refining] Total cost after refining is 338536.000000

[10-OPT kick] Total cost after kick is 391403.000000

[2-OPT Refining] Total cost after refining is 338536.000000

[10-OPT kick] Total cost after kick is 395026.000000

[2-OPT Refining] Total cost after refining is 338536.000000

[10-OPT kick] Total cost after kick is 378912.000000

[2-OPT Refining] Total cost after refining is 338536.000000

[10-OPT kick] Total cost after kick is 371963.000000

[2-OPT Refining] Total cost after refining is 338536.000000

[10-OPT kick] Total cost after kick is 388173.000000

[2-OPT Refining] Total cost after refining is 338536.000000

[10-OPT kick] Total cost after kick is 380647.000000

[2-OPT Refining] Total cost after refining is 338536.000000

[10-OPT kick] Total cost after kick is 388988.000000

[2-OPT Refining] Total cost after refining is 338536.000000

[10-OPT kick] Total cost after kick is 397412.000000

[2-OPT Refining] Total cost after refining is 338536.000000

[10-OPT kick] Total cost after kick is 391273.000000

[2-OPT Refining] Total cost after refining is 338536.000000

[10-OPT kick] Total cost after kick is 385948.000000

[2-OPT Refining] Total cost after refining is 338536.000000

[10-OPT kick] Total cost after kick is 370208.000000

[2-OPT Refining] Total cost after refining is 338536.000000

[10-OPT kick] Total cost after kick is 382600.000000

[2-OPT Refining] Total cost after refining is 338536.000000

[10-OPT kick] Total cost after kick is 379995.000000

[2-OPT Refining] Total cost after refining is 338536.000000

[10-OPT kick] Total cost after kick is 366167.000000

[2-OPT Refining] Total cost after refining is 338536.000000

[10-OPT kick] Total cost after kick is 387427.000000

[2-OPT Refining] Total cost after refining is 338536.000000

[10-OPT kick] Total cost after kick is 384695.000000

[2-OPT Refining] Total cost after refining is 338536.000000

[10-OPT kick] Total cost after kick is 382989.000000

[2-OPT Refining] Total cost after refining is 338536.000000

[10-OPT kick] Total cost after kick is 385295.000000

[2-OPT Refining] Total cost after refining is 338536.000000

[10-OPT kick] Total cost after kick is 392981.000000

[2-OPT Refining] Total cost after refining is 338536.000000

[10-OPT kick] Total cost after kick is 398775.000000

[2-OPT Refining] Total cost after refining is 338536.000000

[10-OPT kick] Total cost after kick is 385929.000000

[2-OPT Refining] Total cost after refining is 338536.000000

[10-OPT kick] Total cost after kick is 367779.000000

[2-OPT Refining] Total cost after refining is 338536.000000

[10-OPT kick] Total cost after kick is 384544.000000

[2-OPT Refining] Total cost after refining is 338536.000000

[10-OPT kick] Total cost after kick is 387942.000000

[2-OPT Refining] Total cost after refining is 338536.000000

[10-OPT kick] Total cost after kick is 397660.000000

[2-OPT Refining] Total cost after refining is 338536.000000

[10-OPT kick] Total cost after kick is 379080.000000

[2-OPT Refining] Total cost after refining is 338536.000000

[10-OPT kick] Total cost after kick is 380581.000000

[2-OPT Refining] Total cost after refining is 338536.000000

 	best_val is 338536.000000

----------------------------------------------------------------------------------------------
Took 600.673895 seconds 

	It is a tour!
