../../tsp -generate_random 1000 -time_limit 60 -hard_fixing 0.8 -seed 1 


available parameters (vers. 21-Apr-2024) --------------------------------------------------
-file <input_file> NULL
-time_limit <timelimit> 60.000000
-generate_random <nnodes> 1000
-seed <random_seed> 1

ALGORITHMS:
-greedy <starting_mode> -1 <grasp_mode> -1
-extra_mileage <starting_mode> -1
-two_opt
-VNS <kick_neighborhood> -1
-SA <iterations> -1
-tabu_search <tenure_mode> -1 <aspiration> -1
-genetic_algorithm <repair_mode> -1 <cutting_type> -1
-tsp_opt <model_type> -1
-hard_fixing <probability> 0.800000
-local_branching <branching_constraint> -1

enter -help or --help for help
----------------------------------------------------------------------------------------------


_________________________________________________________
Hard-fixing:


_________________________________________________________
Greedy Heuristic:

 [Greedy Heuristic] The best starting position is node 125 

_________________________________________________________
Branch && Cut:

Found better solution with value: 239342.000000

_________________________________________________________
Branch && Cut:

Found better solution with value: 239342.000000

_________________________________________________________
Branch && Cut:

Found better solution with value: 238657.000000

_________________________________________________________
Branch && Cut:

Found better solution with value: 238426.000000

_________________________________________________________
Branch && Cut:

Found better solution with value: 238426.000000

_________________________________________________________
Branch && Cut:

Found better solution with value: 238081.000000

_________________________________________________________
Branch && Cut:

Found better solution with value: 238081.000000

_________________________________________________________
Branch && Cut:

Found better solution with value: 237925.000000

_________________________________________________________
Branch && Cut:

Found better solution with value: 237853.000000

_________________________________________________________
Branch && Cut:

Found better solution with value: 237853.000000

_________________________________________________________
Branch && Cut:

Found better solution with value: 237813.000000

_________________________________________________________
Branch && Cut:

Found better solution with value: 237813.000000

_________________________________________________________
Branch && Cut:

Found better solution with value: 237813.000000

_________________________________________________________
Branch && Cut:

Found better solution with value: 237813.000000

_________________________________________________________
Branch && Cut:

Found better solution with value: 237813.000000

_________________________________________________________
Branch && Cut:

Found better solution with value: 237813.000000

_________________________________________________________
Branch && Cut:

Found better solution with value: 237813.000000

_________________________________________________________
Branch && Cut:

Found better solution with value: 237813.000000

_________________________________________________________
Branch && Cut:

Found better solution with value: 237813.000000

_________________________________________________________
Branch && Cut:

Found better solution with value: 237813.000000

_________________________________________________________
Branch && Cut:

Found better solution with value: 237813.000000

_________________________________________________________
Branch && Cut:

Found better solution with value: 237581.000000

_________________________________________________________
Branch && Cut:

Found better solution with value: 237581.000000

_________________________________________________________
Branch && Cut:

Found better solution with value: 237581.000000

_________________________________________________________
Branch && Cut:

Found better solution with value: 237581.000000

_________________________________________________________
Branch && Cut:

Found better solution with value: 237192.000000

_________________________________________________________
Branch && Cut:

Found better solution with value: 237192.000000

_________________________________________________________
Branch && Cut:

Found better solution with value: 237192.000000

_________________________________________________________
Branch && Cut:

Found better solution with value: 237192.000000

_________________________________________________________
Branch && Cut:

Found better solution with value: 237192.000000

_________________________________________________________
Branch && Cut:

Found better solution with value: 237165.000000

_________________________________________________________
Branch && Cut:

Found better solution with value: 236864.000000

_________________________________________________________
Branch && Cut:

Found better solution with value: 236864.000000

_________________________________________________________
Branch && Cut:

Found better solution with value: 236830.000000

_________________________________________________________
Branch && Cut:

Found better solution with value: 236830.000000

_________________________________________________________
Branch && Cut:

Found better solution with value: 236830.000000

_________________________________________________________
Branch && Cut:

Found better solution with value: 236819.000000

_________________________________________________________
Branch && Cut:

Found better solution with value: 236819.000000

_________________________________________________________
Branch && Cut:

Found better solution with value: 236819.000000

 	best_val is 236819.000000

----------------------------------------------------------------------------------------------
Took 60.136773 seconds 

	It is a tour!
