../../tsp -generate_random 1000 -time_limit 60 -hard_fixing 0.8 -seed 9 


available parameters (vers. 21-Apr-2024) --------------------------------------------------
-file <input_file> NULL
-time_limit <timelimit> 60.000000
-generate_random <nnodes> 1000
-seed <random_seed> 9

ALGORITHMS:
-greedy <starting_mode> -1 <grasp_mode> -1
-extra_mileage <starting_mode> -1
-two_opt
-VNS <kick_neighborhood> -1
-SA <iterations> -1
-tabu_search <tenure_mode> -1 <aspiration> -1
-genetic_algorithm <repair_mode> -1 <cutting_type> -1
-tsp_opt <model_type> -1
-hard_fixing <probability> 0.800000
-local_branching <branching_constraint> -1

enter -help or --help for help
----------------------------------------------------------------------------------------------


_________________________________________________________
Hard-fixing:


_________________________________________________________
Greedy Heuristic:

 [Greedy Heuristic] The best starting position is node 980 

_________________________________________________________
Branch && Cut:

Found better solution with value: 240758.000000

_________________________________________________________
Branch && Cut:

Found better solution with value: 240758.000000

_________________________________________________________
Branch && Cut:

Found better solution with value: 239752.000000

_________________________________________________________
Branch && Cut:

Found better solution with value: 239435.000000

_________________________________________________________
Branch && Cut:

Found better solution with value: 239435.000000

_________________________________________________________
Branch && Cut:

Found better solution with value: 239190.000000

_________________________________________________________
Branch && Cut:

Found better solution with value: 238869.000000

_________________________________________________________
Branch && Cut:

Found better solution with value: 238869.000000

_________________________________________________________
Branch && Cut:

Found better solution with value: 238869.000000

_________________________________________________________
Branch && Cut:

Found better solution with value: 238869.000000

_________________________________________________________
Branch && Cut:

Found better solution with value: 238639.000000

_________________________________________________________
Branch && Cut:

Found better solution with value: 238615.000000

_________________________________________________________
Branch && Cut:

Found better solution with value: 238233.000000

_________________________________________________________
Branch && Cut:

Found better solution with value: 237912.000000

_________________________________________________________
Branch && Cut:

Found better solution with value: 237912.000000

_________________________________________________________
Branch && Cut:

Found better solution with value: 237912.000000

_________________________________________________________
Branch && Cut:

Found better solution with value: 237912.000000

_________________________________________________________
Branch && Cut:

Found better solution with value: 237912.000000

_________________________________________________________
Branch && Cut:

Found better solution with value: 237912.000000

_________________________________________________________
Branch && Cut:

Found better solution with value: 237729.000000

_________________________________________________________
Branch && Cut:

Found better solution with value: 237729.000000

_________________________________________________________
Branch && Cut:

Found better solution with value: 237729.000000

_________________________________________________________
Branch && Cut:

Found better solution with value: 237710.000000

_________________________________________________________
Branch && Cut:

Found better solution with value: 237669.000000

_________________________________________________________
Branch && Cut:

Found better solution with value: 237634.000000

_________________________________________________________
Branch && Cut:

Found better solution with value: 237238.000000

_________________________________________________________
Branch && Cut:

Found better solution with value: 237238.000000

_________________________________________________________
Branch && Cut:

Found better solution with value: 237177.000000

_________________________________________________________
Branch && Cut:

Found better solution with value: 237177.000000

_________________________________________________________
Branch && Cut:

Found better solution with value: 237176.000000

_________________________________________________________
Branch && Cut:

Found better solution with value: 236874.000000

_________________________________________________________
Branch && Cut:

Found better solution with value: 236874.000000

_________________________________________________________
Branch && Cut:

Found better solution with value: 236753.000000

_________________________________________________________
Branch && Cut:

Found better solution with value: 236233.000000

_________________________________________________________
Branch && Cut:

Found better solution with value: 236233.000000

_________________________________________________________
Branch && Cut:

Found better solution with value: 236233.000000

_________________________________________________________
Branch && Cut:

Found better solution with value: 236233.000000

_________________________________________________________
Branch && Cut:

Found better solution with value: 236233.000000

_________________________________________________________
Branch && Cut:

Found better solution with value: 236233.000000

_________________________________________________________
Branch && Cut:

Found better solution with value: 236233.000000

 	best_val is 236233.000000

----------------------------------------------------------------------------------------------
Took 60.107160 seconds 

	It is a tour!
