../../tsp -generate_random 1000 -time_limit 60 -hard_fixing 0.8 -seed 8 


available parameters (vers. 21-Apr-2024) --------------------------------------------------
-file <input_file> NULL
-time_limit <timelimit> 60.000000
-generate_random <nnodes> 1000
-seed <random_seed> 8

ALGORITHMS:
-greedy <starting_mode> -1 <grasp_mode> -1
-extra_mileage <starting_mode> -1
-two_opt
-VNS <kick_neighborhood> -1
-SA <iterations> -1
-tabu_search <tenure_mode> -1 <aspiration> -1
-genetic_algorithm <repair_mode> -1 <cutting_type> -1
-tsp_opt <model_type> -1
-hard_fixing <probability> 0.800000
-local_branching <branching_constraint> -1

enter -help or --help for help
----------------------------------------------------------------------------------------------


_________________________________________________________
Hard-fixing:


_________________________________________________________
Greedy Heuristic:

 [Greedy Heuristic] The best starting position is node 870 

_________________________________________________________
Branch && Cut:

Found better solution with value: 238785.000000

_________________________________________________________
Branch && Cut:

Found better solution with value: 238345.000000

_________________________________________________________
Branch && Cut:

Found better solution with value: 237906.000000

_________________________________________________________
Branch && Cut:

Found better solution with value: 237855.000000

_________________________________________________________
Branch && Cut:

Found better solution with value: 237855.000000

_________________________________________________________
Branch && Cut:

Found better solution with value: 237781.000000

_________________________________________________________
Branch && Cut:

Found better solution with value: 237781.000000

_________________________________________________________
Branch && Cut:

Found better solution with value: 237168.000000

_________________________________________________________
Branch && Cut:

Found better solution with value: 236755.000000

_________________________________________________________
Branch && Cut:

Found better solution with value: 236755.000000

_________________________________________________________
Branch && Cut:

Found better solution with value: 236058.000000

_________________________________________________________
Branch && Cut:

Found better solution with value: 235994.000000

_________________________________________________________
Branch && Cut:

Found better solution with value: 235794.000000

_________________________________________________________
Branch && Cut:

Found better solution with value: 235253.000000

_________________________________________________________
Branch && Cut:

Found better solution with value: 235253.000000

_________________________________________________________
Branch && Cut:

Found better solution with value: 235253.000000

_________________________________________________________
Branch && Cut:

Found better solution with value: 235253.000000

_________________________________________________________
Branch && Cut:

Found better solution with value: 235253.000000

_________________________________________________________
Branch && Cut:

Found better solution with value: 234687.000000

_________________________________________________________
Branch && Cut:

Found better solution with value: 234663.000000

_________________________________________________________
Branch && Cut:

Found better solution with value: 234663.000000

_________________________________________________________
Branch && Cut:

Found better solution with value: 234663.000000

_________________________________________________________
Branch && Cut:

Found better solution with value: 234663.000000

_________________________________________________________
Branch && Cut:

Found better solution with value: 234663.000000

_________________________________________________________
Branch && Cut:

Found better solution with value: 234663.000000

_________________________________________________________
Branch && Cut:

Found better solution with value: 234663.000000

_________________________________________________________
Branch && Cut:

Found better solution with value: 234663.000000

_________________________________________________________
Branch && Cut:

Found better solution with value: 234663.000000

_________________________________________________________
Branch && Cut:

Found better solution with value: 234663.000000

_________________________________________________________
Branch && Cut:

Found better solution with value: 234663.000000

_________________________________________________________
Branch && Cut:

Found better solution with value: 234559.000000

_________________________________________________________
Branch && Cut:

Found better solution with value: 234473.000000

_________________________________________________________
Branch && Cut:

Found better solution with value: 234323.000000

_________________________________________________________
Branch && Cut:

Found better solution with value: 234298.000000

_________________________________________________________
Branch && Cut:

Found better solution with value: 233768.000000

_________________________________________________________
Branch && Cut:

Found better solution with value: 233768.000000

 	best_val is 233768.000000

----------------------------------------------------------------------------------------------
Took 60.109482 seconds 

	It is a tour!
