../../tsp -generate_random 1000 -time_limit 60 -hard_fixing 0.8 -seed 7 


available parameters (vers. 21-Apr-2024) --------------------------------------------------
-file <input_file> NULL
-time_limit <timelimit> 60.000000
-generate_random <nnodes> 1000
-seed <random_seed> 7

ALGORITHMS:
-greedy <starting_mode> -1 <grasp_mode> -1
-extra_mileage <starting_mode> -1
-two_opt
-VNS <kick_neighborhood> -1
-SA <iterations> -1
-tabu_search <tenure_mode> -1 <aspiration> -1
-genetic_algorithm <repair_mode> -1 <cutting_type> -1
-tsp_opt <model_type> -1
-hard_fixing <probability> 0.800000
-local_branching <branching_constraint> -1

enter -help or --help for help
----------------------------------------------------------------------------------------------


_________________________________________________________
Hard-fixing:


_________________________________________________________
Greedy Heuristic:

 [Greedy Heuristic] The best starting position is node 482 

_________________________________________________________
Branch && Cut:

Found better solution with value: 244508.000000

_________________________________________________________
Branch && Cut:

Found better solution with value: 244434.000000

_________________________________________________________
Branch && Cut:

Found better solution with value: 244379.000000

_________________________________________________________
Branch && Cut:

Found better solution with value: 244200.000000

_________________________________________________________
Branch && Cut:

Found better solution with value: 243961.000000

_________________________________________________________
Branch && Cut:

Found better solution with value: 243481.000000

_________________________________________________________
Branch && Cut:

Found better solution with value: 243343.000000

_________________________________________________________
Branch && Cut:

Found better solution with value: 242802.000000

_________________________________________________________
Branch && Cut:

Found better solution with value: 242778.000000

_________________________________________________________
Branch && Cut:

Found better solution with value: 242637.000000

_________________________________________________________
Branch && Cut:

Found better solution with value: 242637.000000

_________________________________________________________
Branch && Cut:

Found better solution with value: 242031.000000

_________________________________________________________
Branch && Cut:

Found better solution with value: 241936.000000

_________________________________________________________
Branch && Cut:

Found better solution with value: 241430.000000

_________________________________________________________
Branch && Cut:

Found better solution with value: 241229.000000

_________________________________________________________
Branch && Cut:

Found better solution with value: 241229.000000

_________________________________________________________
Branch && Cut:

Found better solution with value: 241229.000000

_________________________________________________________
Branch && Cut:

Found better solution with value: 241135.000000

_________________________________________________________
Branch && Cut:

Found better solution with value: 241051.000000

_________________________________________________________
Branch && Cut:

Found better solution with value: 241008.000000

_________________________________________________________
Branch && Cut:

Found better solution with value: 241006.000000

_________________________________________________________
Branch && Cut:

Found better solution with value: 241006.000000

_________________________________________________________
Branch && Cut:

Found better solution with value: 240955.000000

_________________________________________________________
Branch && Cut:

Found better solution with value: 240935.000000

_________________________________________________________
Branch && Cut:

Found better solution with value: 240602.000000

_________________________________________________________
Branch && Cut:

Found better solution with value: 240486.000000

_________________________________________________________
Branch && Cut:

Found better solution with value: 239658.000000

_________________________________________________________
Branch && Cut:

Found better solution with value: 239613.000000

_________________________________________________________
Branch && Cut:

Found better solution with value: 239573.000000

_________________________________________________________
Branch && Cut:

Found better solution with value: 239573.000000

_________________________________________________________
Branch && Cut:

Found better solution with value: 239573.000000

_________________________________________________________
Branch && Cut:

Found better solution with value: 239573.000000

_________________________________________________________
Branch && Cut:

Found better solution with value: 239573.000000

_________________________________________________________
Branch && Cut:

Found better solution with value: 239500.000000

_________________________________________________________
Branch && Cut:

Found better solution with value: 239500.000000

_________________________________________________________
Branch && Cut:

Found better solution with value: 239500.000000

 	best_val is 239500.000000

----------------------------------------------------------------------------------------------
Took 60.084749 seconds 

	It is a tour!
