../../tsp -generate_random 1000 -time_limit 60 -hard_fixing 0.8 -seed 3 


available parameters (vers. 21-Apr-2024) --------------------------------------------------
-file <input_file> NULL
-time_limit <timelimit> 60.000000
-generate_random <nnodes> 1000
-seed <random_seed> 3

ALGORITHMS:
-greedy <starting_mode> -1 <grasp_mode> -1
-extra_mileage <starting_mode> -1
-two_opt
-VNS <kick_neighborhood> -1
-SA <iterations> -1
-tabu_search <tenure_mode> -1 <aspiration> -1
-genetic_algorithm <repair_mode> -1 <cutting_type> -1
-tsp_opt <model_type> -1
-hard_fixing <probability> 0.800000
-local_branching <branching_constraint> -1

enter -help or --help for help
----------------------------------------------------------------------------------------------


_________________________________________________________
Hard-fixing:


_________________________________________________________
Greedy Heuristic:

 [Greedy Heuristic] The best starting position is node 971 

_________________________________________________________
Branch && Cut:

Found better solution with value: 242577.000000

_________________________________________________________
Branch && Cut:

Found better solution with value: 242321.000000

_________________________________________________________
Branch && Cut:

Found better solution with value: 241087.000000

_________________________________________________________
Branch && Cut:

Found better solution with value: 241039.000000

_________________________________________________________
Branch && Cut:

Found better solution with value: 240608.000000

_________________________________________________________
Branch && Cut:

Found better solution with value: 239941.000000

_________________________________________________________
Branch && Cut:

Found better solution with value: 239528.000000

_________________________________________________________
Branch && Cut:

Found better solution with value: 239528.000000

_________________________________________________________
Branch && Cut:

Found better solution with value: 239228.000000

_________________________________________________________
Branch && Cut:

Found better solution with value: 239071.000000

_________________________________________________________
Branch && Cut:

Found better solution with value: 239070.000000

_________________________________________________________
Branch && Cut:

Found better solution with value: 239070.000000

_________________________________________________________
Branch && Cut:

Found better solution with value: 238987.000000

_________________________________________________________
Branch && Cut:

Found better solution with value: 238519.000000

_________________________________________________________
Branch && Cut:

Found better solution with value: 238452.000000

_________________________________________________________
Branch && Cut:

Found better solution with value: 238452.000000

_________________________________________________________
Branch && Cut:

Found better solution with value: 238374.000000

_________________________________________________________
Branch && Cut:

Found better solution with value: 238374.000000

_________________________________________________________
Branch && Cut:

Found better solution with value: 238357.000000

_________________________________________________________
Branch && Cut:

Found better solution with value: 238357.000000

_________________________________________________________
Branch && Cut:

Found better solution with value: 238357.000000

_________________________________________________________
Branch && Cut:

Found better solution with value: 238357.000000

_________________________________________________________
Branch && Cut:

Found better solution with value: 238357.000000

_________________________________________________________
Branch && Cut:

Found better solution with value: 238357.000000

_________________________________________________________
Branch && Cut:

Found better solution with value: 238263.000000

_________________________________________________________
Branch && Cut:

Found better solution with value: 238263.000000

_________________________________________________________
Branch && Cut:

Found better solution with value: 238263.000000

_________________________________________________________
Branch && Cut:

Found better solution with value: 238110.000000

_________________________________________________________
Branch && Cut:

Found better solution with value: 237976.000000

_________________________________________________________
Branch && Cut:

Found better solution with value: 237841.000000

_________________________________________________________
Branch && Cut:

Found better solution with value: 237841.000000

_________________________________________________________
Branch && Cut:

Found better solution with value: 237640.000000

_________________________________________________________
Branch && Cut:

Found better solution with value: 237523.000000

_________________________________________________________
Branch && Cut:

Found better solution with value: 237523.000000

_________________________________________________________
Branch && Cut:

Found better solution with value: 237476.000000

_________________________________________________________
Branch && Cut:

Found better solution with value: 237476.000000

_________________________________________________________
Branch && Cut:

Found better solution with value: 237476.000000

 	best_val is 237476.000000

----------------------------------------------------------------------------------------------
Took 60.104395 seconds 

	It is a tour!
