../../tsp -generate_random 1000 -time_limit 60 -hard_fixing 0.8 -seed 6 


available parameters (vers. 21-Apr-2024) --------------------------------------------------
-file <input_file> NULL
-time_limit <timelimit> 60.000000
-generate_random <nnodes> 1000
-seed <random_seed> 6

ALGORITHMS:
-greedy <starting_mode> -1 <grasp_mode> -1
-extra_mileage <starting_mode> -1
-two_opt
-VNS <kick_neighborhood> -1
-SA <iterations> -1
-tabu_search <tenure_mode> -1 <aspiration> -1
-genetic_algorithm <repair_mode> -1 <cutting_type> -1
-tsp_opt <model_type> -1
-hard_fixing <probability> 0.800000
-local_branching <branching_constraint> -1

enter -help or --help for help
----------------------------------------------------------------------------------------------


_________________________________________________________
Hard-fixing:


_________________________________________________________
Greedy Heuristic:

 [Greedy Heuristic] The best starting position is node 694 

_________________________________________________________
Branch && Cut:

Found better solution with value: 243846.000000

_________________________________________________________
Branch && Cut:

Found better solution with value: 243578.000000

_________________________________________________________
Branch && Cut:

Found better solution with value: 243344.000000

_________________________________________________________
Branch && Cut:

Found better solution with value: 243237.000000

_________________________________________________________
Branch && Cut:

Found better solution with value: 243237.000000

_________________________________________________________
Branch && Cut:

Found better solution with value: 243004.000000

_________________________________________________________
Branch && Cut:

Found better solution with value: 243004.000000

_________________________________________________________
Branch && Cut:

Found better solution with value: 242839.000000

_________________________________________________________
Branch && Cut:

Found better solution with value: 242839.000000

_________________________________________________________
Branch && Cut:

Found better solution with value: 242664.000000

_________________________________________________________
Branch && Cut:

Found better solution with value: 242528.000000

_________________________________________________________
Branch && Cut:

Found better solution with value: 242489.000000

_________________________________________________________
Branch && Cut:

Found better solution with value: 242489.000000

_________________________________________________________
Branch && Cut:

Found better solution with value: 242079.000000

_________________________________________________________
Branch && Cut:

Found better solution with value: 242079.000000

_________________________________________________________
Branch && Cut:

Found better solution with value: 242079.000000

_________________________________________________________
Branch && Cut:

Found better solution with value: 241994.000000

_________________________________________________________
Branch && Cut:

Found better solution with value: 241709.000000

_________________________________________________________
Branch && Cut:

Found better solution with value: 241709.000000

_________________________________________________________
Branch && Cut:

Found better solution with value: 241657.000000

_________________________________________________________
Branch && Cut:

Found better solution with value: 241657.000000

_________________________________________________________
Branch && Cut:

Found better solution with value: 241630.000000

_________________________________________________________
Branch && Cut:

Found better solution with value: 241434.000000

_________________________________________________________
Branch && Cut:

Found better solution with value: 241428.000000

_________________________________________________________
Branch && Cut:

Found better solution with value: 241318.000000

_________________________________________________________
Branch && Cut:

Found better solution with value: 241318.000000

_________________________________________________________
Branch && Cut:

Found better solution with value: 241012.000000

_________________________________________________________
Branch && Cut:

Found better solution with value: 239867.000000

_________________________________________________________
Branch && Cut:

Found better solution with value: 239424.000000

_________________________________________________________
Branch && Cut:

Found better solution with value: 239424.000000

_________________________________________________________
Branch && Cut:

Found better solution with value: 239424.000000

_________________________________________________________
Branch && Cut:

Found better solution with value: 239424.000000

_________________________________________________________
Branch && Cut:

Found better solution with value: 239424.000000

_________________________________________________________
Branch && Cut:

Found better solution with value: 239424.000000

_________________________________________________________
Branch && Cut:

Found better solution with value: 239424.000000

_________________________________________________________
Branch && Cut:

Found better solution with value: 239387.000000

_________________________________________________________
Branch && Cut:

Found better solution with value: 239387.000000

 	best_val is 239387.000000

----------------------------------------------------------------------------------------------
Took 60.132397 seconds 

	It is a tour!
