../../tsp -generate_random 1000 -time_limit 60 -hard_fixing 0.8 -seed 0 


available parameters (vers. 21-Apr-2024) --------------------------------------------------
-file <input_file> NULL
-time_limit <timelimit> 60.000000
-generate_random <nnodes> 1000
-seed <random_seed> 0

ALGORITHMS:
-greedy <starting_mode> -1 <grasp_mode> -1
-extra_mileage <starting_mode> -1
-two_opt
-VNS <kick_neighborhood> -1
-SA <iterations> -1
-tabu_search <tenure_mode> -1 <aspiration> -1
-genetic_algorithm <repair_mode> -1 <cutting_type> -1
-tsp_opt <model_type> -1
-hard_fixing <probability> 0.800000
-local_branching <branching_constraint> -1

enter -help or --help for help
----------------------------------------------------------------------------------------------


_________________________________________________________
Hard-fixing:


_________________________________________________________
Greedy Heuristic:

 [Greedy Heuristic] The best starting position is node 103 

_________________________________________________________
Branch && Cut:

Found better solution with value: 246811.000000

_________________________________________________________
Branch && Cut:

Found better solution with value: 246668.000000

_________________________________________________________
Branch && Cut:

Found better solution with value: 246432.000000

_________________________________________________________
Branch && Cut:

Found better solution with value: 246338.000000

_________________________________________________________
Branch && Cut:

Found better solution with value: 246338.000000

_________________________________________________________
Branch && Cut:

Found better solution with value: 246320.000000

_________________________________________________________
Branch && Cut:

Found better solution with value: 245765.000000

_________________________________________________________
Branch && Cut:

Found better solution with value: 245745.000000

_________________________________________________________
Branch && Cut:

Found better solution with value: 245745.000000

_________________________________________________________
Branch && Cut:

Found better solution with value: 245330.000000

_________________________________________________________
Branch && Cut:

Found better solution with value: 244730.000000

_________________________________________________________
Branch && Cut:

Found better solution with value: 244499.000000

_________________________________________________________
Branch && Cut:

Found better solution with value: 244499.000000

_________________________________________________________
Branch && Cut:

Found better solution with value: 244499.000000

_________________________________________________________
Branch && Cut:

Found better solution with value: 244495.000000

_________________________________________________________
Branch && Cut:

Found better solution with value: 244495.000000

_________________________________________________________
Branch && Cut:

Found better solution with value: 244495.000000

_________________________________________________________
Branch && Cut:

Found better solution with value: 244495.000000

_________________________________________________________
Branch && Cut:

Found better solution with value: 244495.000000

_________________________________________________________
Branch && Cut:

Found better solution with value: 244201.000000

_________________________________________________________
Branch && Cut:

Found better solution with value: 244025.000000

_________________________________________________________
Branch && Cut:

Found better solution with value: 244025.000000

_________________________________________________________
Branch && Cut:

Found better solution with value: 244025.000000

_________________________________________________________
Branch && Cut:

Found better solution with value: 244025.000000

_________________________________________________________
Branch && Cut:

Found better solution with value: 243797.000000

_________________________________________________________
Branch && Cut:

Found better solution with value: 243797.000000

_________________________________________________________
Branch && Cut:

Found better solution with value: 243451.000000

_________________________________________________________
Branch && Cut:

Found better solution with value: 243321.000000

_________________________________________________________
Branch && Cut:

Found better solution with value: 243321.000000

_________________________________________________________
Branch && Cut:

Found better solution with value: 243321.000000

_________________________________________________________
Branch && Cut:

Found better solution with value: 243321.000000

_________________________________________________________
Branch && Cut:

Found better solution with value: 243035.000000

_________________________________________________________
Branch && Cut:

Found better solution with value: 243035.000000

_________________________________________________________
Branch && Cut:

Found better solution with value: 243035.000000

_________________________________________________________
Branch && Cut:

Found better solution with value: 243035.000000

_________________________________________________________
Branch && Cut:

Found better solution with value: 243035.000000

_________________________________________________________
Branch && Cut:

Found better solution with value: 242992.000000

_________________________________________________________
Branch && Cut:

Found better solution with value: 242992.000000

 	best_val is 242992.000000

----------------------------------------------------------------------------------------------
Took 60.250462 seconds 

	It is a tour!
