../../tsp -generate_random 1000 -time_limit 60 -hard_fixing 0.8 -seed 2 


available parameters (vers. 21-Apr-2024) --------------------------------------------------
-file <input_file> NULL
-time_limit <timelimit> 60.000000
-generate_random <nnodes> 1000
-seed <random_seed> 2

ALGORITHMS:
-greedy <starting_mode> -1 <grasp_mode> -1
-extra_mileage <starting_mode> -1
-two_opt
-VNS <kick_neighborhood> -1
-SA <iterations> -1
-tabu_search <tenure_mode> -1 <aspiration> -1
-genetic_algorithm <repair_mode> -1 <cutting_type> -1
-tsp_opt <model_type> -1
-hard_fixing <probability> 0.800000
-local_branching <branching_constraint> -1

enter -help or --help for help
----------------------------------------------------------------------------------------------


_________________________________________________________
Hard-fixing:


_________________________________________________________
Greedy Heuristic:

 [Greedy Heuristic] The best starting position is node 490 

_________________________________________________________
Branch && Cut:

Found better solution with value: 240115.000000

_________________________________________________________
Branch && Cut:

Found better solution with value: 239938.000000

_________________________________________________________
Branch && Cut:

Found better solution with value: 239938.000000

_________________________________________________________
Branch && Cut:

Found better solution with value: 239938.000000

_________________________________________________________
Branch && Cut:

Found better solution with value: 239911.000000

_________________________________________________________
Branch && Cut:

Found better solution with value: 239816.000000

_________________________________________________________
Branch && Cut:

Found better solution with value: 239816.000000

_________________________________________________________
Branch && Cut:

Found better solution with value: 239296.000000

_________________________________________________________
Branch && Cut:

Found better solution with value: 239296.000000

_________________________________________________________
Branch && Cut:

Found better solution with value: 239296.000000

_________________________________________________________
Branch && Cut:

Found better solution with value: 239004.000000

_________________________________________________________
Branch && Cut:

Found better solution with value: 238940.000000

_________________________________________________________
Branch && Cut:

Found better solution with value: 238940.000000

_________________________________________________________
Branch && Cut:

Found better solution with value: 238940.000000

_________________________________________________________
Branch && Cut:

Found better solution with value: 238898.000000

_________________________________________________________
Branch && Cut:

Found better solution with value: 238897.000000

_________________________________________________________
Branch && Cut:

Found better solution with value: 238406.000000

_________________________________________________________
Branch && Cut:

Found better solution with value: 238391.000000

_________________________________________________________
Branch && Cut:

Found better solution with value: 238391.000000

_________________________________________________________
Branch && Cut:

Found better solution with value: 238391.000000

_________________________________________________________
Branch && Cut:

Found better solution with value: 238391.000000

_________________________________________________________
Branch && Cut:

Found better solution with value: 238391.000000

_________________________________________________________
Branch && Cut:

Found better solution with value: 238149.000000

_________________________________________________________
Branch && Cut:

Found better solution with value: 238149.000000

_________________________________________________________
Branch && Cut:

Found better solution with value: 237947.000000

_________________________________________________________
Branch && Cut:

Found better solution with value: 237456.000000

_________________________________________________________
Branch && Cut:

Found better solution with value: 237456.000000

_________________________________________________________
Branch && Cut:

Found better solution with value: 237456.000000

_________________________________________________________
Branch && Cut:

Found better solution with value: 237456.000000

_________________________________________________________
Branch && Cut:

Found better solution with value: 237456.000000

_________________________________________________________
Branch && Cut:

Found better solution with value: 237357.000000

_________________________________________________________
Branch && Cut:

Found better solution with value: 237357.000000

_________________________________________________________
Branch && Cut:

Found better solution with value: 237357.000000

_________________________________________________________
Branch && Cut:

Found better solution with value: 237332.000000

_________________________________________________________
Branch && Cut:

Found better solution with value: 237274.000000

_________________________________________________________
Branch && Cut:

Found better solution with value: 237274.000000

 	best_val is 237274.000000

----------------------------------------------------------------------------------------------
Took 60.119510 seconds 

	It is a tour!
