../../tsp -generate_random 1000 -time_limit 60 -hard_fixing 0.8 -seed 4 


available parameters (vers. 21-Apr-2024) --------------------------------------------------
-file <input_file> NULL
-time_limit <timelimit> 60.000000
-generate_random <nnodes> 1000
-seed <random_seed> 4

ALGORITHMS:
-greedy <starting_mode> -1 <grasp_mode> -1
-extra_mileage <starting_mode> -1
-two_opt
-VNS <kick_neighborhood> -1
-SA <iterations> -1
-tabu_search <tenure_mode> -1 <aspiration> -1
-genetic_algorithm <repair_mode> -1 <cutting_type> -1
-tsp_opt <model_type> -1
-hard_fixing <probability> 0.800000
-local_branching <branching_constraint> -1

enter -help or --help for help
----------------------------------------------------------------------------------------------


_________________________________________________________
Hard-fixing:


_________________________________________________________
Greedy Heuristic:

 [Greedy Heuristic] The best starting position is node 37 

_________________________________________________________
Branch && Cut:

Found better solution with value: 241478.000000

_________________________________________________________
Branch && Cut:

Found better solution with value: 240886.000000

_________________________________________________________
Branch && Cut:

Found better solution with value: 240443.000000

_________________________________________________________
Branch && Cut:

Found better solution with value: 240423.000000

_________________________________________________________
Branch && Cut:

Found better solution with value: 240280.000000

_________________________________________________________
Branch && Cut:

Found better solution with value: 240123.000000

_________________________________________________________
Branch && Cut:

Found better solution with value: 239896.000000

_________________________________________________________
Branch && Cut:

Found better solution with value: 239657.000000

_________________________________________________________
Branch && Cut:

Found better solution with value: 239657.000000

_________________________________________________________
Branch && Cut:

Found better solution with value: 239572.000000

_________________________________________________________
Branch && Cut:

Found better solution with value: 239242.000000

_________________________________________________________
Branch && Cut:

Found better solution with value: 239195.000000

_________________________________________________________
Branch && Cut:

Found better solution with value: 239195.000000

_________________________________________________________
Branch && Cut:

Found better solution with value: 239195.000000

_________________________________________________________
Branch && Cut:

Found better solution with value: 239195.000000

_________________________________________________________
Branch && Cut:

Found better solution with value: 239195.000000

_________________________________________________________
Branch && Cut:

Found better solution with value: 239195.000000

_________________________________________________________
Branch && Cut:

Found better solution with value: 239195.000000

_________________________________________________________
Branch && Cut:

Found better solution with value: 239107.000000

_________________________________________________________
Branch && Cut:

Found better solution with value: 239107.000000

_________________________________________________________
Branch && Cut:

Found better solution with value: 238676.000000

_________________________________________________________
Branch && Cut:

Found better solution with value: 238166.000000

_________________________________________________________
Branch && Cut:

Found better solution with value: 238166.000000

_________________________________________________________
Branch && Cut:

Found better solution with value: 238064.000000

_________________________________________________________
Branch && Cut:

Found better solution with value: 237985.000000

_________________________________________________________
Branch && Cut:

Found better solution with value: 237985.000000

_________________________________________________________
Branch && Cut:

Found better solution with value: 237985.000000

_________________________________________________________
Branch && Cut:

Found better solution with value: 237985.000000

_________________________________________________________
Branch && Cut:

Found better solution with value: 237985.000000

_________________________________________________________
Branch && Cut:

Found better solution with value: 237985.000000

_________________________________________________________
Branch && Cut:

Found better solution with value: 237985.000000

_________________________________________________________
Branch && Cut:

Found better solution with value: 237985.000000

_________________________________________________________
Branch && Cut:

Found better solution with value: 237985.000000

_________________________________________________________
Branch && Cut:

Found better solution with value: 237925.000000

_________________________________________________________
Branch && Cut:

Found better solution with value: 237705.000000

_________________________________________________________
Branch && Cut:

Found better solution with value: 237705.000000

_________________________________________________________
Branch && Cut:

Found better solution with value: 237705.000000

_________________________________________________________
Branch && Cut:

Found better solution with value: 237705.000000

_________________________________________________________
Branch && Cut:

Found better solution with value: 237705.000000

 	best_val is 237705.000000

----------------------------------------------------------------------------------------------
Took 60.115284 seconds 

	It is a tour!
