./tsp -generate_random 2000 -time_limit 300 -extra_mileage 2 -seed 12 


available parameters (vers. 21-Apr-2024) --------------------------------------------------
-file <input_file> NULL
-time_limit <timelimit> 300.000000
-generate_random <nnodes> 2000
-seed <random_seed> 12

ALGORITHMS:
-greedy <starting_mode> -1 <grasp_mode> -1
-extra_mileage <starting_mode> 2
-two_opt
-VNS <kick_neighborhood> -1
-SA <iterations> -1
-tabu_search <tenure_mode> -1 <aspiration> -1
-genetic_algorithm <repair_mode> -1 <cutting_type> -1
-tsp_opt <model_type> -1
-hard_fixing <probability> -1.000000
-local_branching <branching_constraint> -1

enter -help or --help for help
----------------------------------------------------------------------------------------------


_________________________________________________________
Insertion Heuristic:

 [Insertion Heuristic] The best starting nodes are 161 and 5 

 	best_val is 394552.000000

----------------------------------------------------------------------------------------------
Took 342.254564 seconds 

	It is a tour!
