./tsp -generate_random 2000 -time_limit 300 -extra_mileage 0 -two_opt -seed 1 


available parameters (vers. 21-Apr-2024) --------------------------------------------------
-file <input_file> NULL
-time_limit <timelimit> 300.000000
-generate_random <nnodes> 2000
-seed <random_seed> 1

ALGORITHMS:
-greedy <starting_mode> -1 <grasp_mode> -1
-extra_mileage <starting_mode> 0
-two_opt
-VNS <kick_neighborhood> -1
-SA <iterations> -1
-tabu_search <tenure_mode> -1 <aspiration> -1
-genetic_algorithm <repair_mode> -1 <cutting_type> -1
-tsp_opt <model_type> -1
-hard_fixing <probability> -1.000000
-local_branching <branching_constraint> -1

enter -help or --help for help
----------------------------------------------------------------------------------------------


_________________________________________________________
Insertion Heuristic:

 [Insertion Heuristic] The starting nodes which have the max distance between them are 1261 and 1483 

 	best_val is 362273.000000

----------------------------------------------------------------------------------------------
Took 75.583836 seconds 

	It is a tour!
