../../tsp -generate_random 1000 -time_limit 60 -local_branching 10 -seed 3 


available parameters (vers. 21-Apr-2024) --------------------------------------------------
-file <input_file> NULL
-time_limit <timelimit> 60.000000
-generate_random <nnodes> 1000
-seed <random_seed> 3

ALGORITHMS:
-greedy <starting_mode> -1 <grasp_mode> -1
-extra_mileage <starting_mode> -1
-two_opt
-VNS <kick_neighborhood> -1
-SA <iterations> -1
-tabu_search <tenure_mode> -1 <aspiration> -1
-genetic_algorithm <repair_mode> -1 <cutting_type> -1
-tsp_opt <model_type> -1
-hard_fixing <probability> -1.000000
-local_branching <branching_constraint> 10

enter -help or --help for help
----------------------------------------------------------------------------------------------


_________________________________________________________
Local Branching:


_________________________________________________________
Greedy Heuristic:

 [Greedy Heuristic] The best starting position is node 971 

_________________________________________________________
Branch && Cut:

Found better solution with value: 241121.000000

_________________________________________________________
Branch && Cut:

Found better solution with value: 239543.000000

_________________________________________________________
Branch && Cut:

Found better solution with value: 238519.000000

_________________________________________________________
Branch && Cut:

Found better solution with value: 238240.000000

 	best_val is 238240.000000

----------------------------------------------------------------------------------------------
Took 60.282134 seconds 

	It is a tour!
