../../tsp -generate_random 500 -time_limit 600 -genetic_algorithm 1 0 -seed 8 


available parameters (vers. 21-Apr-2024) --------------------------------------------------
-file <input_file> NULL
-time_limit <timelimit> 600.000000
-generate_random <nnodes> 500
-seed <random_seed> 8

ALGORITHMS:
-greedy <starting_mode> -1 <grasp_mode> -1
-extra_mileage <starting_mode> -1
-two_opt
-VNS <kick_neighborhood> -1
-SA <iterations> -1
-tabu_search <tenure_mode> -1 <aspiration> -1
-genetic_algorithm <repair_mode> 1 <cutting_type> 1
-tsp_opt <model_type> -1
-hard_fixing <probability> -1.000000
-local_branching <branching_constraint> -1

enter -help or --help for help
----------------------------------------------------------------------------------------------


_________________________________________________________
Genetic Alghorithm:

[Genetic Algorithm] Champion fitness of generation1 is:1789010.000000
[Genetic Algorithm] Champion fitness of generation2 is:1380370.000000
[Genetic Algorithm] Champion fitness of generation3 is:1117857.000000
[Genetic Algorithm] Champion fitness of generation4 is:945228.000000
[Genetic Algorithm] Champion fitness of generation5 is:887985.000000
[Genetic Algorithm] Champion fitness of generation6 is:787565.000000
[Genetic Algorithm] Champion fitness of generation7 is:706274.000000
[Genetic Algorithm] Champion fitness of generation8 is:573807.000000
[Genetic Algorithm] Champion fitness of generation9 is:556043.000000
[Genetic Algorithm] Champion fitness of generation10 is:526007.000000
[Genetic Algorithm] Champion fitness of generation11 is:488928.000000
[Genetic Algorithm] Champion fitness of generation12 is:464418.000000
[Genetic Algorithm] Champion fitness of generation13 is:436216.000000
[Genetic Algorithm] Champion fitness of generation14 is:393999.000000
[Genetic Algorithm] Champion fitness of generation15 is:333418.000000
[Genetic Algorithm] Champion fitness of generation16 is:333418.000000
[Genetic Algorithm] Champion fitness of generation17 is:330624.000000
[Genetic Algorithm] Champion fitness of generation18 is:307584.000000
[Genetic Algorithm] Champion fitness of generation19 is:284261.000000
[Genetic Algorithm] Champion fitness of generation20 is:284261.000000
[Genetic Algorithm] Champion fitness of generation21 is:278603.000000
[Genetic Algorithm] Champion fitness of generation22 is:254474.000000
[Genetic Algorithm] Champion fitness of generation23 is:254474.000000
[Genetic Algorithm] Champion fitness of generation24 is:250147.000000
[Genetic Algorithm] Champion fitness of generation25 is:245949.000000
[Genetic Algorithm] Champion fitness of generation26 is:238978.000000
[Genetic Algorithm] Champion fitness of generation27 is:233476.000000
[Genetic Algorithm] Champion fitness of generation28 is:233476.000000
[Genetic Algorithm] Champion fitness of generation29 is:231683.000000
[Genetic Algorithm] Fitness of the Champion of Natural Selection over 29 generations is:177065.000000

 	best_val is 177065.000000

----------------------------------------------------------------------------------------------
Took 608.862496 seconds 

	It is a tour!
