../../tsp -generate_random 500 -time_limit 600 -genetic_algorithm 1 0 -seed 4 


available parameters (vers. 21-Apr-2024) --------------------------------------------------
-file <input_file> NULL
-time_limit <timelimit> 600.000000
-generate_random <nnodes> 500
-seed <random_seed> 4

ALGORITHMS:
-greedy <starting_mode> -1 <grasp_mode> -1
-extra_mileage <starting_mode> -1
-two_opt
-VNS <kick_neighborhood> -1
-SA <iterations> -1
-tabu_search <tenure_mode> -1 <aspiration> -1
-genetic_algorithm <repair_mode> 1 <cutting_type> 1
-tsp_opt <model_type> -1
-hard_fixing <probability> -1.000000
-local_branching <branching_constraint> -1

enter -help or --help for help
----------------------------------------------------------------------------------------------


_________________________________________________________
Genetic Alghorithm:

[Genetic Algorithm] Champion fitness of generation1 is:1845569.000000
[Genetic Algorithm] Champion fitness of generation2 is:1423405.000000
[Genetic Algorithm] Champion fitness of generation3 is:1156503.000000
[Genetic Algorithm] Champion fitness of generation4 is:984428.000000
[Genetic Algorithm] Champion fitness of generation5 is:867939.000000
[Genetic Algorithm] Champion fitness of generation6 is:765394.000000
[Genetic Algorithm] Champion fitness of generation7 is:666707.000000
[Genetic Algorithm] Champion fitness of generation8 is:547370.000000
[Genetic Algorithm] Champion fitness of generation9 is:506228.000000
[Genetic Algorithm] Champion fitness of generation10 is:492528.000000
[Genetic Algorithm] Champion fitness of generation11 is:462690.000000
[Genetic Algorithm] Champion fitness of generation12 is:430821.000000
[Genetic Algorithm] Champion fitness of generation13 is:385842.000000
[Genetic Algorithm] Champion fitness of generation14 is:379367.000000
[Genetic Algorithm] Champion fitness of generation15 is:370289.000000
[Genetic Algorithm] Champion fitness of generation16 is:356798.000000
[Genetic Algorithm] Champion fitness of generation17 is:342007.000000
[Genetic Algorithm] Champion fitness of generation18 is:332461.000000
[Genetic Algorithm] Champion fitness of generation19 is:304673.000000
[Genetic Algorithm] Champion fitness of generation20 is:304673.000000
[Genetic Algorithm] Champion fitness of generation21 is:296872.000000
[Genetic Algorithm] Champion fitness of generation22 is:287786.000000
[Genetic Algorithm] Champion fitness of generation23 is:285488.000000
[Genetic Algorithm] Champion fitness of generation24 is:274216.000000
[Genetic Algorithm] Champion fitness of generation25 is:272083.000000
[Genetic Algorithm] Champion fitness of generation26 is:257676.000000
[Genetic Algorithm] Champion fitness of generation27 is:252611.000000
[Genetic Algorithm] Champion fitness of generation28 is:247220.000000
[Genetic Algorithm] Champion fitness of generation29 is:231599.000000
[Genetic Algorithm] Champion fitness of generation30 is:231599.000000
[Genetic Algorithm] Champion fitness of generation31 is:231599.000000
[Genetic Algorithm] Fitness of the Champion of Natural Selection over 31 generations is:181821.000000

 	best_val is 181821.000000

----------------------------------------------------------------------------------------------
Took 607.239328 seconds 

	It is a tour!
