../../tsp -generate_random 500 -time_limit 600 -genetic_algorithm 1 0 -seed 3 


available parameters (vers. 21-Apr-2024) --------------------------------------------------
-file <input_file> NULL
-time_limit <timelimit> 600.000000
-generate_random <nnodes> 500
-seed <random_seed> 3

ALGORITHMS:
-greedy <starting_mode> -1 <grasp_mode> -1
-extra_mileage <starting_mode> -1
-two_opt
-VNS <kick_neighborhood> -1
-SA <iterations> -1
-tabu_search <tenure_mode> -1 <aspiration> -1
-genetic_algorithm <repair_mode> 1 <cutting_type> 1
-tsp_opt <model_type> -1
-hard_fixing <probability> -1.000000
-local_branching <branching_constraint> -1

enter -help or --help for help
----------------------------------------------------------------------------------------------


_________________________________________________________
Genetic Alghorithm:

[Genetic Algorithm] Champion fitness of generation1 is:1802383.000000
[Genetic Algorithm] Champion fitness of generation2 is:1387819.000000
[Genetic Algorithm] Champion fitness of generation3 is:1160145.000000
[Genetic Algorithm] Champion fitness of generation4 is:959576.000000
[Genetic Algorithm] Champion fitness of generation5 is:812446.000000
[Genetic Algorithm] Champion fitness of generation6 is:692775.000000
[Genetic Algorithm] Champion fitness of generation7 is:651074.000000
[Genetic Algorithm] Champion fitness of generation8 is:608940.000000
[Genetic Algorithm] Champion fitness of generation9 is:524844.000000
[Genetic Algorithm] Champion fitness of generation10 is:496899.000000
[Genetic Algorithm] Champion fitness of generation11 is:460431.000000
[Genetic Algorithm] Champion fitness of generation12 is:443149.000000
[Genetic Algorithm] Champion fitness of generation13 is:418440.000000
[Genetic Algorithm] Champion fitness of generation14 is:391517.000000
[Genetic Algorithm] Champion fitness of generation15 is:371599.000000
[Genetic Algorithm] Champion fitness of generation16 is:337540.000000
[Genetic Algorithm] Champion fitness of generation17 is:337540.000000
[Genetic Algorithm] Champion fitness of generation18 is:333256.000000
[Genetic Algorithm] Champion fitness of generation19 is:313301.000000
[Genetic Algorithm] Champion fitness of generation20 is:297211.000000
[Genetic Algorithm] Champion fitness of generation21 is:277114.000000
[Genetic Algorithm] Champion fitness of generation22 is:274150.000000
[Genetic Algorithm] Champion fitness of generation23 is:267050.000000
[Genetic Algorithm] Champion fitness of generation24 is:249844.000000
[Genetic Algorithm] Champion fitness of generation25 is:246400.000000
[Genetic Algorithm] Champion fitness of generation26 is:246400.000000
[Genetic Algorithm] Champion fitness of generation27 is:246400.000000
[Genetic Algorithm] Champion fitness of generation28 is:231849.000000
[Genetic Algorithm] Fitness of the Champion of Natural Selection over 28 generations is:185173.000000

 	best_val is 185173.000000

----------------------------------------------------------------------------------------------
Took 614.181169 seconds 

	It is a tour!
