../../tsp -generate_random 500 -time_limit 600 -genetic_algorithm 1 1 -seed 1 


available parameters (vers. 21-Apr-2024) --------------------------------------------------
-file <input_file> NULL
-time_limit <timelimit> 600.000000
-generate_random <nnodes> 500
-seed <random_seed> 1

ALGORITHMS:
-greedy <starting_mode> -1 <grasp_mode> -1
-extra_mileage <starting_mode> -1
-two_opt
-VNS <kick_neighborhood> -1
-SA <iterations> -1
-tabu_search <tenure_mode> -1 <aspiration> -1
-genetic_algorithm <repair_mode> 1 <cutting_type> 1
-tsp_opt <model_type> -1
-hard_fixing <probability> -1.000000
-local_branching <branching_constraint> -1

enter -help or --help for help
----------------------------------------------------------------------------------------------


_________________________________________________________
Genetic Alghorithm:

[Genetic Algorithm] Champion fitness of generation1 is:2182802.000000
[Genetic Algorithm] Champion fitness of generation2 is:1621015.000000
[Genetic Algorithm] Champion fitness of generation3 is:1301069.000000
[Genetic Algorithm] Champion fitness of generation4 is:1301069.000000
[Genetic Algorithm] Champion fitness of generation5 is:1121442.000000
[Genetic Algorithm] Champion fitness of generation6 is:1024610.000000
[Genetic Algorithm] Champion fitness of generation7 is:1024610.000000
[Genetic Algorithm] Champion fitness of generation8 is:979952.000000
[Genetic Algorithm] Champion fitness of generation9 is:866280.000000
[Genetic Algorithm] Champion fitness of generation10 is:756666.000000
[Genetic Algorithm] Champion fitness of generation11 is:635291.000000
[Genetic Algorithm] Champion fitness of generation12 is:635291.000000
[Genetic Algorithm] Champion fitness of generation13 is:600963.000000
[Genetic Algorithm] Champion fitness of generation14 is:537524.000000
[Genetic Algorithm] Champion fitness of generation15 is:483427.000000
[Genetic Algorithm] Champion fitness of generation16 is:451527.000000
[Genetic Algorithm] Champion fitness of generation17 is:437695.000000
[Genetic Algorithm] Champion fitness of generation18 is:437695.000000
[Genetic Algorithm] Champion fitness of generation19 is:398239.000000
[Genetic Algorithm] Champion fitness of generation20 is:381393.000000
[Genetic Algorithm] Champion fitness of generation21 is:333460.000000
[Genetic Algorithm] Champion fitness of generation22 is:333460.000000
[Genetic Algorithm] Champion fitness of generation23 is:333460.000000
[Genetic Algorithm] Champion fitness of generation24 is:333460.000000
[Genetic Algorithm] Champion fitness of generation25 is:319278.000000
[Genetic Algorithm] Champion fitness of generation26 is:317749.000000
[Genetic Algorithm] Champion fitness of generation27 is:313377.000000
[Genetic Algorithm] Champion fitness of generation28 is:284008.000000
[Genetic Algorithm] Champion fitness of generation29 is:284008.000000
[Genetic Algorithm] Champion fitness of generation30 is:272710.000000
[Genetic Algorithm] Champion fitness of generation31 is:244007.000000
[Genetic Algorithm] Champion fitness of generation32 is:244007.000000
[Genetic Algorithm] Champion fitness of generation33 is:244007.000000
[Genetic Algorithm] Champion fitness of generation34 is:244007.000000
[Genetic Algorithm] Champion fitness of generation35 is:244007.000000
[Genetic Algorithm] Champion fitness of generation36 is:233396.000000
[Genetic Algorithm] Champion fitness of generation37 is:233396.000000
[Genetic Algorithm] Champion fitness of generation38 is:224649.000000
[Genetic Algorithm] Champion fitness of generation39 is:224649.000000
[Genetic Algorithm] Champion fitness of generation40 is:224649.000000
[Genetic Algorithm] Champion fitness of generation41 is:224649.000000
[Genetic Algorithm] Champion fitness of generation42 is:223464.000000
[Genetic Algorithm] Champion fitness of generation43 is:223464.000000
[Genetic Algorithm] Champion fitness of generation44 is:223464.000000
[Genetic Algorithm] Champion fitness of generation45 is:220405.000000
[Genetic Algorithm] Champion fitness of generation46 is:220405.000000
[Genetic Algorithm] Champion fitness of generation47 is:220405.000000
[Genetic Algorithm] Champion fitness of generation48 is:211622.000000
[Genetic Algorithm] Champion fitness of generation49 is:211622.000000
[Genetic Algorithm] Champion fitness of generation50 is:203855.000000
[Genetic Algorithm] Champion fitness of generation51 is:201168.000000
[Genetic Algorithm] Champion fitness of generation52 is:198637.000000
[Genetic Algorithm] Champion fitness of generation53 is:198637.000000
[Genetic Algorithm] Champion fitness of generation54 is:198637.000000
[Genetic Algorithm] Fitness of the Champion of Natural Selection over 54 generations is:182756.000000

 	best_val is 182756.000000

----------------------------------------------------------------------------------------------
Took 604.969258 seconds 

	It is a tour!
