../../tsp -generate_random 500 -time_limit 600 -genetic_algorithm 1 1 -seed 4 


available parameters (vers. 21-Apr-2024) --------------------------------------------------
-file <input_file> NULL
-time_limit <timelimit> 600.000000
-generate_random <nnodes> 500
-seed <random_seed> 4

ALGORITHMS:
-greedy <starting_mode> -1 <grasp_mode> -1
-extra_mileage <starting_mode> -1
-two_opt
-VNS <kick_neighborhood> -1
-SA <iterations> -1
-tabu_search <tenure_mode> -1 <aspiration> -1
-genetic_algorithm <repair_mode> 1 <cutting_type> 1
-tsp_opt <model_type> -1
-hard_fixing <probability> -1.000000
-local_branching <branching_constraint> -1

enter -help or --help for help
----------------------------------------------------------------------------------------------


_________________________________________________________
Genetic Alghorithm:

[Genetic Algorithm] Champion fitness of generation1 is:1841283.000000
[Genetic Algorithm] Champion fitness of generation2 is:1748611.000000
[Genetic Algorithm] Champion fitness of generation3 is:1683479.000000
[Genetic Algorithm] Champion fitness of generation4 is:1562884.000000
[Genetic Algorithm] Champion fitness of generation5 is:1521840.000000
[Genetic Algorithm] Champion fitness of generation6 is:1323769.000000
[Genetic Algorithm] Champion fitness of generation7 is:1154664.000000
[Genetic Algorithm] Champion fitness of generation8 is:965005.000000
[Genetic Algorithm] Champion fitness of generation9 is:906961.000000
[Genetic Algorithm] Champion fitness of generation10 is:850512.000000
[Genetic Algorithm] Champion fitness of generation11 is:850512.000000
[Genetic Algorithm] Champion fitness of generation12 is:817964.000000
[Genetic Algorithm] Champion fitness of generation13 is:785470.000000
[Genetic Algorithm] Champion fitness of generation14 is:696671.000000
[Genetic Algorithm] Champion fitness of generation15 is:675721.000000
[Genetic Algorithm] Champion fitness of generation16 is:573213.000000
[Genetic Algorithm] Champion fitness of generation17 is:562519.000000
[Genetic Algorithm] Champion fitness of generation18 is:556184.000000
[Genetic Algorithm] Champion fitness of generation19 is:540228.000000
[Genetic Algorithm] Champion fitness of generation20 is:471638.000000
[Genetic Algorithm] Champion fitness of generation21 is:448722.000000
[Genetic Algorithm] Champion fitness of generation22 is:448722.000000
[Genetic Algorithm] Champion fitness of generation23 is:425944.000000
[Genetic Algorithm] Champion fitness of generation24 is:376163.000000
[Genetic Algorithm] Champion fitness of generation25 is:376163.000000
[Genetic Algorithm] Champion fitness of generation26 is:376163.000000
[Genetic Algorithm] Champion fitness of generation27 is:341484.000000
[Genetic Algorithm] Champion fitness of generation28 is:341484.000000
[Genetic Algorithm] Champion fitness of generation29 is:341484.000000
[Genetic Algorithm] Champion fitness of generation30 is:321731.000000
[Genetic Algorithm] Champion fitness of generation31 is:296574.000000
[Genetic Algorithm] Champion fitness of generation32 is:296574.000000
[Genetic Algorithm] Champion fitness of generation33 is:296547.000000
[Genetic Algorithm] Champion fitness of generation34 is:288880.000000
[Genetic Algorithm] Champion fitness of generation35 is:268828.000000
[Genetic Algorithm] Champion fitness of generation36 is:260254.000000
[Genetic Algorithm] Champion fitness of generation37 is:259375.000000
[Genetic Algorithm] Champion fitness of generation38 is:241553.000000
[Genetic Algorithm] Champion fitness of generation39 is:241553.000000
[Genetic Algorithm] Champion fitness of generation40 is:241553.000000
[Genetic Algorithm] Champion fitness of generation41 is:241553.000000
[Genetic Algorithm] Champion fitness of generation42 is:236617.000000
[Genetic Algorithm] Champion fitness of generation43 is:236192.000000
[Genetic Algorithm] Champion fitness of generation44 is:224210.000000
[Genetic Algorithm] Champion fitness of generation45 is:224210.000000
[Genetic Algorithm] Champion fitness of generation46 is:219513.000000
[Genetic Algorithm] Champion fitness of generation47 is:210201.000000
[Genetic Algorithm] Champion fitness of generation48 is:203164.000000
[Genetic Algorithm] Champion fitness of generation49 is:203164.000000
[Genetic Algorithm] Champion fitness of generation50 is:202086.000000
[Genetic Algorithm] Champion fitness of generation51 is:197938.000000
[Genetic Algorithm] Champion fitness of generation52 is:194855.000000
[Genetic Algorithm] Champion fitness of generation53 is:194855.000000
[Genetic Algorithm] Fitness of the Champion of Natural Selection over 53 generations is:179800.000000

 	best_val is 179800.000000

----------------------------------------------------------------------------------------------
Took 602.795357 seconds 

	It is a tour!
