../../tsp -generate_random 500 -time_limit 600 -genetic_algorithm 1 2 -seed 6 


available parameters (vers. 21-Apr-2024) --------------------------------------------------
-file <input_file> NULL
-time_limit <timelimit> 600.000000
-generate_random <nnodes> 500
-seed <random_seed> 6

ALGORITHMS:
-greedy <starting_mode> -1 <grasp_mode> -1
-extra_mileage <starting_mode> -1
-two_opt
-VNS <kick_neighborhood> -1
-SA <iterations> -1
-tabu_search <tenure_mode> -1 <aspiration> -1
-genetic_algorithm <repair_mode> 1 <cutting_type> 1
-tsp_opt <model_type> -1
-hard_fixing <probability> -1.000000
-local_branching <branching_constraint> -1

enter -help or --help for help
----------------------------------------------------------------------------------------------


_________________________________________________________
Genetic Alghorithm:

[Genetic Algorithm] Champion fitness of generation1 is:1959436.000000
[Genetic Algorithm] Champion fitness of generation2 is:1638543.000000
[Genetic Algorithm] Champion fitness of generation3 is:1474279.000000
[Genetic Algorithm] Champion fitness of generation4 is:1312891.000000
[Genetic Algorithm] Champion fitness of generation5 is:1181374.000000
[Genetic Algorithm] Champion fitness of generation6 is:1072764.000000
[Genetic Algorithm] Champion fitness of generation7 is:1052471.000000
[Genetic Algorithm] Champion fitness of generation8 is:939728.000000
[Genetic Algorithm] Champion fitness of generation9 is:900791.000000
[Genetic Algorithm] Champion fitness of generation10 is:835268.000000
[Genetic Algorithm] Champion fitness of generation11 is:815628.000000
[Genetic Algorithm] Champion fitness of generation12 is:768853.000000
[Genetic Algorithm] Champion fitness of generation13 is:708588.000000
[Genetic Algorithm] Champion fitness of generation14 is:702635.000000
[Genetic Algorithm] Champion fitness of generation15 is:670546.000000
[Genetic Algorithm] Champion fitness of generation16 is:647148.000000
[Genetic Algorithm] Champion fitness of generation17 is:609279.000000
[Genetic Algorithm] Champion fitness of generation18 is:600211.000000
[Genetic Algorithm] Champion fitness of generation19 is:574398.000000
[Genetic Algorithm] Champion fitness of generation20 is:539332.000000
[Genetic Algorithm] Champion fitness of generation21 is:531496.000000
[Genetic Algorithm] Champion fitness of generation22 is:506702.000000
[Genetic Algorithm] Champion fitness of generation23 is:498152.000000
[Genetic Algorithm] Champion fitness of generation24 is:475069.000000
[Genetic Algorithm] Champion fitness of generation25 is:461720.000000
[Genetic Algorithm] Champion fitness of generation26 is:441280.000000
[Genetic Algorithm] Champion fitness of generation27 is:441280.000000
[Genetic Algorithm] Champion fitness of generation28 is:415439.000000
[Genetic Algorithm] Champion fitness of generation29 is:404511.000000
[Genetic Algorithm] Champion fitness of generation30 is:393785.000000
[Genetic Algorithm] Champion fitness of generation31 is:384546.000000
[Genetic Algorithm] Champion fitness of generation32 is:384382.000000
[Genetic Algorithm] Champion fitness of generation33 is:374764.000000
[Genetic Algorithm] Champion fitness of generation34 is:362056.000000
[Genetic Algorithm] Champion fitness of generation35 is:354341.000000
[Genetic Algorithm] Champion fitness of generation36 is:354341.000000
[Genetic Algorithm] Champion fitness of generation37 is:354341.000000
[Genetic Algorithm] Champion fitness of generation38 is:341825.000000
[Genetic Algorithm] Champion fitness of generation39 is:338782.000000
[Genetic Algorithm] Champion fitness of generation40 is:334373.000000
[Genetic Algorithm] Champion fitness of generation41 is:331643.000000
[Genetic Algorithm] Champion fitness of generation42 is:315171.000000
[Genetic Algorithm] Champion fitness of generation43 is:315171.000000
[Genetic Algorithm] Champion fitness of generation44 is:314883.000000
[Genetic Algorithm] Champion fitness of generation45 is:313571.000000
[Genetic Algorithm] Champion fitness of generation46 is:313571.000000
[Genetic Algorithm] Champion fitness of generation47 is:310064.000000
[Genetic Algorithm] Champion fitness of generation48 is:310064.000000
[Genetic Algorithm] Champion fitness of generation49 is:310064.000000
[Genetic Algorithm] Champion fitness of generation50 is:310064.000000
[Genetic Algorithm] Champion fitness of generation51 is:310064.000000
[Genetic Algorithm] Champion fitness of generation52 is:308704.000000
[Genetic Algorithm] Champion fitness of generation53 is:308225.000000
[Genetic Algorithm] Champion fitness of generation54 is:308225.000000
[Genetic Algorithm] Champion fitness of generation55 is:306074.000000
[Genetic Algorithm] Champion fitness of generation56 is:306074.000000
[Genetic Algorithm] Champion fitness of generation57 is:305151.000000
[Genetic Algorithm] Champion fitness of generation58 is:302676.000000
[Genetic Algorithm] Champion fitness of generation59 is:300833.000000
[Genetic Algorithm] Champion fitness of generation60 is:299791.000000
[Genetic Algorithm] Champion fitness of generation61 is:299365.000000
[Genetic Algorithm] Champion fitness of generation62 is:298711.000000
[Genetic Algorithm] Champion fitness of generation63 is:298101.000000
[Genetic Algorithm] Champion fitness of generation64 is:298101.000000
[Genetic Algorithm] Champion fitness of generation65 is:298101.000000
[Genetic Algorithm] Champion fitness of generation66 is:295996.000000
[Genetic Algorithm] Champion fitness of generation67 is:295996.000000
[Genetic Algorithm] Champion fitness of generation68 is:295996.000000
[Genetic Algorithm] Champion fitness of generation69 is:295108.000000
[Genetic Algorithm] Champion fitness of generation70 is:295108.000000
[Genetic Algorithm] Champion fitness of generation71 is:294867.000000
[Genetic Algorithm] Champion fitness of generation72 is:294847.000000
[Genetic Algorithm] Champion fitness of generation73 is:294847.000000
[Genetic Algorithm] Champion fitness of generation74 is:294700.000000
[Genetic Algorithm] Champion fitness of generation75 is:294700.000000
[Genetic Algorithm] Champion fitness of generation76 is:294700.000000
[Genetic Algorithm] Champion fitness of generation77 is:294700.000000
[Genetic Algorithm] Champion fitness of generation78 is:294700.000000
[Genetic Algorithm] Champion fitness of generation79 is:294700.000000
[Genetic Algorithm] Champion fitness of generation80 is:294700.000000
[Genetic Algorithm] Champion fitness of generation81 is:294700.000000
[Genetic Algorithm] Champion fitness of generation82 is:294700.000000
[Genetic Algorithm] Champion fitness of generation83 is:294700.000000
[Genetic Algorithm] Champion fitness of generation84 is:294700.000000
[Genetic Algorithm] Champion fitness of generation85 is:294700.000000
[Genetic Algorithm] Champion fitness of generation86 is:294555.000000
[Genetic Algorithm] Champion fitness of generation87 is:294555.000000
[Genetic Algorithm] Champion fitness of generation88 is:294498.000000
[Genetic Algorithm] Champion fitness of generation89 is:294498.000000
[Genetic Algorithm] Champion fitness of generation90 is:294408.000000
[Genetic Algorithm] Champion fitness of generation91 is:294408.000000
[Genetic Algorithm] Champion fitness of generation92 is:294408.000000
[Genetic Algorithm] Champion fitness of generation93 is:294408.000000
[Genetic Algorithm] Champion fitness of generation94 is:294366.000000
[Genetic Algorithm] Champion fitness of generation95 is:294366.000000
[Genetic Algorithm] Champion fitness of generation96 is:294366.000000
[Genetic Algorithm] Champion fitness of generation97 is:294366.000000
[Genetic Algorithm] Champion fitness of generation98 is:294366.000000
[Genetic Algorithm] Champion fitness of generation99 is:294366.000000
[Genetic Algorithm] Champion fitness of generation100 is:294366.000000
[Genetic Algorithm] Champion fitness of generation101 is:294366.000000
[Genetic Algorithm] Champion fitness of generation102 is:294366.000000
[Genetic Algorithm] Champion fitness of generation103 is:294366.000000
[Genetic Algorithm] Champion fitness of generation104 is:294366.000000
[Genetic Algorithm] Champion fitness of generation105 is:294366.000000
[Genetic Algorithm] Champion fitness of generation106 is:294366.000000
[Genetic Algorithm] Champion fitness of generation107 is:294366.000000
[Genetic Algorithm] Champion fitness of generation108 is:294366.000000
[Genetic Algorithm] Champion fitness of generation109 is:294366.000000
[Genetic Algorithm] Champion fitness of generation110 is:294366.000000
[Genetic Algorithm] Champion fitness of generation111 is:294366.000000
[Genetic Algorithm] Champion fitness of generation112 is:294366.000000
[Genetic Algorithm] Champion fitness of generation113 is:294366.000000
[Genetic Algorithm] Champion fitness of generation114 is:294366.000000
[Genetic Algorithm] Champion fitness of generation115 is:294366.000000
[Genetic Algorithm] Champion fitness of generation116 is:294366.000000
[Genetic Algorithm] Champion fitness of generation117 is:294366.000000
[Genetic Algorithm] Champion fitness of generation118 is:294366.000000
[Genetic Algorithm] Champion fitness of generation119 is:294366.000000
[Genetic Algorithm] Champion fitness of generation120 is:294366.000000
[Genetic Algorithm] Champion fitness of generation121 is:294366.000000
[Genetic Algorithm] Champion fitness of generation122 is:294366.000000
[Genetic Algorithm] Champion fitness of generation123 is:294366.000000
[Genetic Algorithm] Champion fitness of generation124 is:294366.000000
[Genetic Algorithm] Champion fitness of generation125 is:294366.000000
[Genetic Algorithm] Champion fitness of generation126 is:294366.000000
[Genetic Algorithm] Champion fitness of generation127 is:294366.000000
[Genetic Algorithm] Champion fitness of generation128 is:294366.000000
[Genetic Algorithm] Champion fitness of generation129 is:294366.000000
[Genetic Algorithm] Champion fitness of generation130 is:294366.000000
[Genetic Algorithm] Champion fitness of generation131 is:294366.000000
[Genetic Algorithm] Champion fitness of generation132 is:294366.000000
[Genetic Algorithm] Champion fitness of generation133 is:294366.000000
[Genetic Algorithm] Champion fitness of generation134 is:294366.000000
[Genetic Algorithm] Champion fitness of generation135 is:294366.000000
[Genetic Algorithm] Champion fitness of generation136 is:294366.000000
[Genetic Algorithm] Champion fitness of generation137 is:294366.000000
[Genetic Algorithm] Champion fitness of generation138 is:294366.000000
[Genetic Algorithm] Champion fitness of generation139 is:294366.000000
[Genetic Algorithm] Champion fitness of generation140 is:294366.000000
[Genetic Algorithm] Champion fitness of generation141 is:294366.000000
[Genetic Algorithm] Champion fitness of generation142 is:294366.000000
[Genetic Algorithm] Champion fitness of generation143 is:294366.000000
[Genetic Algorithm] Champion fitness of generation144 is:294366.000000
[Genetic Algorithm] Champion fitness of generation145 is:294366.000000
[Genetic Algorithm] Champion fitness of generation146 is:294366.000000
[Genetic Algorithm] Champion fitness of generation147 is:294366.000000
[Genetic Algorithm] Champion fitness of generation148 is:294366.000000
[Genetic Algorithm] Champion fitness of generation149 is:294366.000000
[Genetic Algorithm] Champion fitness of generation150 is:294366.000000
[Genetic Algorithm] Champion fitness of generation151 is:294366.000000
[Genetic Algorithm] Champion fitness of generation152 is:294366.000000
[Genetic Algorithm] Champion fitness of generation153 is:294366.000000
[Genetic Algorithm] Champion fitness of generation154 is:294366.000000
[Genetic Algorithm] Champion fitness of generation155 is:294366.000000
[Genetic Algorithm] Champion fitness of generation156 is:294366.000000
[Genetic Algorithm] Champion fitness of generation157 is:294366.000000
[Genetic Algorithm] Champion fitness of generation158 is:294366.000000
[Genetic Algorithm] Champion fitness of generation159 is:294366.000000
[Genetic Algorithm] Champion fitness of generation160 is:294366.000000
[Genetic Algorithm] Champion fitness of generation161 is:294366.000000
[Genetic Algorithm] Champion fitness of generation162 is:294366.000000
[Genetic Algorithm] Champion fitness of generation163 is:294366.000000
[Genetic Algorithm] Champion fitness of generation164 is:294366.000000
[Genetic Algorithm] Champion fitness of generation165 is:294366.000000
[Genetic Algorithm] Champion fitness of generation166 is:294366.000000
[Genetic Algorithm] Champion fitness of generation167 is:294366.000000
[Genetic Algorithm] Champion fitness of generation168 is:294366.000000
[Genetic Algorithm] Champion fitness of generation169 is:294366.000000
[Genetic Algorithm] Champion fitness of generation170 is:294366.000000
[Genetic Algorithm] Champion fitness of generation171 is:294366.000000
[Genetic Algorithm] Champion fitness of generation172 is:294366.000000
[Genetic Algorithm] Champion fitness of generation173 is:294366.000000
[Genetic Algorithm] Champion fitness of generation174 is:294366.000000
[Genetic Algorithm] Champion fitness of generation175 is:294366.000000
[Genetic Algorithm] Champion fitness of generation176 is:294366.000000
[Genetic Algorithm] Champion fitness of generation177 is:294366.000000
[Genetic Algorithm] Champion fitness of generation178 is:294366.000000
[Genetic Algorithm] Champion fitness of generation179 is:294366.000000
[Genetic Algorithm] Champion fitness of generation180 is:294366.000000
[Genetic Algorithm] Champion fitness of generation181 is:294366.000000
[Genetic Algorithm] Champion fitness of generation182 is:294366.000000
[Genetic Algorithm] Champion fitness of generation183 is:294366.000000
[Genetic Algorithm] Champion fitness of generation184 is:294366.000000
[Genetic Algorithm] Champion fitness of generation185 is:294366.000000
[Genetic Algorithm] Champion fitness of generation186 is:294366.000000
[Genetic Algorithm] Champion fitness of generation187 is:294366.000000
[Genetic Algorithm] Champion fitness of generation188 is:294366.000000
[Genetic Algorithm] Champion fitness of generation189 is:294366.000000
[Genetic Algorithm] Champion fitness of generation190 is:294366.000000
[Genetic Algorithm] Champion fitness of generation191 is:294366.000000
[Genetic Algorithm] Champion fitness of generation192 is:294366.000000
[Genetic Algorithm] Champion fitness of generation193 is:294366.000000
[Genetic Algorithm] Champion fitness of generation194 is:294366.000000
[Genetic Algorithm] Champion fitness of generation195 is:294366.000000
[Genetic Algorithm] Champion fitness of generation196 is:294366.000000
[Genetic Algorithm] Champion fitness of generation197 is:294366.000000
[Genetic Algorithm] Champion fitness of generation198 is:294366.000000
[Genetic Algorithm] Champion fitness of generation199 is:294366.000000
[Genetic Algorithm] Champion fitness of generation200 is:294366.000000
[Genetic Algorithm] Champion fitness of generation201 is:294366.000000
[Genetic Algorithm] Champion fitness of generation202 is:294366.000000
[Genetic Algorithm] Champion fitness of generation203 is:294366.000000
[Genetic Algorithm] Champion fitness of generation204 is:294366.000000
[Genetic Algorithm] Champion fitness of generation205 is:294366.000000
[Genetic Algorithm] Champion fitness of generation206 is:294366.000000
[Genetic Algorithm] Champion fitness of generation207 is:294366.000000
[Genetic Algorithm] Champion fitness of generation208 is:294366.000000
[Genetic Algorithm] Champion fitness of generation209 is:294366.000000
[Genetic Algorithm] Champion fitness of generation210 is:294366.000000
[Genetic Algorithm] Champion fitness of generation211 is:294366.000000
[Genetic Algorithm] Champion fitness of generation212 is:294366.000000
[Genetic Algorithm] Champion fitness of generation213 is:294366.000000
[Genetic Algorithm] Champion fitness of generation214 is:294366.000000
[Genetic Algorithm] Champion fitness of generation215 is:294366.000000
[Genetic Algorithm] Champion fitness of generation216 is:294366.000000
[Genetic Algorithm] Champion fitness of generation217 is:294366.000000
[Genetic Algorithm] Champion fitness of generation218 is:294366.000000
[Genetic Algorithm] Champion fitness of generation219 is:294366.000000
[Genetic Algorithm] Champion fitness of generation220 is:294366.000000
[Genetic Algorithm] Champion fitness of generation221 is:294366.000000
[Genetic Algorithm] Champion fitness of generation222 is:294366.000000
[Genetic Algorithm] Champion fitness of generation223 is:294366.000000
[Genetic Algorithm] Champion fitness of generation224 is:294366.000000
[Genetic Algorithm] Champion fitness of generation225 is:294366.000000
[Genetic Algorithm] Champion fitness of generation226 is:294366.000000
[Genetic Algorithm] Champion fitness of generation227 is:294366.000000
[Genetic Algorithm] Champion fitness of generation228 is:294366.000000
[Genetic Algorithm] Champion fitness of generation229 is:294366.000000
[Genetic Algorithm] Champion fitness of generation230 is:294366.000000
[Genetic Algorithm] Champion fitness of generation231 is:294366.000000
[Genetic Algorithm] Champion fitness of generation232 is:294366.000000
[Genetic Algorithm] Champion fitness of generation233 is:294366.000000
[Genetic Algorithm] Champion fitness of generation234 is:294366.000000
[Genetic Algorithm] Champion fitness of generation235 is:294366.000000
[Genetic Algorithm] Champion fitness of generation236 is:294366.000000
[Genetic Algorithm] Champion fitness of generation237 is:294366.000000
[Genetic Algorithm] Champion fitness of generation238 is:294366.000000
[Genetic Algorithm] Champion fitness of generation239 is:294366.000000
[Genetic Algorithm] Champion fitness of generation240 is:294366.000000
[Genetic Algorithm] Champion fitness of generation241 is:294366.000000
[Genetic Algorithm] Champion fitness of generation242 is:294366.000000
[Genetic Algorithm] Champion fitness of generation243 is:294366.000000
[Genetic Algorithm] Champion fitness of generation244 is:294366.000000
[Genetic Algorithm] Champion fitness of generation245 is:294366.000000
[Genetic Algorithm] Champion fitness of generation246 is:294366.000000
[Genetic Algorithm] Champion fitness of generation247 is:294366.000000
[Genetic Algorithm] Champion fitness of generation248 is:293787.000000
[Genetic Algorithm] Champion fitness of generation249 is:293787.000000
[Genetic Algorithm] Champion fitness of generation250 is:292827.000000
[Genetic Algorithm] Champion fitness of generation251 is:292827.000000
[Genetic Algorithm] Champion fitness of generation252 is:292827.000000
[Genetic Algorithm] Champion fitness of generation253 is:292827.000000
[Genetic Algorithm] Champion fitness of generation254 is:292827.000000
[Genetic Algorithm] Champion fitness of generation255 is:292827.000000
[Genetic Algorithm] Champion fitness of generation256 is:292827.000000
[Genetic Algorithm] Fitness of the Champion of Natural Selection over 256 generations is:182824.000000

 	best_val is 182824.000000

----------------------------------------------------------------------------------------------
Took 600.338222 seconds 

	It is a tour!
