../../tsp -generate_random 2000 -time_limit 600 -genetic_algorithm 0 1 -seed 0 


available parameters (vers. 21-Apr-2024) --------------------------------------------------
-file <input_file> NULL
-time_limit <timelimit> 600.000000
-generate_random <nnodes> 2000
-seed <random_seed> 0

ALGORITHMS:
-greedy <starting_mode> -1 <grasp_mode> -1
-extra_mileage <starting_mode> -1
-two_opt
-VNS <kick_neighborhood> -1
-SA <iterations> -1
-tabu_search <tenure_mode> -1 <aspiration> -1
-genetic_algorithm <repair_mode> 0 <cutting_type> 0
-tsp_opt <model_type> -1
-hard_fixing <probability> -1.000000
-local_branching <branching_constraint> -1

enter -help or --help for help
----------------------------------------------------------------------------------------------


_________________________________________________________
Genetic Alghorithm:

[Genetic Algorithm] Champion fitness of generation1 is:10039272.000000
[Genetic Algorithm] Champion fitness of generation2 is:9938437.000000
[Genetic Algorithm] Champion fitness of generation3 is:9905343.000000
[Genetic Algorithm] Champion fitness of generation4 is:9880571.000000
[Genetic Algorithm] Champion fitness of generation5 is:9880571.000000
[Genetic Algorithm] Champion fitness of generation6 is:9844605.000000
[Genetic Algorithm] Champion fitness of generation7 is:9828889.000000
[Genetic Algorithm] Champion fitness of generation8 is:9828889.000000
[Genetic Algorithm] Champion fitness of generation9 is:9821236.000000
[Genetic Algorithm] Champion fitness of generation10 is:9772101.000000
[Genetic Algorithm] Champion fitness of generation11 is:9765123.000000
[Genetic Algorithm] Champion fitness of generation12 is:9720922.000000
[Genetic Algorithm] Champion fitness of generation13 is:9710515.000000
[Genetic Algorithm] Champion fitness of generation14 is:9710515.000000
[Genetic Algorithm] Champion fitness of generation15 is:9632610.000000
[Genetic Algorithm] Champion fitness of generation16 is:9632610.000000
[Genetic Algorithm] Champion fitness of generation17 is:9512619.000000
[Genetic Algorithm] Champion fitness of generation18 is:9512619.000000
[Genetic Algorithm] Champion fitness of generation19 is:9497256.000000
[Genetic Algorithm] Champion fitness of generation20 is:9497256.000000
[Genetic Algorithm] Champion fitness of generation21 is:9497256.000000
[Genetic Algorithm] Champion fitness of generation22 is:9497256.000000
[Genetic Algorithm] Champion fitness of generation23 is:9497256.000000
[Genetic Algorithm] Champion fitness of generation24 is:9481542.000000
[Genetic Algorithm] Champion fitness of generation25 is:9450552.000000
[Genetic Algorithm] Champion fitness of generation26 is:9450552.000000
[Genetic Algorithm] Champion fitness of generation27 is:9441193.000000
[Genetic Algorithm] Champion fitness of generation28 is:9368701.000000
[Genetic Algorithm] Champion fitness of generation29 is:9282641.000000
[Genetic Algorithm] Champion fitness of generation30 is:9282641.000000
[Genetic Algorithm] Champion fitness of generation31 is:9270250.000000
[Genetic Algorithm] Champion fitness of generation32 is:9270250.000000
[Genetic Algorithm] Champion fitness of generation33 is:9270250.000000
[Genetic Algorithm] Champion fitness of generation34 is:9270250.000000
[Genetic Algorithm] Champion fitness of generation35 is:9200908.000000
[Genetic Algorithm] Champion fitness of generation36 is:9200908.000000
[Genetic Algorithm] Champion fitness of generation37 is:9200908.000000
[Genetic Algorithm] Champion fitness of generation38 is:9200908.000000
[Genetic Algorithm] Champion fitness of generation39 is:9199443.000000
[Genetic Algorithm] Champion fitness of generation40 is:9164184.000000
[Genetic Algorithm] Champion fitness of generation41 is:9160737.000000
[Genetic Algorithm] Champion fitness of generation42 is:9152234.000000
[Genetic Algorithm] Champion fitness of generation43 is:9140038.000000
[Genetic Algorithm] Champion fitness of generation44 is:9110742.000000
[Genetic Algorithm] Champion fitness of generation45 is:9110742.000000
[Genetic Algorithm] Champion fitness of generation46 is:9110742.000000
[Genetic Algorithm] Champion fitness of generation47 is:9103036.000000
[Genetic Algorithm] Champion fitness of generation48 is:9061313.000000
[Genetic Algorithm] Champion fitness of generation49 is:9022557.000000
[Genetic Algorithm] Champion fitness of generation50 is:9022557.000000
[Genetic Algorithm] Champion fitness of generation51 is:8946555.000000
[Genetic Algorithm] Champion fitness of generation52 is:8946555.000000
[Genetic Algorithm] Champion fitness of generation53 is:8946555.000000
[Genetic Algorithm] Champion fitness of generation54 is:8946555.000000
[Genetic Algorithm] Champion fitness of generation55 is:8929977.000000
[Genetic Algorithm] Champion fitness of generation56 is:8900722.000000
[Genetic Algorithm] Champion fitness of generation57 is:8869072.000000
[Genetic Algorithm] Champion fitness of generation58 is:8869072.000000
[Genetic Algorithm] Champion fitness of generation59 is:8816519.000000
[Genetic Algorithm] Champion fitness of generation60 is:8816519.000000
[Genetic Algorithm] Champion fitness of generation61 is:8807380.000000
[Genetic Algorithm] Champion fitness of generation62 is:8807380.000000
[Genetic Algorithm] Champion fitness of generation63 is:8807380.000000
[Genetic Algorithm] Champion fitness of generation64 is:8788335.000000
[Genetic Algorithm] Champion fitness of generation65 is:8788335.000000
[Genetic Algorithm] Champion fitness of generation66 is:8786539.000000
[Genetic Algorithm] Champion fitness of generation67 is:8786539.000000
[Genetic Algorithm] Champion fitness of generation68 is:8771532.000000
[Genetic Algorithm] Champion fitness of generation69 is:8759613.000000
[Genetic Algorithm] Champion fitness of generation70 is:8752510.000000
[Genetic Algorithm] Champion fitness of generation71 is:8737900.000000
[Genetic Algorithm] Champion fitness of generation72 is:8735740.000000
[Genetic Algorithm] Champion fitness of generation73 is:8719541.000000
[Genetic Algorithm] Champion fitness of generation74 is:8719117.000000
[Genetic Algorithm] Champion fitness of generation75 is:8719117.000000
[Genetic Algorithm] Champion fitness of generation76 is:8709662.000000
[Genetic Algorithm] Champion fitness of generation77 is:8704799.000000
[Genetic Algorithm] Champion fitness of generation78 is:8695550.000000
[Genetic Algorithm] Champion fitness of generation79 is:8695550.000000
[Genetic Algorithm] Champion fitness of generation80 is:8679559.000000
[Genetic Algorithm] Champion fitness of generation81 is:8679559.000000
[Genetic Algorithm] Champion fitness of generation82 is:8654795.000000
[Genetic Algorithm] Champion fitness of generation83 is:8654795.000000
[Genetic Algorithm] Champion fitness of generation84 is:8654795.000000
[Genetic Algorithm] Champion fitness of generation85 is:8654795.000000
[Genetic Algorithm] Champion fitness of generation86 is:8654795.000000
[Genetic Algorithm] Champion fitness of generation87 is:8637441.000000
[Genetic Algorithm] Champion fitness of generation88 is:8628188.000000
[Genetic Algorithm] Champion fitness of generation89 is:8624446.000000
[Genetic Algorithm] Champion fitness of generation90 is:8617419.000000
[Genetic Algorithm] Champion fitness of generation91 is:8617419.000000
[Genetic Algorithm] Champion fitness of generation92 is:8612361.000000
[Genetic Algorithm] Champion fitness of generation93 is:8594571.000000
[Genetic Algorithm] Champion fitness of generation94 is:8594571.000000
[Genetic Algorithm] Champion fitness of generation95 is:8585573.000000
[Genetic Algorithm] Champion fitness of generation96 is:8550624.000000
[Genetic Algorithm] Champion fitness of generation97 is:8550624.000000
[Genetic Algorithm] Champion fitness of generation98 is:8540114.000000
[Genetic Algorithm] Champion fitness of generation99 is:8540114.000000
[Genetic Algorithm] Champion fitness of generation100 is:8540114.000000
[Genetic Algorithm] Champion fitness of generation101 is:8536235.000000
[Genetic Algorithm] Champion fitness of generation102 is:8532351.000000
[Genetic Algorithm] Champion fitness of generation103 is:8520526.000000
[Genetic Algorithm] Champion fitness of generation104 is:8502480.000000
[Genetic Algorithm] Champion fitness of generation105 is:8468512.000000
[Genetic Algorithm] Champion fitness of generation106 is:8468512.000000
[Genetic Algorithm] Champion fitness of generation107 is:8468512.000000
[Genetic Algorithm] Champion fitness of generation108 is:8468512.000000
[Genetic Algorithm] Champion fitness of generation109 is:8467930.000000
[Genetic Algorithm] Champion fitness of generation110 is:8462492.000000
[Genetic Algorithm] Champion fitness of generation111 is:8462492.000000
[Genetic Algorithm] Champion fitness of generation112 is:8456273.000000
[Genetic Algorithm] Champion fitness of generation113 is:8456273.000000
[Genetic Algorithm] Champion fitness of generation114 is:8456273.000000
[Genetic Algorithm] Champion fitness of generation115 is:8445621.000000
[Genetic Algorithm] Champion fitness of generation116 is:8445048.000000
[Genetic Algorithm] Champion fitness of generation117 is:8436041.000000
[Genetic Algorithm] Champion fitness of generation118 is:8430616.000000
[Genetic Algorithm] Champion fitness of generation119 is:8421949.000000
[Genetic Algorithm] Champion fitness of generation120 is:8415139.000000
[Genetic Algorithm] Champion fitness of generation121 is:8404686.000000
[Genetic Algorithm] Champion fitness of generation122 is:8400887.000000
[Genetic Algorithm] Champion fitness of generation123 is:8392042.000000
[Genetic Algorithm] Champion fitness of generation124 is:8392042.000000
[Genetic Algorithm] Champion fitness of generation125 is:8392042.000000
[Genetic Algorithm] Champion fitness of generation126 is:8379725.000000
[Genetic Algorithm] Champion fitness of generation127 is:8378509.000000
[Genetic Algorithm] Champion fitness of generation128 is:8372603.000000
[Genetic Algorithm] Champion fitness of generation129 is:8372603.000000
[Genetic Algorithm] Champion fitness of generation130 is:8364423.000000
[Genetic Algorithm] Champion fitness of generation131 is:8338399.000000
[Genetic Algorithm] Champion fitness of generation132 is:8338399.000000
[Genetic Algorithm] Fitness of the Champion of Natural Selection over 132 generations is:360383.000000

 	best_val is 360383.000000

----------------------------------------------------------------------------------------------
Took 768.086429 seconds 

	It is a tour!
