../../tsp -generate_random 500 -time_limit 600 -genetic_algorithm 2 2 -seed 5 


available parameters (vers. 21-Apr-2024) --------------------------------------------------
-file <input_file> NULL
-time_limit <timelimit> 600.000000
-generate_random <nnodes> 500
-seed <random_seed> 5

ALGORITHMS:
-greedy <starting_mode> -1 <grasp_mode> -1
-extra_mileage <starting_mode> -1
-two_opt
-VNS <kick_neighborhood> -1
-SA <iterations> -1
-tabu_search <tenure_mode> -1 <aspiration> -1
-genetic_algorithm <repair_mode> 2 <cutting_type> 2
-tsp_opt <model_type> -1
-hard_fixing <probability> -1.000000
-local_branching <branching_constraint> -1

enter -help or --help for help
----------------------------------------------------------------------------------------------


_________________________________________________________
Genetic Alghorithm:

[Genetic Algorithm] Champion fitness of generation1 is:173251.000000
[Genetic Algorithm] Champion fitness of generation2 is:173251.000000
[Genetic Algorithm] Fitness of the Champion of Natural Selection over 2 generations is:173251.000000

 	best_val is 173251.000000

----------------------------------------------------------------------------------------------
Took 681.686233 seconds 

	It is a tour!
