../../tsp -generate_random 500 -time_limit 600 -genetic_algorithm 1 1 -seed 9 


available parameters (vers. 21-Apr-2024) --------------------------------------------------
-file <input_file> NULL
-time_limit <timelimit> 600.000000
-generate_random <nnodes> 500
-seed <random_seed> 9

ALGORITHMS:
-greedy <starting_mode> -1 <grasp_mode> -1
-extra_mileage <starting_mode> -1
-two_opt
-VNS <kick_neighborhood> -1
-SA <iterations> -1
-tabu_search <tenure_mode> -1 <aspiration> -1
-genetic_algorithm <repair_mode> 1 <cutting_type> 1
-tsp_opt <model_type> -1
-hard_fixing <probability> -1.000000
-local_branching <branching_constraint> -1

enter -help or --help for help
----------------------------------------------------------------------------------------------


_________________________________________________________
Genetic Alghorithm:

[Genetic Algorithm] Champion fitness of generation1 is:1928038.000000
[Genetic Algorithm] Champion fitness of generation2 is:1514078.000000
[Genetic Algorithm] Champion fitness of generation3 is:1486918.000000
[Genetic Algorithm] Champion fitness of generation4 is:1486918.000000
[Genetic Algorithm] Champion fitness of generation5 is:1168768.000000
[Genetic Algorithm] Champion fitness of generation6 is:1008503.000000
[Genetic Algorithm] Champion fitness of generation7 is:991550.000000
[Genetic Algorithm] Champion fitness of generation8 is:921306.000000
[Genetic Algorithm] Champion fitness of generation9 is:758311.000000
[Genetic Algorithm] Champion fitness of generation10 is:640665.000000
[Genetic Algorithm] Champion fitness of generation11 is:640665.000000
[Genetic Algorithm] Champion fitness of generation12 is:613784.000000
[Genetic Algorithm] Champion fitness of generation13 is:613784.000000
[Genetic Algorithm] Champion fitness of generation14 is:531239.000000
[Genetic Algorithm] Champion fitness of generation15 is:531239.000000
[Genetic Algorithm] Champion fitness of generation16 is:511386.000000
[Genetic Algorithm] Champion fitness of generation17 is:511386.000000
[Genetic Algorithm] Champion fitness of generation18 is:511386.000000
[Genetic Algorithm] Champion fitness of generation19 is:441844.000000
[Genetic Algorithm] Champion fitness of generation20 is:441844.000000
[Genetic Algorithm] Champion fitness of generation21 is:441844.000000
[Genetic Algorithm] Champion fitness of generation22 is:441844.000000
[Genetic Algorithm] Champion fitness of generation23 is:435535.000000
[Genetic Algorithm] Champion fitness of generation24 is:398648.000000
[Genetic Algorithm] Champion fitness of generation25 is:378082.000000
[Genetic Algorithm] Champion fitness of generation26 is:369771.000000
[Genetic Algorithm] Champion fitness of generation27 is:350309.000000
[Genetic Algorithm] Champion fitness of generation28 is:339445.000000
[Genetic Algorithm] Champion fitness of generation29 is:331537.000000
[Genetic Algorithm] Champion fitness of generation30 is:322017.000000
[Genetic Algorithm] Champion fitness of generation31 is:311623.000000
[Genetic Algorithm] Champion fitness of generation32 is:291479.000000
[Genetic Algorithm] Champion fitness of generation33 is:291479.000000
[Genetic Algorithm] Champion fitness of generation34 is:276760.000000
[Genetic Algorithm] Champion fitness of generation35 is:276760.000000
[Genetic Algorithm] Champion fitness of generation36 is:276760.000000
[Genetic Algorithm] Champion fitness of generation37 is:251585.000000
[Genetic Algorithm] Champion fitness of generation38 is:251585.000000
[Genetic Algorithm] Champion fitness of generation39 is:247713.000000
[Genetic Algorithm] Champion fitness of generation40 is:247713.000000
[Genetic Algorithm] Champion fitness of generation41 is:244873.000000
[Genetic Algorithm] Champion fitness of generation42 is:228516.000000
[Genetic Algorithm] Champion fitness of generation43 is:228516.000000
[Genetic Algorithm] Champion fitness of generation44 is:228516.000000
[Genetic Algorithm] Champion fitness of generation45 is:228516.000000
[Genetic Algorithm] Champion fitness of generation46 is:227874.000000
[Genetic Algorithm] Champion fitness of generation47 is:216478.000000
[Genetic Algorithm] Champion fitness of generation48 is:205731.000000
[Genetic Algorithm] Champion fitness of generation49 is:205731.000000
[Genetic Algorithm] Champion fitness of generation50 is:205731.000000
[Genetic Algorithm] Champion fitness of generation51 is:205558.000000
[Genetic Algorithm] Champion fitness of generation52 is:205558.000000
[Genetic Algorithm] Champion fitness of generation53 is:205558.000000
[Genetic Algorithm] Champion fitness of generation54 is:205558.000000
[Genetic Algorithm] Champion fitness of generation55 is:205558.000000
[Genetic Algorithm] Champion fitness of generation56 is:205558.000000
[Genetic Algorithm] Champion fitness of generation57 is:195780.000000
[Genetic Algorithm] Champion fitness of generation58 is:195780.000000
[Genetic Algorithm] Champion fitness of generation59 is:195780.000000
[Genetic Algorithm] Champion fitness of generation60 is:195780.000000
[Genetic Algorithm] Fitness of the Champion of Natural Selection over 60 generations is:180782.000000

 	best_val is 180782.000000

----------------------------------------------------------------------------------------------
Took 611.444741 seconds 

	It is a tour!
