../../tsp -generate_random 500 -time_limit 600 -genetic_algorithm 1 2 -seed 9 


available parameters (vers. 21-Apr-2024) --------------------------------------------------
-file <input_file> NULL
-time_limit <timelimit> 600.000000
-generate_random <nnodes> 500
-seed <random_seed> 9

ALGORITHMS:
-greedy <starting_mode> -1 <grasp_mode> -1
-extra_mileage <starting_mode> -1
-two_opt
-VNS <kick_neighborhood> -1
-SA <iterations> -1
-tabu_search <tenure_mode> -1 <aspiration> -1
-genetic_algorithm <repair_mode> 1 <cutting_type> 1
-tsp_opt <model_type> -1
-hard_fixing <probability> -1.000000
-local_branching <branching_constraint> -1

enter -help or --help for help
----------------------------------------------------------------------------------------------


_________________________________________________________
Genetic Alghorithm:

[Genetic Algorithm] Champion fitness of generation1 is:1945370.000000
[Genetic Algorithm] Champion fitness of generation2 is:1634771.000000
[Genetic Algorithm] Champion fitness of generation3 is:1407611.000000
[Genetic Algorithm] Champion fitness of generation4 is:1352943.000000
[Genetic Algorithm] Champion fitness of generation5 is:1230364.000000
[Genetic Algorithm] Champion fitness of generation6 is:1124363.000000
[Genetic Algorithm] Champion fitness of generation7 is:1007463.000000
[Genetic Algorithm] Champion fitness of generation8 is:926379.000000
[Genetic Algorithm] Champion fitness of generation9 is:908263.000000
[Genetic Algorithm] Champion fitness of generation10 is:869647.000000
[Genetic Algorithm] Champion fitness of generation11 is:812614.000000
[Genetic Algorithm] Champion fitness of generation12 is:742550.000000
[Genetic Algorithm] Champion fitness of generation13 is:721306.000000
[Genetic Algorithm] Champion fitness of generation14 is:678685.000000
[Genetic Algorithm] Champion fitness of generation15 is:659408.000000
[Genetic Algorithm] Champion fitness of generation16 is:634497.000000
[Genetic Algorithm] Champion fitness of generation17 is:603880.000000
[Genetic Algorithm] Champion fitness of generation18 is:565255.000000
[Genetic Algorithm] Champion fitness of generation19 is:548151.000000
[Genetic Algorithm] Champion fitness of generation20 is:526860.000000
[Genetic Algorithm] Champion fitness of generation21 is:497805.000000
[Genetic Algorithm] Champion fitness of generation22 is:486829.000000
[Genetic Algorithm] Champion fitness of generation23 is:473238.000000
[Genetic Algorithm] Champion fitness of generation24 is:457014.000000
[Genetic Algorithm] Champion fitness of generation25 is:444221.000000
[Genetic Algorithm] Champion fitness of generation26 is:420846.000000
[Genetic Algorithm] Champion fitness of generation27 is:406870.000000
[Genetic Algorithm] Champion fitness of generation28 is:399248.000000
[Genetic Algorithm] Champion fitness of generation29 is:394725.000000
[Genetic Algorithm] Champion fitness of generation30 is:385316.000000
[Genetic Algorithm] Champion fitness of generation31 is:378878.000000
[Genetic Algorithm] Champion fitness of generation32 is:372211.000000
[Genetic Algorithm] Champion fitness of generation33 is:362817.000000
[Genetic Algorithm] Champion fitness of generation34 is:342984.000000
[Genetic Algorithm] Champion fitness of generation35 is:329958.000000
[Genetic Algorithm] Champion fitness of generation36 is:329958.000000
[Genetic Algorithm] Champion fitness of generation37 is:329958.000000
[Genetic Algorithm] Champion fitness of generation38 is:326312.000000
[Genetic Algorithm] Champion fitness of generation39 is:326312.000000
[Genetic Algorithm] Champion fitness of generation40 is:311931.000000
[Genetic Algorithm] Champion fitness of generation41 is:311931.000000
[Genetic Algorithm] Champion fitness of generation42 is:311931.000000
[Genetic Algorithm] Champion fitness of generation43 is:303341.000000
[Genetic Algorithm] Champion fitness of generation44 is:292572.000000
[Genetic Algorithm] Champion fitness of generation45 is:292572.000000
[Genetic Algorithm] Champion fitness of generation46 is:292572.000000
[Genetic Algorithm] Champion fitness of generation47 is:285755.000000
[Genetic Algorithm] Champion fitness of generation48 is:285755.000000
[Genetic Algorithm] Champion fitness of generation49 is:285755.000000
[Genetic Algorithm] Champion fitness of generation50 is:285755.000000
[Genetic Algorithm] Champion fitness of generation51 is:276613.000000
[Genetic Algorithm] Champion fitness of generation52 is:276613.000000
[Genetic Algorithm] Fitness of the Champion of Natural Selection over 52 generations is:181739.000000

 	best_val is 181739.000000

----------------------------------------------------------------------------------------------
Took 602.440197 seconds 

	It is a tour!
