../../tsp -generate_random 500 -time_limit 600 -genetic_algorithm 1 1 -seed 3 


available parameters (vers. 21-Apr-2024) --------------------------------------------------
-file <input_file> NULL
-time_limit <timelimit> 600.000000
-generate_random <nnodes> 500
-seed <random_seed> 3

ALGORITHMS:
-greedy <starting_mode> -1 <grasp_mode> -1
-extra_mileage <starting_mode> -1
-two_opt
-VNS <kick_neighborhood> -1
-SA <iterations> -1
-tabu_search <tenure_mode> -1 <aspiration> -1
-genetic_algorithm <repair_mode> 1 <cutting_type> 1
-tsp_opt <model_type> -1
-hard_fixing <probability> -1.000000
-local_branching <branching_constraint> -1

enter -help or --help for help
----------------------------------------------------------------------------------------------


_________________________________________________________
Genetic Alghorithm:

[Genetic Algorithm] Champion fitness of generation1 is:1796384.000000
[Genetic Algorithm] Champion fitness of generation2 is:1673440.000000
[Genetic Algorithm] Champion fitness of generation3 is:1333802.000000
[Genetic Algorithm] Champion fitness of generation4 is:1196233.000000
[Genetic Algorithm] Champion fitness of generation5 is:1043335.000000
[Genetic Algorithm] Champion fitness of generation6 is:1012520.000000
[Genetic Algorithm] Champion fitness of generation7 is:939501.000000
[Genetic Algorithm] Champion fitness of generation8 is:797974.000000
[Genetic Algorithm] Champion fitness of generation9 is:797974.000000
[Genetic Algorithm] Champion fitness of generation10 is:797974.000000
[Genetic Algorithm] Champion fitness of generation11 is:700324.000000
[Genetic Algorithm] Champion fitness of generation12 is:609091.000000
[Genetic Algorithm] Champion fitness of generation13 is:609091.000000
[Genetic Algorithm] Champion fitness of generation14 is:572237.000000
[Genetic Algorithm] Champion fitness of generation15 is:572237.000000
[Genetic Algorithm] Champion fitness of generation16 is:533940.000000
[Genetic Algorithm] Champion fitness of generation17 is:516552.000000
[Genetic Algorithm] Champion fitness of generation18 is:516552.000000
[Genetic Algorithm] Champion fitness of generation19 is:470745.000000
[Genetic Algorithm] Champion fitness of generation20 is:411090.000000
[Genetic Algorithm] Champion fitness of generation21 is:345829.000000
[Genetic Algorithm] Champion fitness of generation22 is:345829.000000
[Genetic Algorithm] Champion fitness of generation23 is:305905.000000
[Genetic Algorithm] Champion fitness of generation24 is:303033.000000
[Genetic Algorithm] Champion fitness of generation25 is:303033.000000
[Genetic Algorithm] Champion fitness of generation26 is:303033.000000
[Genetic Algorithm] Champion fitness of generation27 is:303033.000000
[Genetic Algorithm] Champion fitness of generation28 is:266979.000000
[Genetic Algorithm] Champion fitness of generation29 is:257832.000000
[Genetic Algorithm] Champion fitness of generation30 is:257832.000000
[Genetic Algorithm] Champion fitness of generation31 is:253879.000000
[Genetic Algorithm] Champion fitness of generation32 is:250285.000000
[Genetic Algorithm] Champion fitness of generation33 is:249578.000000
[Genetic Algorithm] Champion fitness of generation34 is:243261.000000
[Genetic Algorithm] Champion fitness of generation35 is:239432.000000
[Genetic Algorithm] Champion fitness of generation36 is:225222.000000
[Genetic Algorithm] Champion fitness of generation37 is:214826.000000
[Genetic Algorithm] Champion fitness of generation38 is:214127.000000
[Genetic Algorithm] Champion fitness of generation39 is:213110.000000
[Genetic Algorithm] Champion fitness of generation40 is:205085.000000
[Genetic Algorithm] Champion fitness of generation41 is:205085.000000
[Genetic Algorithm] Champion fitness of generation42 is:202557.000000
[Genetic Algorithm] Champion fitness of generation43 is:202557.000000
[Genetic Algorithm] Champion fitness of generation44 is:200744.000000
[Genetic Algorithm] Champion fitness of generation45 is:200515.000000
[Genetic Algorithm] Champion fitness of generation46 is:200515.000000
[Genetic Algorithm] Champion fitness of generation47 is:200515.000000
[Genetic Algorithm] Champion fitness of generation48 is:200515.000000
[Genetic Algorithm] Champion fitness of generation49 is:196874.000000
[Genetic Algorithm] Champion fitness of generation50 is:196874.000000
[Genetic Algorithm] Champion fitness of generation51 is:195043.000000
[Genetic Algorithm] Champion fitness of generation52 is:195043.000000
[Genetic Algorithm] Champion fitness of generation53 is:195043.000000
[Genetic Algorithm] Fitness of the Champion of Natural Selection over 53 generations is:186065.000000

 	best_val is 186065.000000

----------------------------------------------------------------------------------------------
Took 615.138336 seconds 

	It is a tour!
