../../tsp -generate_random 500 -time_limit 600 -genetic_algorithm 1 2 -seed 3 


available parameters (vers. 21-Apr-2024) --------------------------------------------------
-file <input_file> NULL
-time_limit <timelimit> 600.000000
-generate_random <nnodes> 500
-seed <random_seed> 3

ALGORITHMS:
-greedy <starting_mode> -1 <grasp_mode> -1
-extra_mileage <starting_mode> -1
-two_opt
-VNS <kick_neighborhood> -1
-SA <iterations> -1
-tabu_search <tenure_mode> -1 <aspiration> -1
-genetic_algorithm <repair_mode> 1 <cutting_type> 1
-tsp_opt <model_type> -1
-hard_fixing <probability> -1.000000
-local_branching <branching_constraint> -1

enter -help or --help for help
----------------------------------------------------------------------------------------------


_________________________________________________________
Genetic Alghorithm:

[Genetic Algorithm] Champion fitness of generation1 is:1963160.000000
[Genetic Algorithm] Champion fitness of generation2 is:1634562.000000
[Genetic Algorithm] Champion fitness of generation3 is:1460858.000000
[Genetic Algorithm] Champion fitness of generation4 is:1303807.000000
[Genetic Algorithm] Champion fitness of generation5 is:1211576.000000
[Genetic Algorithm] Champion fitness of generation6 is:1121837.000000
[Genetic Algorithm] Champion fitness of generation7 is:1056718.000000
[Genetic Algorithm] Champion fitness of generation8 is:983669.000000
[Genetic Algorithm] Champion fitness of generation9 is:933158.000000
[Genetic Algorithm] Champion fitness of generation10 is:842846.000000
[Genetic Algorithm] Champion fitness of generation11 is:819565.000000
[Genetic Algorithm] Champion fitness of generation12 is:768370.000000
[Genetic Algorithm] Champion fitness of generation13 is:739709.000000
[Genetic Algorithm] Champion fitness of generation14 is:672977.000000
[Genetic Algorithm] Champion fitness of generation15 is:624309.000000
[Genetic Algorithm] Champion fitness of generation16 is:624309.000000
[Genetic Algorithm] Champion fitness of generation17 is:589733.000000
[Genetic Algorithm] Champion fitness of generation18 is:564660.000000
[Genetic Algorithm] Champion fitness of generation19 is:542790.000000
[Genetic Algorithm] Champion fitness of generation20 is:539537.000000
[Genetic Algorithm] Champion fitness of generation21 is:515340.000000
[Genetic Algorithm] Champion fitness of generation22 is:498343.000000
[Genetic Algorithm] Champion fitness of generation23 is:472625.000000
[Genetic Algorithm] Champion fitness of generation24 is:470942.000000
[Genetic Algorithm] Champion fitness of generation25 is:454204.000000
[Genetic Algorithm] Champion fitness of generation26 is:426904.000000
[Genetic Algorithm] Champion fitness of generation27 is:422586.000000
[Genetic Algorithm] Champion fitness of generation28 is:403835.000000
[Genetic Algorithm] Champion fitness of generation29 is:394312.000000
[Genetic Algorithm] Champion fitness of generation30 is:388462.000000
[Genetic Algorithm] Champion fitness of generation31 is:378028.000000
[Genetic Algorithm] Champion fitness of generation32 is:366625.000000
[Genetic Algorithm] Champion fitness of generation33 is:366625.000000
[Genetic Algorithm] Champion fitness of generation34 is:363059.000000
[Genetic Algorithm] Champion fitness of generation35 is:350987.000000
[Genetic Algorithm] Champion fitness of generation36 is:350987.000000
[Genetic Algorithm] Champion fitness of generation37 is:334848.000000
[Genetic Algorithm] Champion fitness of generation38 is:334848.000000
[Genetic Algorithm] Champion fitness of generation39 is:334848.000000
[Genetic Algorithm] Champion fitness of generation40 is:328667.000000
[Genetic Algorithm] Champion fitness of generation41 is:328667.000000
[Genetic Algorithm] Champion fitness of generation42 is:320220.000000
[Genetic Algorithm] Champion fitness of generation43 is:320220.000000
[Genetic Algorithm] Champion fitness of generation44 is:317080.000000
[Genetic Algorithm] Champion fitness of generation45 is:316575.000000
[Genetic Algorithm] Champion fitness of generation46 is:307812.000000
[Genetic Algorithm] Champion fitness of generation47 is:307812.000000
[Genetic Algorithm] Champion fitness of generation48 is:307812.000000
[Genetic Algorithm] Champion fitness of generation49 is:301615.000000
[Genetic Algorithm] Champion fitness of generation50 is:300303.000000
[Genetic Algorithm] Champion fitness of generation51 is:300303.000000
[Genetic Algorithm] Champion fitness of generation52 is:296571.000000
[Genetic Algorithm] Champion fitness of generation53 is:296571.000000
[Genetic Algorithm] Champion fitness of generation54 is:293324.000000
[Genetic Algorithm] Champion fitness of generation55 is:293324.000000
[Genetic Algorithm] Fitness of the Champion of Natural Selection over 55 generations is:183046.000000

 	best_val is 183046.000000

----------------------------------------------------------------------------------------------
Took 600.942338 seconds 

	It is a tour!
