../../tsp -generate_random 500 -time_limit 600 -genetic_algorithm 1 0 -seed 7 


available parameters (vers. 21-Apr-2024) --------------------------------------------------
-file <input_file> NULL
-time_limit <timelimit> 600.000000
-generate_random <nnodes> 500
-seed <random_seed> 7

ALGORITHMS:
-greedy <starting_mode> -1 <grasp_mode> -1
-extra_mileage <starting_mode> -1
-two_opt
-VNS <kick_neighborhood> -1
-SA <iterations> -1
-tabu_search <tenure_mode> -1 <aspiration> -1
-genetic_algorithm <repair_mode> 1 <cutting_type> 1
-tsp_opt <model_type> -1
-hard_fixing <probability> -1.000000
-local_branching <branching_constraint> -1

enter -help or --help for help
----------------------------------------------------------------------------------------------


_________________________________________________________
Genetic Alghorithm:

[Genetic Algorithm] Champion fitness of generation1 is:1704908.000000
[Genetic Algorithm] Champion fitness of generation2 is:1302347.000000
[Genetic Algorithm] Champion fitness of generation3 is:1081515.000000
[Genetic Algorithm] Champion fitness of generation4 is:937262.000000
[Genetic Algorithm] Champion fitness of generation5 is:816846.000000
[Genetic Algorithm] Champion fitness of generation6 is:735445.000000
[Genetic Algorithm] Champion fitness of generation7 is:658169.000000
[Genetic Algorithm] Champion fitness of generation8 is:592596.000000
[Genetic Algorithm] Champion fitness of generation9 is:542222.000000
[Genetic Algorithm] Champion fitness of generation10 is:450601.000000
[Genetic Algorithm] Champion fitness of generation11 is:425876.000000
[Genetic Algorithm] Champion fitness of generation12 is:387847.000000
[Genetic Algorithm] Champion fitness of generation13 is:380673.000000
[Genetic Algorithm] Champion fitness of generation14 is:370336.000000
[Genetic Algorithm] Champion fitness of generation15 is:340450.000000
[Genetic Algorithm] Champion fitness of generation16 is:324768.000000
[Genetic Algorithm] Champion fitness of generation17 is:313949.000000
[Genetic Algorithm] Champion fitness of generation18 is:306821.000000
[Genetic Algorithm] Champion fitness of generation19 is:293295.000000
[Genetic Algorithm] Champion fitness of generation20 is:293295.000000
[Genetic Algorithm] Champion fitness of generation21 is:291283.000000
[Genetic Algorithm] Champion fitness of generation22 is:274871.000000
[Genetic Algorithm] Champion fitness of generation23 is:274525.000000
[Genetic Algorithm] Champion fitness of generation24 is:270031.000000
[Genetic Algorithm] Champion fitness of generation25 is:248234.000000
[Genetic Algorithm] Champion fitness of generation26 is:248234.000000
[Genetic Algorithm] Champion fitness of generation27 is:246835.000000
[Genetic Algorithm] Champion fitness of generation28 is:244918.000000
[Genetic Algorithm] Champion fitness of generation29 is:236014.000000
[Genetic Algorithm] Champion fitness of generation30 is:236014.000000
[Genetic Algorithm] Champion fitness of generation31 is:236014.000000
[Genetic Algorithm] Champion fitness of generation32 is:235403.000000
[Genetic Algorithm] Champion fitness of generation33 is:233575.000000
[Genetic Algorithm] Champion fitness of generation34 is:231033.000000
[Genetic Algorithm] Champion fitness of generation35 is:229957.000000
[Genetic Algorithm] Fitness of the Champion of Natural Selection over 35 generations is:188307.000000

 	best_val is 188307.000000

----------------------------------------------------------------------------------------------
Took 605.861770 seconds 

	It is a tour!
