../../tsp -generate_random 500 -time_limit 600 -genetic_algorithm 1 2 -seed 2 


available parameters (vers. 21-Apr-2024) --------------------------------------------------
-file <input_file> NULL
-time_limit <timelimit> 600.000000
-generate_random <nnodes> 500
-seed <random_seed> 2

ALGORITHMS:
-greedy <starting_mode> -1 <grasp_mode> -1
-extra_mileage <starting_mode> -1
-two_opt
-VNS <kick_neighborhood> -1
-SA <iterations> -1
-tabu_search <tenure_mode> -1 <aspiration> -1
-genetic_algorithm <repair_mode> 1 <cutting_type> 1
-tsp_opt <model_type> -1
-hard_fixing <probability> -1.000000
-local_branching <branching_constraint> -1

enter -help or --help for help
----------------------------------------------------------------------------------------------


_________________________________________________________
Genetic Alghorithm:

[Genetic Algorithm] Champion fitness of generation1 is:1980445.000000
[Genetic Algorithm] Champion fitness of generation2 is:1652554.000000
[Genetic Algorithm] Champion fitness of generation3 is:1454710.000000
[Genetic Algorithm] Champion fitness of generation4 is:1322888.000000
[Genetic Algorithm] Champion fitness of generation5 is:1205946.000000
[Genetic Algorithm] Champion fitness of generation6 is:1062468.000000
[Genetic Algorithm] Champion fitness of generation7 is:1030544.000000
[Genetic Algorithm] Champion fitness of generation8 is:1006132.000000
[Genetic Algorithm] Champion fitness of generation9 is:913043.000000
[Genetic Algorithm] Champion fitness of generation10 is:893370.000000
[Genetic Algorithm] Champion fitness of generation11 is:816660.000000
[Genetic Algorithm] Champion fitness of generation12 is:776146.000000
[Genetic Algorithm] Champion fitness of generation13 is:748610.000000
[Genetic Algorithm] Champion fitness of generation14 is:699576.000000
[Genetic Algorithm] Champion fitness of generation15 is:684364.000000
[Genetic Algorithm] Champion fitness of generation16 is:648416.000000
[Genetic Algorithm] Champion fitness of generation17 is:594119.000000
[Genetic Algorithm] Champion fitness of generation18 is:594119.000000
[Genetic Algorithm] Champion fitness of generation19 is:551172.000000
[Genetic Algorithm] Champion fitness of generation20 is:519956.000000
[Genetic Algorithm] Champion fitness of generation21 is:507195.000000
[Genetic Algorithm] Champion fitness of generation22 is:497871.000000
[Genetic Algorithm] Champion fitness of generation23 is:468170.000000
[Genetic Algorithm] Champion fitness of generation24 is:455678.000000
[Genetic Algorithm] Champion fitness of generation25 is:441796.000000
[Genetic Algorithm] Champion fitness of generation26 is:417088.000000
[Genetic Algorithm] Champion fitness of generation27 is:417088.000000
[Genetic Algorithm] Champion fitness of generation28 is:401198.000000
[Genetic Algorithm] Champion fitness of generation29 is:387364.000000
[Genetic Algorithm] Champion fitness of generation30 is:387364.000000
[Genetic Algorithm] Champion fitness of generation31 is:376678.000000
[Genetic Algorithm] Champion fitness of generation32 is:376678.000000
[Genetic Algorithm] Champion fitness of generation33 is:364342.000000
[Genetic Algorithm] Champion fitness of generation34 is:363764.000000
[Genetic Algorithm] Champion fitness of generation35 is:348836.000000
[Genetic Algorithm] Champion fitness of generation36 is:342599.000000
[Genetic Algorithm] Champion fitness of generation37 is:342599.000000
[Genetic Algorithm] Champion fitness of generation38 is:339502.000000
[Genetic Algorithm] Champion fitness of generation39 is:336709.000000
[Genetic Algorithm] Champion fitness of generation40 is:325126.000000
[Genetic Algorithm] Champion fitness of generation41 is:325126.000000
[Genetic Algorithm] Champion fitness of generation42 is:323287.000000
[Genetic Algorithm] Champion fitness of generation43 is:322696.000000
[Genetic Algorithm] Champion fitness of generation44 is:321471.000000
[Genetic Algorithm] Champion fitness of generation45 is:321408.000000
[Genetic Algorithm] Champion fitness of generation46 is:307638.000000
[Genetic Algorithm] Champion fitness of generation47 is:307264.000000
[Genetic Algorithm] Fitness of the Champion of Natural Selection over 47 generations is:183184.000000

 	best_val is 183184.000000

----------------------------------------------------------------------------------------------
Took 602.312343 seconds 

	It is a tour!
