../../tsp -generate_random 500 -time_limit 600 -genetic_algorithm 1 2 -seed 5 


available parameters (vers. 21-Apr-2024) --------------------------------------------------
-file <input_file> NULL
-time_limit <timelimit> 600.000000
-generate_random <nnodes> 500
-seed <random_seed> 5

ALGORITHMS:
-greedy <starting_mode> -1 <grasp_mode> -1
-extra_mileage <starting_mode> -1
-two_opt
-VNS <kick_neighborhood> -1
-SA <iterations> -1
-tabu_search <tenure_mode> -1 <aspiration> -1
-genetic_algorithm <repair_mode> 1 <cutting_type> 1
-tsp_opt <model_type> -1
-hard_fixing <probability> -1.000000
-local_branching <branching_constraint> -1

enter -help or --help for help
----------------------------------------------------------------------------------------------


_________________________________________________________
Genetic Alghorithm:

[Genetic Algorithm] Champion fitness of generation1 is:1982142.000000
[Genetic Algorithm] Champion fitness of generation2 is:1631842.000000
[Genetic Algorithm] Champion fitness of generation3 is:1489391.000000
[Genetic Algorithm] Champion fitness of generation4 is:1270255.000000
[Genetic Algorithm] Champion fitness of generation5 is:1203250.000000
[Genetic Algorithm] Champion fitness of generation6 is:1082043.000000
[Genetic Algorithm] Champion fitness of generation7 is:1032249.000000
[Genetic Algorithm] Champion fitness of generation8 is:987079.000000
[Genetic Algorithm] Champion fitness of generation9 is:908889.000000
[Genetic Algorithm] Champion fitness of generation10 is:824994.000000
[Genetic Algorithm] Champion fitness of generation11 is:815541.000000
[Genetic Algorithm] Champion fitness of generation12 is:763947.000000
[Genetic Algorithm] Champion fitness of generation13 is:695354.000000
[Genetic Algorithm] Champion fitness of generation14 is:695354.000000
[Genetic Algorithm] Champion fitness of generation15 is:654638.000000
[Genetic Algorithm] Champion fitness of generation16 is:607806.000000
[Genetic Algorithm] Champion fitness of generation17 is:584880.000000
[Genetic Algorithm] Champion fitness of generation18 is:577962.000000
[Genetic Algorithm] Champion fitness of generation19 is:523879.000000
[Genetic Algorithm] Champion fitness of generation20 is:520686.000000
[Genetic Algorithm] Champion fitness of generation21 is:500102.000000
[Genetic Algorithm] Champion fitness of generation22 is:500102.000000
[Genetic Algorithm] Champion fitness of generation23 is:465278.000000
[Genetic Algorithm] Champion fitness of generation24 is:458822.000000
[Genetic Algorithm] Champion fitness of generation25 is:443984.000000
[Genetic Algorithm] Champion fitness of generation26 is:421102.000000
[Genetic Algorithm] Champion fitness of generation27 is:421102.000000
[Genetic Algorithm] Champion fitness of generation28 is:414492.000000
[Genetic Algorithm] Champion fitness of generation29 is:405259.000000
[Genetic Algorithm] Champion fitness of generation30 is:392314.000000
[Genetic Algorithm] Champion fitness of generation31 is:382517.000000
[Genetic Algorithm] Champion fitness of generation32 is:355129.000000
[Genetic Algorithm] Champion fitness of generation33 is:355129.000000
[Genetic Algorithm] Champion fitness of generation34 is:355129.000000
[Genetic Algorithm] Champion fitness of generation35 is:345880.000000
[Genetic Algorithm] Champion fitness of generation36 is:343979.000000
[Genetic Algorithm] Champion fitness of generation37 is:343979.000000
[Genetic Algorithm] Champion fitness of generation38 is:333043.000000
[Genetic Algorithm] Champion fitness of generation39 is:319595.000000
[Genetic Algorithm] Champion fitness of generation40 is:315760.000000
[Genetic Algorithm] Champion fitness of generation41 is:315760.000000
[Genetic Algorithm] Champion fitness of generation42 is:310219.000000
[Genetic Algorithm] Champion fitness of generation43 is:310219.000000
[Genetic Algorithm] Champion fitness of generation44 is:303326.000000
[Genetic Algorithm] Champion fitness of generation45 is:295184.000000
[Genetic Algorithm] Champion fitness of generation46 is:295184.000000
[Genetic Algorithm] Champion fitness of generation47 is:294701.000000
[Genetic Algorithm] Champion fitness of generation48 is:294701.000000
[Genetic Algorithm] Champion fitness of generation49 is:294701.000000
[Genetic Algorithm] Champion fitness of generation50 is:286656.000000
[Genetic Algorithm] Champion fitness of generation51 is:286656.000000
[Genetic Algorithm] Champion fitness of generation52 is:277066.000000
[Genetic Algorithm] Champion fitness of generation53 is:277048.000000
[Genetic Algorithm] Fitness of the Champion of Natural Selection over 53 generations is:178075.000000

 	best_val is 178075.000000

----------------------------------------------------------------------------------------------
Took 607.251735 seconds 

	It is a tour!
