../../tsp -generate_random 500 -time_limit 600 -genetic_algorithm 1 1 -seed 2 


available parameters (vers. 21-Apr-2024) --------------------------------------------------
-file <input_file> NULL
-time_limit <timelimit> 600.000000
-generate_random <nnodes> 500
-seed <random_seed> 2

ALGORITHMS:
-greedy <starting_mode> -1 <grasp_mode> -1
-extra_mileage <starting_mode> -1
-two_opt
-VNS <kick_neighborhood> -1
-SA <iterations> -1
-tabu_search <tenure_mode> -1 <aspiration> -1
-genetic_algorithm <repair_mode> 1 <cutting_type> 1
-tsp_opt <model_type> -1
-hard_fixing <probability> -1.000000
-local_branching <branching_constraint> -1

enter -help or --help for help
----------------------------------------------------------------------------------------------


_________________________________________________________
Genetic Alghorithm:

[Genetic Algorithm] Champion fitness of generation1 is:2149529.000000
[Genetic Algorithm] Champion fitness of generation2 is:1623490.000000
[Genetic Algorithm] Champion fitness of generation3 is:1413891.000000
[Genetic Algorithm] Champion fitness of generation4 is:1118814.000000
[Genetic Algorithm] Champion fitness of generation5 is:1115058.000000
[Genetic Algorithm] Champion fitness of generation6 is:982783.000000
[Genetic Algorithm] Champion fitness of generation7 is:951256.000000
[Genetic Algorithm] Champion fitness of generation8 is:871363.000000
[Genetic Algorithm] Champion fitness of generation9 is:763962.000000
[Genetic Algorithm] Champion fitness of generation10 is:655484.000000
[Genetic Algorithm] Champion fitness of generation11 is:655484.000000
[Genetic Algorithm] Champion fitness of generation12 is:608570.000000
[Genetic Algorithm] Champion fitness of generation13 is:591483.000000
[Genetic Algorithm] Champion fitness of generation14 is:591483.000000
[Genetic Algorithm] Champion fitness of generation15 is:558647.000000
[Genetic Algorithm] Champion fitness of generation16 is:496422.000000
[Genetic Algorithm] Champion fitness of generation17 is:441300.000000
[Genetic Algorithm] Champion fitness of generation18 is:441300.000000
[Genetic Algorithm] Champion fitness of generation19 is:407986.000000
[Genetic Algorithm] Champion fitness of generation20 is:407986.000000
[Genetic Algorithm] Champion fitness of generation21 is:387274.000000
[Genetic Algorithm] Champion fitness of generation22 is:373341.000000
[Genetic Algorithm] Champion fitness of generation23 is:373341.000000
[Genetic Algorithm] Champion fitness of generation24 is:359655.000000
[Genetic Algorithm] Champion fitness of generation25 is:330335.000000
[Genetic Algorithm] Champion fitness of generation26 is:292250.000000
[Genetic Algorithm] Champion fitness of generation27 is:292250.000000
[Genetic Algorithm] Champion fitness of generation28 is:292250.000000
[Genetic Algorithm] Champion fitness of generation29 is:280059.000000
[Genetic Algorithm] Champion fitness of generation30 is:276811.000000
[Genetic Algorithm] Champion fitness of generation31 is:271124.000000
[Genetic Algorithm] Champion fitness of generation32 is:271124.000000
[Genetic Algorithm] Champion fitness of generation33 is:271124.000000
[Genetic Algorithm] Champion fitness of generation34 is:271124.000000
[Genetic Algorithm] Champion fitness of generation35 is:271124.000000
[Genetic Algorithm] Champion fitness of generation36 is:265134.000000
[Genetic Algorithm] Champion fitness of generation37 is:265134.000000
[Genetic Algorithm] Champion fitness of generation38 is:241449.000000
[Genetic Algorithm] Champion fitness of generation39 is:241449.000000
[Genetic Algorithm] Champion fitness of generation40 is:217608.000000
[Genetic Algorithm] Champion fitness of generation41 is:217608.000000
[Genetic Algorithm] Champion fitness of generation42 is:217608.000000
[Genetic Algorithm] Champion fitness of generation43 is:217608.000000
[Genetic Algorithm] Champion fitness of generation44 is:217608.000000
[Genetic Algorithm] Champion fitness of generation45 is:208204.000000
[Genetic Algorithm] Champion fitness of generation46 is:208204.000000
[Genetic Algorithm] Champion fitness of generation47 is:207199.000000
[Genetic Algorithm] Champion fitness of generation48 is:207199.000000
[Genetic Algorithm] Champion fitness of generation49 is:207199.000000
[Genetic Algorithm] Champion fitness of generation50 is:207199.000000
[Genetic Algorithm] Champion fitness of generation51 is:207199.000000
[Genetic Algorithm] Fitness of the Champion of Natural Selection over 51 generations is:182920.000000

 	best_val is 182920.000000

----------------------------------------------------------------------------------------------
Took 611.908817 seconds 

	It is a tour!
