../../tsp -generate_random 500 -time_limit 600 -genetic_algorithm 1 1 -seed 8 


available parameters (vers. 21-Apr-2024) --------------------------------------------------
-file <input_file> NULL
-time_limit <timelimit> 600.000000
-generate_random <nnodes> 500
-seed <random_seed> 8

ALGORITHMS:
-greedy <starting_mode> -1 <grasp_mode> -1
-extra_mileage <starting_mode> -1
-two_opt
-VNS <kick_neighborhood> -1
-SA <iterations> -1
-tabu_search <tenure_mode> -1 <aspiration> -1
-genetic_algorithm <repair_mode> 1 <cutting_type> 1
-tsp_opt <model_type> -1
-hard_fixing <probability> -1.000000
-local_branching <branching_constraint> -1

enter -help or --help for help
----------------------------------------------------------------------------------------------


_________________________________________________________
Genetic Alghorithm:

[Genetic Algorithm] Champion fitness of generation1 is:1959440.000000
[Genetic Algorithm] Champion fitness of generation2 is:1532942.000000
[Genetic Algorithm] Champion fitness of generation3 is:1207418.000000
[Genetic Algorithm] Champion fitness of generation4 is:1198396.000000
[Genetic Algorithm] Champion fitness of generation5 is:1198396.000000
[Genetic Algorithm] Champion fitness of generation6 is:1056429.000000
[Genetic Algorithm] Champion fitness of generation7 is:945891.000000
[Genetic Algorithm] Champion fitness of generation8 is:789278.000000
[Genetic Algorithm] Champion fitness of generation9 is:741291.000000
[Genetic Algorithm] Champion fitness of generation10 is:741291.000000
[Genetic Algorithm] Champion fitness of generation11 is:625773.000000
[Genetic Algorithm] Champion fitness of generation12 is:625773.000000
[Genetic Algorithm] Champion fitness of generation13 is:572285.000000
[Genetic Algorithm] Champion fitness of generation14 is:572285.000000
[Genetic Algorithm] Champion fitness of generation15 is:506377.000000
[Genetic Algorithm] Champion fitness of generation16 is:483049.000000
[Genetic Algorithm] Champion fitness of generation17 is:452095.000000
[Genetic Algorithm] Champion fitness of generation18 is:452095.000000
[Genetic Algorithm] Champion fitness of generation19 is:452095.000000
[Genetic Algorithm] Champion fitness of generation20 is:389317.000000
[Genetic Algorithm] Champion fitness of generation21 is:375044.000000
[Genetic Algorithm] Champion fitness of generation22 is:363773.000000
[Genetic Algorithm] Champion fitness of generation23 is:343543.000000
[Genetic Algorithm] Champion fitness of generation24 is:340242.000000
[Genetic Algorithm] Champion fitness of generation25 is:327655.000000
[Genetic Algorithm] Champion fitness of generation26 is:292056.000000
[Genetic Algorithm] Champion fitness of generation27 is:272320.000000
[Genetic Algorithm] Champion fitness of generation28 is:256723.000000
[Genetic Algorithm] Champion fitness of generation29 is:237485.000000
[Genetic Algorithm] Champion fitness of generation30 is:237485.000000
[Genetic Algorithm] Champion fitness of generation31 is:217978.000000
[Genetic Algorithm] Champion fitness of generation32 is:217978.000000
[Genetic Algorithm] Champion fitness of generation33 is:212709.000000
[Genetic Algorithm] Champion fitness of generation34 is:212709.000000
[Genetic Algorithm] Champion fitness of generation35 is:212709.000000
[Genetic Algorithm] Champion fitness of generation36 is:212709.000000
[Genetic Algorithm] Champion fitness of generation37 is:205766.000000
[Genetic Algorithm] Champion fitness of generation38 is:205766.000000
[Genetic Algorithm] Champion fitness of generation39 is:205766.000000
[Genetic Algorithm] Champion fitness of generation40 is:201942.000000
[Genetic Algorithm] Champion fitness of generation41 is:200823.000000
[Genetic Algorithm] Champion fitness of generation42 is:199229.000000
[Genetic Algorithm] Champion fitness of generation43 is:199229.000000
[Genetic Algorithm] Champion fitness of generation44 is:199229.000000
[Genetic Algorithm] Champion fitness of generation45 is:199229.000000
[Genetic Algorithm] Champion fitness of generation46 is:199229.000000
[Genetic Algorithm] Champion fitness of generation47 is:199229.000000
[Genetic Algorithm] Champion fitness of generation48 is:199229.000000
[Genetic Algorithm] Champion fitness of generation49 is:199229.000000
[Genetic Algorithm] Champion fitness of generation50 is:196694.000000
[Genetic Algorithm] Champion fitness of generation51 is:189109.000000
[Genetic Algorithm] Fitness of the Champion of Natural Selection over 51 generations is:176336.000000

 	best_val is 176336.000000

----------------------------------------------------------------------------------------------
Took 610.273252 seconds 

	It is a tour!
