../../tsp -generate_random 500 -time_limit 600 -genetic_algorithm 1 0 -seed 6 


available parameters (vers. 21-Apr-2024) --------------------------------------------------
-file <input_file> NULL
-time_limit <timelimit> 600.000000
-generate_random <nnodes> 500
-seed <random_seed> 6

ALGORITHMS:
-greedy <starting_mode> -1 <grasp_mode> -1
-extra_mileage <starting_mode> -1
-two_opt
-VNS <kick_neighborhood> -1
-SA <iterations> -1
-tabu_search <tenure_mode> -1 <aspiration> -1
-genetic_algorithm <repair_mode> 1 <cutting_type> 1
-tsp_opt <model_type> -1
-hard_fixing <probability> -1.000000
-local_branching <branching_constraint> -1

enter -help or --help for help
----------------------------------------------------------------------------------------------


_________________________________________________________
Genetic Alghorithm:

[Genetic Algorithm] Champion fitness of generation1 is:1831871.000000
[Genetic Algorithm] Champion fitness of generation2 is:1400713.000000
[Genetic Algorithm] Champion fitness of generation3 is:1134092.000000
[Genetic Algorithm] Champion fitness of generation4 is:974626.000000
[Genetic Algorithm] Champion fitness of generation5 is:876278.000000
[Genetic Algorithm] Champion fitness of generation6 is:779154.000000
[Genetic Algorithm] Champion fitness of generation7 is:664654.000000
[Genetic Algorithm] Champion fitness of generation8 is:589695.000000
[Genetic Algorithm] Champion fitness of generation9 is:504428.000000
[Genetic Algorithm] Champion fitness of generation10 is:502435.000000
[Genetic Algorithm] Champion fitness of generation11 is:466522.000000
[Genetic Algorithm] Champion fitness of generation12 is:448789.000000
[Genetic Algorithm] Champion fitness of generation13 is:440720.000000
[Genetic Algorithm] Champion fitness of generation14 is:378163.000000
[Genetic Algorithm] Champion fitness of generation15 is:338034.000000
[Genetic Algorithm] Champion fitness of generation16 is:338034.000000
[Genetic Algorithm] Champion fitness of generation17 is:338034.000000
[Genetic Algorithm] Champion fitness of generation18 is:324585.000000
[Genetic Algorithm] Champion fitness of generation19 is:319232.000000
[Genetic Algorithm] Champion fitness of generation20 is:308080.000000
[Genetic Algorithm] Champion fitness of generation21 is:279861.000000
[Genetic Algorithm] Champion fitness of generation22 is:278935.000000
[Genetic Algorithm] Champion fitness of generation23 is:263993.000000
[Genetic Algorithm] Champion fitness of generation24 is:253521.000000
[Genetic Algorithm] Champion fitness of generation25 is:253306.000000
[Genetic Algorithm] Champion fitness of generation26 is:248029.000000
[Genetic Algorithm] Champion fitness of generation27 is:234886.000000
[Genetic Algorithm] Champion fitness of generation28 is:234047.000000
[Genetic Algorithm] Champion fitness of generation29 is:234047.000000
[Genetic Algorithm] Champion fitness of generation30 is:234047.000000
[Genetic Algorithm] Fitness of the Champion of Natural Selection over 30 generations is:181908.000000

 	best_val is 181908.000000

----------------------------------------------------------------------------------------------
Took 612.310164 seconds 

	It is a tour!
